Job launching after 18.23 seconds in submission.
Running python job.
Changed into dir /home/taz/fyp/product-taz/components/org.taz.core/src/main/python/autoencoder/experiments/App2_gcstate
Importing o.py
Running o.main()
I 2017-02-11 05:52:15 theanets.layers.base:371 layer Input "in": 1 inputs
I 2017-02-11 05:52:15 theanets.layers.base:207 layer LSTM "hid1": (in:out)1 -> 5, sigmoid, 155 parameters
I 2017-02-11 05:52:15 theanets.layers.base:207 layer LSTM "hid2": (hid1:out)5 -> 5, sigmoid, 235 parameters
I 2017-02-11 05:52:15 theanets.layers.base:207 layer Feedforward "out": (hid2:out)5 -> 1, linear, 6 parameters
I 2017-02-11 05:52:15 theanets.graph:94 network has 396 total parameters
stateit 0
it 3
I 2017-02-11 05:52:15 downhill.dataset:118 valid: 95 mini-batches from callable
I 2017-02-11 05:52:15 downhill.dataset:118 train: 283 mini-batches from callable
I 2017-02-11 05:52:15 theanets.graph:447 building computation graph
I 2017-02-11 05:52:15 theanets.losses:67 using loss: 1.0 * MeanSquaredError (output out:out)
I 2017-02-11 05:52:15 theanets.regularizers:711 regularizer: 0.377278268337 * GaussianNoise(('in:out',))
I 2017-02-11 05:52:30 downhill.base:389 -- patience = 5
I 2017-02-11 05:52:30 downhill.base:390 -- validate_every = 1
I 2017-02-11 05:52:30 downhill.base:391 -- max_updates = None
I 2017-02-11 05:52:30 downhill.base:392 -- min_improvement = 0.005
I 2017-02-11 05:52:30 downhill.base:393 -- max_gradient_norm = 0
I 2017-02-11 05:52:30 downhill.base:394 -- max_gradient_elem = 0
I 2017-02-11 05:52:30 downhill.base:395 -- learning_rate = 0.0001
I 2017-02-11 05:52:30 downhill.base:396 -- momentum = 0
I 2017-02-11 05:52:30 downhill.base:397 -- nesterov = True
I 2017-02-11 05:52:30 downhill.adaptive:220 -- rms_halflife = 14
I 2017-02-11 05:52:30 downhill.adaptive:221 -- rms_regularizer = 1e-08
I 2017-02-11 05:52:30 downhill.base:118 compiling evaluation function
I 2017-02-11 05:52:37 downhill.base:124 compiling RMSProp function
I 2017-02-11 05:55:33 downhill.base:232 validation 0 loss=1.115745 err=1.115745 *
I 2017-02-11 06:23:35 downhill.base:232 RMSProp 1 loss=0.602578 err=0.602578
I 2017-02-11 06:23:40 theanets.graph:626 /tmp/tmpCh5UBF.tmp: saved model
I 2017-02-11 06:23:41 theanets.graph:643 /tmp/tmpCh5UBF.tmp: loaded model
I 2017-02-11 06:26:39 downhill.base:232 validation 1 loss=0.258319 err=0.258319 *
I 2017-02-11 06:56:35 downhill.base:232 RMSProp 2 loss=0.247340 err=0.247340
I 2017-02-11 06:56:37 theanets.graph:626 /tmp/tmpn9ZZrZ.tmp: saved model
I 2017-02-11 06:56:37 theanets.graph:643 /tmp/tmpn9ZZrZ.tmp: loaded model
I 2017-02-11 06:59:37 downhill.base:232 validation 2 loss=0.238981 err=0.238981 *
I 2017-02-11 07:29:25 downhill.base:232 RMSProp 3 loss=0.210282 err=0.210282
I 2017-02-11 07:29:28 theanets.graph:626 /tmp/tmpQ2KBiK.tmp: saved model
I 2017-02-11 07:29:28 theanets.graph:643 /tmp/tmpQ2KBiK.tmp: loaded model
I 2017-02-11 07:29:29 theanets.graph:626 /tmp/tmpkxqcIy.tmp: saved model
I 2017-02-11 07:29:29 theanets.graph:643 /tmp/tmpkxqcIy.tmp: loaded model
Got result {'main': 0.2389811185966596}
Completed successfully in 5859.09 seconds. [{'main': 0.2389811185966596}]
