Job launching after 0.08 seconds in submission.
Running python job.
Changed into dir /home/taz/fyp/taz/experiments/gctime
Importing o.py
Running o.main()
gctime
gctime
gctime
gctime
I 2017-01-10 08:53:26 theanets.layers.base:371 layer Input "in": 1 inputs
I 2017-01-10 08:53:26 theanets.layers.base:207 layer LSTM "hid1": (in:out)1 -> 15, sigmoid, 1065 parameters
I 2017-01-10 08:53:26 theanets.layers.base:207 layer Feedforward "out": (hid1:out)15 -> 1, linear, 16 parameters
I 2017-01-10 08:53:26 theanets.graph:94 network has 1081 total parameters
stateit 0
it 7
I 2017-01-10 08:53:26 downhill.dataset:118 valid: 95 mini-batches from callable
I 2017-01-10 08:53:26 downhill.dataset:118 train: 283 mini-batches from callable
I 2017-01-10 08:53:26 theanets.graph:447 building computation graph
I 2017-01-10 08:53:26 theanets.losses:67 using loss: 1.0 * MeanSquaredError (output out:out)
I 2017-01-10 08:53:26 theanets.regularizers:711 regularizer: 5.24051177502 * GaussianNoise(('in:out',))
I 2017-01-10 08:53:42 downhill.base:389 -- patience = 5
I 2017-01-10 08:53:42 downhill.base:390 -- validate_every = 1
I 2017-01-10 08:53:42 downhill.base:391 -- max_updates = None
I 2017-01-10 08:53:42 downhill.base:392 -- min_improvement = 0.005
I 2017-01-10 08:53:42 downhill.base:393 -- max_gradient_norm = 0
I 2017-01-10 08:53:42 downhill.base:394 -- max_gradient_elem = 0
I 2017-01-10 08:53:42 downhill.base:395 -- learning_rate = 0.0001
I 2017-01-10 08:53:42 downhill.base:396 -- momentum = 0
I 2017-01-10 08:53:42 downhill.base:397 -- nesterov = True
I 2017-01-10 08:53:42 downhill.adaptive:220 -- rms_halflife = 14
I 2017-01-10 08:53:42 downhill.adaptive:221 -- rms_regularizer = 1e-08
I 2017-01-10 08:53:42 downhill.base:118 compiling evaluation function
INFO (theano.gof.compilelock): Waiting for existing lock by process '11674' (I am process '11691')
I 2017-01-10 08:53:58 theano.gof.compilelock:265 Waiting for existing lock by process '11674' (I am process '11691')
INFO (theano.gof.compilelock): To manually release the lock, delete /home/taz/.theano/compiledir_Linux-4.4--generic-x86_64-with-Ubuntu-16.04-xenial-x86_64-2.7.12-64/lock_dir
I 2017-01-10 08:53:58 theano.gof.compilelock:267 To manually release the lock, delete /home/taz/.theano/compiledir_Linux-4.4--generic-x86_64-with-Ubuntu-16.04-xenial-x86_64-2.7.12-64/lock_dir
INFO (theano.gof.compilelock): Waiting for existing lock by process '11674' (I am process '11691')
I 2017-01-10 08:54:07 theano.gof.compilelock:265 Waiting for existing lock by process '11674' (I am process '11691')
INFO (theano.gof.compilelock): To manually release the lock, delete /home/taz/.theano/compiledir_Linux-4.4--generic-x86_64-with-Ubuntu-16.04-xenial-x86_64-2.7.12-64/lock_dir
I 2017-01-10 08:54:07 theano.gof.compilelock:267 To manually release the lock, delete /home/taz/.theano/compiledir_Linux-4.4--generic-x86_64-with-Ubuntu-16.04-xenial-x86_64-2.7.12-64/lock_dir
INFO (theano.gof.compilelock): Waiting for existing lock by process '11674' (I am process '11691')
I 2017-01-10 08:54:15 theano.gof.compilelock:265 Waiting for existing lock by process '11674' (I am process '11691')
INFO (theano.gof.compilelock): To manually release the lock, delete /home/taz/.theano/compiledir_Linux-4.4--generic-x86_64-with-Ubuntu-16.04-xenial-x86_64-2.7.12-64/lock_dir
I 2017-01-10 08:54:15 theano.gof.compilelock:267 To manually release the lock, delete /home/taz/.theano/compiledir_Linux-4.4--generic-x86_64-with-Ubuntu-16.04-xenial-x86_64-2.7.12-64/lock_dir
INFO (theano.gof.compilelock): Waiting for existing lock by process '11674' (I am process '11691')
I 2017-01-10 08:54:23 theano.gof.compilelock:265 Waiting for existing lock by process '11674' (I am process '11691')
INFO (theano.gof.compilelock): To manually release the lock, delete /home/taz/.theano/compiledir_Linux-4.4--generic-x86_64-with-Ubuntu-16.04-xenial-x86_64-2.7.12-64/lock_dir
I 2017-01-10 08:54:23 theano.gof.compilelock:267 To manually release the lock, delete /home/taz/.theano/compiledir_Linux-4.4--generic-x86_64-with-Ubuntu-16.04-xenial-x86_64-2.7.12-64/lock_dir
I 2017-01-10 08:54:31 downhill.base:124 compiling RMSProp function
I 2017-01-10 08:55:39 downhill.base:232 validation 0 loss=281.156860 err=281.156860 *
I 2017-01-10 09:04:36 downhill.base:232 RMSProp 1 loss=210.686813 err=210.686813
I 2017-01-10 09:04:36 theanets.graph:626 /tmp/tmpEFZXE5.tmp: saved model
I 2017-01-10 09:04:36 theanets.graph:643 /tmp/tmpEFZXE5.tmp: loaded model
I 2017-01-10 09:05:35 downhill.base:232 validation 1 loss=128.646095 err=128.646095 *
I 2017-01-10 09:14:34 downhill.base:232 RMSProp 2 loss=80.367735 err=80.367735
I 2017-01-10 09:14:34 theanets.graph:626 /tmp/tmpsI9VNB.tmp: saved model
I 2017-01-10 09:14:34 theanets.graph:643 /tmp/tmpsI9VNB.tmp: loaded model
I 2017-01-10 09:15:30 downhill.base:232 validation 2 loss=47.839389 err=47.839389 *
I 2017-01-10 09:24:31 downhill.base:232 RMSProp 3 loss=29.983541 err=29.983541
I 2017-01-10 09:24:31 theanets.graph:626 /tmp/tmpeebS1e.tmp: saved model
I 2017-01-10 09:24:31 theanets.graph:643 /tmp/tmpeebS1e.tmp: loaded model
I 2017-01-10 09:25:26 downhill.base:232 validation 3 loss=14.755545 err=14.755545 *
I 2017-01-10 09:34:08 downhill.base:232 RMSProp 4 loss=8.164065 err=8.164065
I 2017-01-10 09:34:08 theanets.graph:626 /tmp/tmpMAkab6.tmp: saved model
I 2017-01-10 09:34:08 theanets.graph:643 /tmp/tmpMAkab6.tmp: loaded model
I 2017-01-10 09:35:02 downhill.base:232 validation 4 loss=3.787332 err=3.787332 *
I 2017-01-10 09:43:26 downhill.base:232 RMSProp 5 loss=2.433272 err=2.433272
I 2017-01-10 09:43:26 theanets.graph:626 /tmp/tmplvurCc.tmp: saved model
I 2017-01-10 09:43:27 theanets.graph:643 /tmp/tmplvurCc.tmp: loaded model
I 2017-01-10 09:44:21 downhill.base:232 validation 5 loss=1.743920 err=1.743920 *
I 2017-01-10 09:52:44 downhill.base:232 RMSProp 6 loss=1.518965 err=1.518965
I 2017-01-10 09:52:44 theanets.graph:626 /tmp/tmprtp4ZZ.tmp: saved model
I 2017-01-10 09:52:44 theanets.graph:643 /tmp/tmprtp4ZZ.tmp: loaded model
I 2017-01-10 09:53:38 downhill.base:232 validation 6 loss=1.377097 err=1.377097 *
I 2017-01-10 10:02:16 downhill.base:232 RMSProp 7 loss=1.272967 err=1.272967
I 2017-01-10 10:02:16 theanets.graph:626 /tmp/tmp6gCjnn.tmp: saved model
I 2017-01-10 10:02:16 theanets.graph:643 /tmp/tmp6gCjnn.tmp: loaded model
I 2017-01-10 10:02:17 theanets.graph:626 /tmp/tmpGwz4kq.tmp: saved model
I 2017-01-10 10:02:17 theanets.graph:643 /tmp/tmpGwz4kq.tmp: loaded model
Got result {'main': 1.3770974566241825}
Completed successfully in 4131.53 seconds. [{'main': 1.3770974566241825}]
