Job launching after 0.13 seconds in submission.
Running python job.
Changed into dir /home/taz/fyp/taz/experiments/gctime1
Importing o.py
Running o.main()
gctime1
gctime1
gctime1
gctime1
I 2017-01-25 11:54:50 theanets.layers.base:371 layer Input "in": 1 inputs
I 2017-01-25 11:54:50 theanets.layers.base:207 layer LSTM "hid1": (in:out)1 -> 20, sigmoid, 1820 parameters
I 2017-01-25 11:54:50 theanets.layers.base:207 layer LSTM "hid2": (hid1:out)20 -> 20, sigmoid, 3340 parameters
I 2017-01-25 11:54:50 theanets.layers.base:207 layer Feedforward "out": (hid2:out)20 -> 1, linear, 21 parameters
I 2017-01-25 11:54:50 theanets.graph:94 network has 5181 total parameters
stateit 0
it 100000
I 2017-01-25 11:54:50 downhill.dataset:118 valid: 95 mini-batches from callable
I 2017-01-25 11:54:50 downhill.dataset:118 train: 283 mini-batches from callable
I 2017-01-25 11:54:50 theanets.graph:447 building computation graph
I 2017-01-25 11:54:50 theanets.losses:67 using loss: 1.0 * MeanSquaredError (output out:out)
I 2017-01-25 11:54:50 theanets.regularizers:711 regularizer: 30.5783729553 * GaussianNoise(('in:out',))
I 2017-01-25 11:54:51 downhill.base:389 -- patience = 5
I 2017-01-25 11:54:51 downhill.base:390 -- validate_every = 1
I 2017-01-25 11:54:51 downhill.base:391 -- max_updates = None
I 2017-01-25 11:54:51 downhill.base:392 -- min_improvement = 0.005
I 2017-01-25 11:54:51 downhill.base:393 -- max_gradient_norm = 0
I 2017-01-25 11:54:51 downhill.base:394 -- max_gradient_elem = 0
I 2017-01-25 11:54:51 downhill.base:395 -- learning_rate = 0.0001
I 2017-01-25 11:54:51 downhill.base:396 -- momentum = 0
I 2017-01-25 11:54:51 downhill.base:397 -- nesterov = True
I 2017-01-25 11:54:51 downhill.adaptive:220 -- rms_halflife = 14
I 2017-01-25 11:54:51 downhill.adaptive:221 -- rms_regularizer = 1e-08
I 2017-01-25 11:54:51 downhill.base:118 compiling evaluation function
I 2017-01-25 11:54:53 downhill.base:124 compiling RMSProp function
I 2017-01-25 11:55:23 downhill.base:232 validation 0 loss=5461.523249 err=5461.523249 *
I 2017-01-25 11:57:32 downhill.base:232 RMSProp 1 loss=5028.456851 err=5028.456851
I 2017-01-25 11:57:32 theanets.graph:626 /tmp/tmppoJx42.tmp: saved model
I 2017-01-25 11:57:32 theanets.graph:643 /tmp/tmppoJx42.tmp: loaded model
I 2017-01-25 11:57:45 downhill.base:232 validation 1 loss=4209.115640 err=4209.115640 *
I 2017-01-25 11:59:57 downhill.base:232 RMSProp 2 loss=3554.780902 err=3554.780902
I 2017-01-25 11:59:57 theanets.graph:626 /tmp/tmpJIRbhT.tmp: saved model
I 2017-01-25 11:59:57 theanets.graph:643 /tmp/tmpJIRbhT.tmp: loaded model
I 2017-01-25 12:00:11 downhill.base:232 validation 2 loss=2965.362749 err=2965.362749 *
I 2017-01-25 12:02:19 downhill.base:232 RMSProp 3 loss=2589.892316 err=2589.892316
I 2017-01-25 12:02:19 theanets.graph:626 /tmp/tmpo1hUfM.tmp: saved model
I 2017-01-25 12:02:19 theanets.graph:643 /tmp/tmpo1hUfM.tmp: loaded model
I 2017-01-25 12:02:33 downhill.base:232 validation 3 loss=2260.336833 err=2260.336833 *
I 2017-01-25 12:04:43 downhill.base:232 RMSProp 4 loss=2078.605467 err=2078.605467
I 2017-01-25 12:04:43 theanets.graph:626 /tmp/tmpMCxDx9.tmp: saved model
I 2017-01-25 12:04:43 theanets.graph:643 /tmp/tmpMCxDx9.tmp: loaded model
I 2017-01-25 12:04:57 downhill.base:232 validation 4 loss=1920.910727 err=1920.910727 *
I 2017-01-25 12:07:06 downhill.base:232 RMSProp 5 loss=1835.825829 err=1835.825829
I 2017-01-25 12:07:06 theanets.graph:626 /tmp/tmpMluElF.tmp: saved model
I 2017-01-25 12:07:06 theanets.graph:643 /tmp/tmpMluElF.tmp: loaded model
I 2017-01-25 12:07:19 downhill.base:232 validation 5 loss=1767.559467 err=1767.559467 *
I 2017-01-25 12:09:28 downhill.base:232 RMSProp 6 loss=1720.053901 err=1720.053901
I 2017-01-25 12:09:28 theanets.graph:626 /tmp/tmpcv9HBr.tmp: saved model
I 2017-01-25 12:09:28 theanets.graph:643 /tmp/tmpcv9HBr.tmp: loaded model
I 2017-01-25 12:09:42 downhill.base:232 validation 6 loss=1674.610018 err=1674.610018 *
I 2017-01-25 12:11:49 downhill.base:232 RMSProp 7 loss=1600.510261 err=1600.510261
I 2017-01-25 12:11:49 theanets.graph:626 /tmp/tmp_5qkiw.tmp: saved model
I 2017-01-25 12:11:49 theanets.graph:643 /tmp/tmp_5qkiw.tmp: loaded model
I 2017-01-25 12:12:03 downhill.base:232 validation 7 loss=1503.015689 err=1503.015689 *
I 2017-01-25 12:14:16 downhill.base:232 RMSProp 8 loss=1406.244174 err=1406.244174
I 2017-01-25 12:14:16 theanets.graph:626 /tmp/tmpMb5wta.tmp: saved model
I 2017-01-25 12:14:16 theanets.graph:643 /tmp/tmpMb5wta.tmp: loaded model
I 2017-01-25 12:14:29 downhill.base:232 validation 8 loss=1307.395392 err=1307.395392 *
I 2017-01-25 12:16:38 downhill.base:232 RMSProp 9 loss=1220.717610 err=1220.717610
I 2017-01-25 12:16:38 theanets.graph:626 /tmp/tmp5njQBZ.tmp: saved model
I 2017-01-25 12:16:38 theanets.graph:643 /tmp/tmp5njQBZ.tmp: loaded model
I 2017-01-25 12:16:51 downhill.base:232 validation 9 loss=1134.661599 err=1134.661599 *
I 2017-01-25 12:18:59 downhill.base:232 RMSProp 10 loss=1066.633550 err=1066.633550
I 2017-01-25 12:18:59 theanets.graph:626 /tmp/tmpBIdi1g.tmp: saved model
I 2017-01-25 12:18:59 theanets.graph:643 /tmp/tmpBIdi1g.tmp: loaded model
I 2017-01-25 12:19:15 downhill.base:232 validation 10 loss=1002.618459 err=1002.618459 *
I 2017-01-25 12:21:25 downhill.base:232 RMSProp 11 loss=951.569368 err=951.569368
I 2017-01-25 12:21:25 theanets.graph:626 /tmp/tmp4mRsmX.tmp: saved model
I 2017-01-25 12:21:25 theanets.graph:643 /tmp/tmp4mRsmX.tmp: loaded model
I 2017-01-25 12:21:39 downhill.base:232 validation 11 loss=893.621067 err=893.621067 *
I 2017-01-25 12:23:48 downhill.base:232 RMSProp 12 loss=847.588077 err=847.588077
I 2017-01-25 12:23:48 theanets.graph:626 /tmp/tmpq8BLND.tmp: saved model
I 2017-01-25 12:23:48 theanets.graph:643 /tmp/tmpq8BLND.tmp: loaded model
I 2017-01-25 12:24:02 downhill.base:232 validation 12 loss=804.677628 err=804.677628 *
I 2017-01-25 12:26:13 downhill.base:232 RMSProp 13 loss=773.543172 err=773.543172
I 2017-01-25 12:26:13 theanets.graph:626 /tmp/tmpX0wwa_.tmp: saved model
I 2017-01-25 12:26:13 theanets.graph:643 /tmp/tmpX0wwa_.tmp: loaded model
I 2017-01-25 12:26:26 downhill.base:232 validation 13 loss=740.849130 err=740.849130 *
I 2017-01-25 12:28:37 downhill.base:232 RMSProp 14 loss=716.323934 err=716.323934
I 2017-01-25 12:28:37 theanets.graph:626 /tmp/tmpFHPe1x.tmp: saved model
I 2017-01-25 12:28:37 theanets.graph:643 /tmp/tmpFHPe1x.tmp: loaded model
I 2017-01-25 12:28:53 downhill.base:232 validation 14 loss=691.819140 err=691.819140 *
I 2017-01-25 12:31:04 downhill.base:232 RMSProp 15 loss=674.170587 err=674.170587
I 2017-01-25 12:31:04 theanets.graph:626 /tmp/tmpxIaREs.tmp: saved model
I 2017-01-25 12:31:04 theanets.graph:643 /tmp/tmpxIaREs.tmp: loaded model
I 2017-01-25 12:31:18 downhill.base:232 validation 15 loss=656.205500 err=656.205500 *
I 2017-01-25 12:33:30 downhill.base:232 RMSProp 16 loss=641.775368 err=641.775368
I 2017-01-25 12:33:30 theanets.graph:626 /tmp/tmptHW_de.tmp: saved model
I 2017-01-25 12:33:30 theanets.graph:643 /tmp/tmptHW_de.tmp: loaded model
I 2017-01-25 12:33:45 downhill.base:232 validation 16 loss=627.745201 err=627.745201 *
I 2017-01-25 12:35:58 downhill.base:232 RMSProp 17 loss=616.471712 err=616.471712
I 2017-01-25 12:35:58 theanets.graph:626 /tmp/tmpwqqkzC.tmp: saved model
I 2017-01-25 12:35:58 theanets.graph:643 /tmp/tmpwqqkzC.tmp: loaded model
I 2017-01-25 12:36:12 downhill.base:232 validation 17 loss=606.134894 err=606.134894 *
I 2017-01-25 12:38:22 downhill.base:232 RMSProp 18 loss=595.797719 err=595.797719
I 2017-01-25 12:38:22 theanets.graph:626 /tmp/tmpRaGZ97.tmp: saved model
I 2017-01-25 12:38:22 theanets.graph:643 /tmp/tmpRaGZ97.tmp: loaded model
I 2017-01-25 12:38:38 downhill.base:232 validation 18 loss=588.192124 err=588.192124 *
I 2017-01-25 12:40:48 downhill.base:232 RMSProp 19 loss=580.739281 err=580.739281
I 2017-01-25 12:40:48 theanets.graph:626 /tmp/tmpEKREGo.tmp: saved model
I 2017-01-25 12:40:48 theanets.graph:643 /tmp/tmpEKREGo.tmp: loaded model
I 2017-01-25 12:41:03 downhill.base:232 validation 19 loss=573.079357 err=573.079357 *
I 2017-01-25 12:43:13 downhill.base:232 RMSProp 20 loss=568.394658 err=568.394658
I 2017-01-25 12:43:13 theanets.graph:626 /tmp/tmpgH5vTG.tmp: saved model
I 2017-01-25 12:43:13 theanets.graph:643 /tmp/tmpgH5vTG.tmp: loaded model
I 2017-01-25 12:43:29 downhill.base:232 validation 20 loss=562.161248 err=562.161248 *
I 2017-01-25 12:45:39 downhill.base:232 RMSProp 21 loss=557.677285 err=557.677285
I 2017-01-25 12:45:39 theanets.graph:626 /tmp/tmp9yobL1.tmp: saved model
I 2017-01-25 12:45:39 theanets.graph:643 /tmp/tmp9yobL1.tmp: loaded model
I 2017-01-25 12:45:54 downhill.base:232 validation 21 loss=552.331922 err=552.331922 *
I 2017-01-25 12:48:05 downhill.base:232 RMSProp 22 loss=548.017308 err=548.017308
I 2017-01-25 12:48:05 theanets.graph:626 /tmp/tmpxkeVtO.tmp: saved model
I 2017-01-25 12:48:05 theanets.graph:643 /tmp/tmpxkeVtO.tmp: loaded model
I 2017-01-25 12:48:20 downhill.base:232 validation 22 loss=543.710531 err=543.710531 *
I 2017-01-25 12:50:34 downhill.base:232 RMSProp 23 loss=540.053721 err=540.053721
I 2017-01-25 12:50:34 theanets.graph:626 /tmp/tmpjYrCwf.tmp: saved model
I 2017-01-25 12:50:34 theanets.graph:643 /tmp/tmpjYrCwf.tmp: loaded model
I 2017-01-25 12:50:50 downhill.base:232 validation 23 loss=538.191958 err=538.191958 *
I 2017-01-25 12:53:10 downhill.base:232 RMSProp 24 loss=533.947811 err=533.947811
I 2017-01-25 12:53:10 theanets.graph:626 /tmp/tmpDKD5hq.tmp: saved model
I 2017-01-25 12:53:10 theanets.graph:643 /tmp/tmpDKD5hq.tmp: loaded model
I 2017-01-25 12:53:26 downhill.base:232 validation 24 loss=532.041563 err=532.041563 *
I 2017-01-25 12:55:44 downhill.base:232 RMSProp 25 loss=527.974026 err=527.974026
I 2017-01-25 12:55:44 theanets.graph:626 /tmp/tmpD9EV65.tmp: saved model
I 2017-01-25 12:55:44 theanets.graph:643 /tmp/tmpD9EV65.tmp: loaded model
I 2017-01-25 12:55:59 downhill.base:232 validation 25 loss=525.221169 err=525.221169 *
I 2017-01-25 12:58:19 downhill.base:232 RMSProp 26 loss=522.131222 err=522.131222
I 2017-01-25 12:58:19 theanets.graph:626 /tmp/tmpxsBKF0.tmp: saved model
I 2017-01-25 12:58:19 theanets.graph:643 /tmp/tmpxsBKF0.tmp: loaded model
I 2017-01-25 12:58:33 downhill.base:232 validation 26 loss=520.345254 err=520.345254 *
I 2017-01-25 13:00:54 downhill.base:232 RMSProp 27 loss=517.779161 err=517.779161
I 2017-01-25 13:00:54 theanets.graph:626 /tmp/tmp6pQFlY.tmp: saved model
I 2017-01-25 13:00:54 theanets.graph:643 /tmp/tmp6pQFlY.tmp: loaded model
I 2017-01-25 13:01:08 downhill.base:232 validation 27 loss=516.108112 err=516.108112 *
I 2017-01-25 13:03:26 downhill.base:232 RMSProp 28 loss=513.937744 err=513.937744
I 2017-01-25 13:03:26 theanets.graph:626 /tmp/tmpbftG4t.tmp: saved model
I 2017-01-25 13:03:26 theanets.graph:643 /tmp/tmpbftG4t.tmp: loaded model
I 2017-01-25 13:03:40 downhill.base:232 validation 28 loss=511.455920 err=511.455920 *
I 2017-01-25 13:05:58 downhill.base:232 RMSProp 29 loss=510.483709 err=510.483709
I 2017-01-25 13:05:58 theanets.graph:626 /tmp/tmpkRAIFF.tmp: saved model
I 2017-01-25 13:05:58 theanets.graph:643 /tmp/tmpkRAIFF.tmp: loaded model
I 2017-01-25 13:06:13 downhill.base:232 validation 29 loss=508.884898 err=508.884898 *
I 2017-01-25 13:08:30 downhill.base:232 RMSProp 30 loss=506.340480 err=506.340480
I 2017-01-25 13:08:30 theanets.graph:626 /tmp/tmpcOEujj.tmp: saved model
I 2017-01-25 13:08:30 theanets.graph:643 /tmp/tmpcOEujj.tmp: loaded model
I 2017-01-25 13:08:45 downhill.base:232 validation 30 loss=504.421148 err=504.421148 *
I 2017-01-25 13:11:04 downhill.base:232 RMSProp 31 loss=501.948765 err=501.948765
I 2017-01-25 13:11:04 theanets.graph:626 /tmp/tmpnq7Fbh.tmp: saved model
I 2017-01-25 13:11:04 theanets.graph:643 /tmp/tmpnq7Fbh.tmp: loaded model
I 2017-01-25 13:11:20 downhill.base:232 validation 31 loss=502.331961 err=502.331961
I 2017-01-25 13:13:40 downhill.base:232 RMSProp 32 loss=499.776162 err=499.776162
I 2017-01-25 13:13:40 theanets.graph:626 /tmp/tmpfThvMv.tmp: saved model
I 2017-01-25 13:13:40 theanets.graph:643 /tmp/tmpfThvMv.tmp: loaded model
I 2017-01-25 13:13:55 downhill.base:232 validation 32 loss=498.333136 err=498.333136 *
I 2017-01-25 13:16:12 downhill.base:232 RMSProp 33 loss=496.931020 err=496.931020
I 2017-01-25 13:16:12 theanets.graph:626 /tmp/tmpEmNigs.tmp: saved model
I 2017-01-25 13:16:12 theanets.graph:643 /tmp/tmpEmNigs.tmp: loaded model
I 2017-01-25 13:16:27 downhill.base:232 validation 33 loss=495.319377 err=495.319377 *
I 2017-01-25 13:18:46 downhill.base:232 RMSProp 34 loss=493.610154 err=493.610154
I 2017-01-25 13:18:46 theanets.graph:626 /tmp/tmpGT151X.tmp: saved model
I 2017-01-25 13:18:46 theanets.graph:643 /tmp/tmpGT151X.tmp: loaded model
I 2017-01-25 13:19:01 downhill.base:232 validation 34 loss=492.385405 err=492.385405 *
I 2017-01-25 13:21:22 downhill.base:232 RMSProp 35 loss=491.377358 err=491.377358
I 2017-01-25 13:21:22 theanets.graph:626 /tmp/tmpb41Pje.tmp: saved model
I 2017-01-25 13:21:22 theanets.graph:643 /tmp/tmpb41Pje.tmp: loaded model
I 2017-01-25 13:21:38 downhill.base:232 validation 35 loss=490.932845 err=490.932845
I 2017-01-25 13:23:57 downhill.base:232 RMSProp 36 loss=490.294375 err=490.294375
I 2017-01-25 13:23:57 theanets.graph:626 /tmp/tmp9y4gFJ.tmp: saved model
I 2017-01-25 13:23:57 theanets.graph:643 /tmp/tmp9y4gFJ.tmp: loaded model
I 2017-01-25 13:24:12 downhill.base:232 validation 36 loss=486.853395 err=486.853395 *
I 2017-01-25 13:26:31 downhill.base:232 RMSProp 37 loss=487.495050 err=487.495050
I 2017-01-25 13:26:31 theanets.graph:626 /tmp/tmpA5RIY7.tmp: saved model
I 2017-01-25 13:26:31 theanets.graph:643 /tmp/tmpA5RIY7.tmp: loaded model
I 2017-01-25 13:26:46 downhill.base:232 validation 37 loss=485.976313 err=485.976313
I 2017-01-25 13:29:06 downhill.base:232 RMSProp 38 loss=485.267055 err=485.267055
I 2017-01-25 13:29:06 theanets.graph:626 /tmp/tmpIs160c.tmp: saved model
I 2017-01-25 13:29:06 theanets.graph:643 /tmp/tmpIs160c.tmp: loaded model
I 2017-01-25 13:29:21 downhill.base:232 validation 38 loss=484.172574 err=484.172574 *
I 2017-01-25 13:31:43 downhill.base:232 RMSProp 39 loss=482.522271 err=482.522271
I 2017-01-25 13:31:43 theanets.graph:626 /tmp/tmpVFtvlu.tmp: saved model
I 2017-01-25 13:31:43 theanets.graph:643 /tmp/tmpVFtvlu.tmp: loaded model
I 2017-01-25 13:31:57 downhill.base:232 validation 39 loss=482.530638 err=482.530638
I 2017-01-25 13:34:16 downhill.base:232 RMSProp 40 loss=481.848548 err=481.848548
I 2017-01-25 13:34:16 theanets.graph:626 /tmp/tmpsILiew.tmp: saved model
I 2017-01-25 13:34:16 theanets.graph:643 /tmp/tmpsILiew.tmp: loaded model
I 2017-01-25 13:34:30 downhill.base:232 validation 40 loss=479.926716 err=479.926716 *
I 2017-01-25 13:36:50 downhill.base:232 RMSProp 41 loss=479.271959 err=479.271959
I 2017-01-25 13:36:50 theanets.graph:626 /tmp/tmpCD5gPL.tmp: saved model
I 2017-01-25 13:36:50 theanets.graph:643 /tmp/tmpCD5gPL.tmp: loaded model
I 2017-01-25 13:37:04 downhill.base:232 validation 41 loss=478.972615 err=478.972615
I 2017-01-25 13:39:24 downhill.base:232 RMSProp 42 loss=477.015035 err=477.015035
I 2017-01-25 13:39:24 theanets.graph:626 /tmp/tmpSdmepX.tmp: saved model
I 2017-01-25 13:39:24 theanets.graph:643 /tmp/tmpSdmepX.tmp: loaded model
I 2017-01-25 13:39:40 downhill.base:232 validation 42 loss=477.931559 err=477.931559
I 2017-01-25 13:42:01 downhill.base:232 RMSProp 43 loss=476.321058 err=476.321058
I 2017-01-25 13:42:01 theanets.graph:626 /tmp/tmpnizjwl.tmp: saved model
I 2017-01-25 13:42:01 theanets.graph:643 /tmp/tmpnizjwl.tmp: loaded model
I 2017-01-25 13:42:16 downhill.base:232 validation 43 loss=475.859204 err=475.859204 *
I 2017-01-25 13:44:34 downhill.base:232 RMSProp 44 loss=474.680642 err=474.680642
I 2017-01-25 13:44:34 theanets.graph:626 /tmp/tmpAxHGNv.tmp: saved model
I 2017-01-25 13:44:34 theanets.graph:643 /tmp/tmpAxHGNv.tmp: loaded model
I 2017-01-25 13:44:50 downhill.base:232 validation 44 loss=473.944155 err=473.944155
I 2017-01-25 13:47:08 downhill.base:232 RMSProp 45 loss=473.684823 err=473.684823
I 2017-01-25 13:47:08 theanets.graph:626 /tmp/tmp0VB6PI.tmp: saved model
I 2017-01-25 13:47:08 theanets.graph:643 /tmp/tmp0VB6PI.tmp: loaded model
I 2017-01-25 13:47:23 downhill.base:232 validation 45 loss=471.512914 err=471.512914 *
I 2017-01-25 13:49:40 downhill.base:232 RMSProp 46 loss=472.017498 err=472.017498
I 2017-01-25 13:49:40 theanets.graph:626 /tmp/tmpy91YCP.tmp: saved model
I 2017-01-25 13:49:40 theanets.graph:643 /tmp/tmpy91YCP.tmp: loaded model
I 2017-01-25 13:49:56 downhill.base:232 validation 46 loss=474.078892 err=474.078892
I 2017-01-25 13:52:14 downhill.base:232 RMSProp 47 loss=471.218079 err=471.218079
I 2017-01-25 13:52:14 theanets.graph:626 /tmp/tmpkCnMdt.tmp: saved model
I 2017-01-25 13:52:14 theanets.graph:643 /tmp/tmpkCnMdt.tmp: loaded model
I 2017-01-25 13:52:30 downhill.base:232 validation 47 loss=471.627919 err=471.627919
I 2017-01-25 13:54:47 downhill.base:232 RMSProp 48 loss=469.374636 err=469.374636
I 2017-01-25 13:54:47 theanets.graph:626 /tmp/tmp2q5oc7.tmp: saved model
I 2017-01-25 13:54:47 theanets.graph:643 /tmp/tmp2q5oc7.tmp: loaded model
I 2017-01-25 13:55:03 downhill.base:232 validation 48 loss=469.609301 err=469.609301
I 2017-01-25 13:57:22 downhill.base:232 RMSProp 49 loss=470.145899 err=470.145899
I 2017-01-25 13:57:22 theanets.graph:626 /tmp/tmpwhpDQH.tmp: saved model
I 2017-01-25 13:57:22 theanets.graph:643 /tmp/tmpwhpDQH.tmp: loaded model
I 2017-01-25 13:57:38 downhill.base:232 validation 49 loss=467.122755 err=467.122755 *
I 2017-01-25 13:59:58 downhill.base:232 RMSProp 50 loss=467.690178 err=467.690178
I 2017-01-25 13:59:58 theanets.graph:626 /tmp/tmpjjS2Rh.tmp: saved model
I 2017-01-25 13:59:58 theanets.graph:643 /tmp/tmpjjS2Rh.tmp: loaded model
I 2017-01-25 14:00:12 downhill.base:232 validation 50 loss=467.224011 err=467.224011
I 2017-01-25 14:02:31 downhill.base:232 RMSProp 51 loss=468.337787 err=468.337787
I 2017-01-25 14:02:31 theanets.graph:626 /tmp/tmpZ9WhnE.tmp: saved model
I 2017-01-25 14:02:31 theanets.graph:643 /tmp/tmpZ9WhnE.tmp: loaded model
I 2017-01-25 14:02:46 downhill.base:232 validation 51 loss=466.712180 err=466.712180
I 2017-01-25 14:05:05 downhill.base:232 RMSProp 52 loss=466.467208 err=466.467208
I 2017-01-25 14:05:05 theanets.graph:626 /tmp/tmpNEqOl_.tmp: saved model
I 2017-01-25 14:05:05 theanets.graph:643 /tmp/tmpNEqOl_.tmp: loaded model
I 2017-01-25 14:05:21 downhill.base:232 validation 52 loss=467.111077 err=467.111077
I 2017-01-25 14:07:40 downhill.base:232 RMSProp 53 loss=464.772467 err=464.772467
I 2017-01-25 14:07:40 theanets.graph:626 /tmp/tmp979Wio.tmp: saved model
I 2017-01-25 14:07:40 theanets.graph:643 /tmp/tmp979Wio.tmp: loaded model
I 2017-01-25 14:07:54 downhill.base:232 validation 53 loss=464.333652 err=464.333652 *
I 2017-01-25 14:10:13 downhill.base:232 RMSProp 54 loss=465.043658 err=465.043658
I 2017-01-25 14:10:13 theanets.graph:626 /tmp/tmpy4Wi_4.tmp: saved model
I 2017-01-25 14:10:13 theanets.graph:643 /tmp/tmpy4Wi_4.tmp: loaded model
I 2017-01-25 14:10:28 downhill.base:232 validation 54 loss=464.128273 err=464.128273
I 2017-01-25 14:12:47 downhill.base:232 RMSProp 55 loss=464.226268 err=464.226268
I 2017-01-25 14:12:47 theanets.graph:626 /tmp/tmpnVvsrS.tmp: saved model
I 2017-01-25 14:12:47 theanets.graph:643 /tmp/tmpnVvsrS.tmp: loaded model
I 2017-01-25 14:13:03 downhill.base:232 validation 55 loss=464.833689 err=464.833689
I 2017-01-25 14:15:23 downhill.base:232 RMSProp 56 loss=463.360281 err=463.360281
I 2017-01-25 14:15:23 theanets.graph:626 /tmp/tmpZOX9A5.tmp: saved model
I 2017-01-25 14:15:23 theanets.graph:643 /tmp/tmpZOX9A5.tmp: loaded model
I 2017-01-25 14:15:38 downhill.base:232 validation 56 loss=461.303349 err=461.303349 *
I 2017-01-25 14:17:58 downhill.base:232 RMSProp 57 loss=461.798802 err=461.798802
I 2017-01-25 14:17:58 theanets.graph:626 /tmp/tmpD1duin.tmp: saved model
I 2017-01-25 14:17:58 theanets.graph:643 /tmp/tmpD1duin.tmp: loaded model
I 2017-01-25 14:18:12 downhill.base:232 validation 57 loss=462.214889 err=462.214889
I 2017-01-25 14:20:28 downhill.base:232 RMSProp 58 loss=461.742216 err=461.742216
I 2017-01-25 14:20:28 theanets.graph:626 /tmp/tmpjGHoUD.tmp: saved model
I 2017-01-25 14:20:28 theanets.graph:643 /tmp/tmpjGHoUD.tmp: loaded model
I 2017-01-25 14:20:43 downhill.base:232 validation 58 loss=461.748554 err=461.748554
I 2017-01-25 14:22:55 downhill.base:232 RMSProp 59 loss=460.436596 err=460.436596
I 2017-01-25 14:22:55 theanets.graph:626 /tmp/tmp2nWF2M.tmp: saved model
I 2017-01-25 14:22:55 theanets.graph:643 /tmp/tmp2nWF2M.tmp: loaded model
I 2017-01-25 14:23:10 downhill.base:232 validation 59 loss=460.620267 err=460.620267
I 2017-01-25 14:25:30 downhill.base:232 RMSProp 60 loss=459.337738 err=459.337738
I 2017-01-25 14:25:30 theanets.graph:626 /tmp/tmp5m981G.tmp: saved model
I 2017-01-25 14:25:30 theanets.graph:643 /tmp/tmp5m981G.tmp: loaded model
I 2017-01-25 14:25:45 downhill.base:232 validation 60 loss=460.264859 err=460.264859
I 2017-01-25 14:28:04 downhill.base:232 RMSProp 61 loss=459.028233 err=459.028233
I 2017-01-25 14:28:04 theanets.graph:626 /tmp/tmpcNQPTb.tmp: saved model
I 2017-01-25 14:28:04 theanets.graph:643 /tmp/tmpcNQPTb.tmp: loaded model
I 2017-01-25 14:28:18 downhill.base:232 validation 61 loss=457.075171 err=457.075171 *
I 2017-01-25 14:30:37 downhill.base:232 RMSProp 62 loss=459.027647 err=459.027647
I 2017-01-25 14:30:37 theanets.graph:626 /tmp/tmp3y7v90.tmp: saved model
I 2017-01-25 14:30:37 theanets.graph:643 /tmp/tmp3y7v90.tmp: loaded model
I 2017-01-25 14:30:53 downhill.base:232 validation 62 loss=457.354170 err=457.354170
I 2017-01-25 14:33:11 downhill.base:232 RMSProp 63 loss=457.172666 err=457.172666
I 2017-01-25 14:33:11 theanets.graph:626 /tmp/tmpjFVncS.tmp: saved model
I 2017-01-25 14:33:11 theanets.graph:643 /tmp/tmpjFVncS.tmp: loaded model
I 2017-01-25 14:33:26 downhill.base:232 validation 63 loss=456.825537 err=456.825537
I 2017-01-25 14:35:44 downhill.base:232 RMSProp 64 loss=457.050023 err=457.050023
I 2017-01-25 14:35:44 theanets.graph:626 /tmp/tmpjCeyes.tmp: saved model
I 2017-01-25 14:35:44 theanets.graph:643 /tmp/tmpjCeyes.tmp: loaded model
I 2017-01-25 14:35:59 downhill.base:232 validation 64 loss=455.565993 err=455.565993
I 2017-01-25 14:38:19 downhill.base:232 RMSProp 65 loss=455.870082 err=455.870082
I 2017-01-25 14:38:19 theanets.graph:626 /tmp/tmp5IRsKJ.tmp: saved model
I 2017-01-25 14:38:19 theanets.graph:643 /tmp/tmp5IRsKJ.tmp: loaded model
I 2017-01-25 14:38:34 downhill.base:232 validation 65 loss=455.483359 err=455.483359
I 2017-01-25 14:40:51 downhill.base:232 RMSProp 66 loss=454.713760 err=454.713760
I 2017-01-25 14:40:51 theanets.graph:626 /tmp/tmp9kgtSG.tmp: saved model
I 2017-01-25 14:40:51 theanets.graph:643 /tmp/tmp9kgtSG.tmp: loaded model
I 2017-01-25 14:41:05 downhill.base:232 validation 66 loss=454.028234 err=454.028234 *
I 2017-01-25 14:43:24 downhill.base:232 RMSProp 67 loss=454.444647 err=454.444647
I 2017-01-25 14:43:24 theanets.graph:626 /tmp/tmpnCYElz.tmp: saved model
I 2017-01-25 14:43:24 theanets.graph:643 /tmp/tmpnCYElz.tmp: loaded model
I 2017-01-25 14:43:40 downhill.base:232 validation 67 loss=454.628768 err=454.628768
I 2017-01-25 14:45:55 downhill.base:232 RMSProp 68 loss=453.736586 err=453.736586
I 2017-01-25 14:45:55 theanets.graph:626 /tmp/tmpLfpllt.tmp: saved model
I 2017-01-25 14:45:55 theanets.graph:643 /tmp/tmpLfpllt.tmp: loaded model
I 2017-01-25 14:46:10 downhill.base:232 validation 68 loss=454.383222 err=454.383222
I 2017-01-25 14:48:31 downhill.base:232 RMSProp 69 loss=453.678272 err=453.678272
I 2017-01-25 14:48:31 theanets.graph:626 /tmp/tmplcWf0i.tmp: saved model
I 2017-01-25 14:48:31 theanets.graph:643 /tmp/tmplcWf0i.tmp: loaded model
I 2017-01-25 14:48:45 downhill.base:232 validation 69 loss=452.198827 err=452.198827
I 2017-01-25 14:51:04 downhill.base:232 RMSProp 70 loss=452.615669 err=452.615669
I 2017-01-25 14:51:04 theanets.graph:626 /tmp/tmpAHNx6U.tmp: saved model
I 2017-01-25 14:51:04 theanets.graph:643 /tmp/tmpAHNx6U.tmp: loaded model
I 2017-01-25 14:51:19 downhill.base:232 validation 70 loss=449.128028 err=449.128028 *
I 2017-01-25 14:53:38 downhill.base:232 RMSProp 71 loss=451.294319 err=451.294319
I 2017-01-25 14:53:38 theanets.graph:626 /tmp/tmpW9Q402.tmp: saved model
I 2017-01-25 14:53:38 theanets.graph:643 /tmp/tmpW9Q402.tmp: loaded model
I 2017-01-25 14:53:52 downhill.base:232 validation 71 loss=451.658068 err=451.658068
I 2017-01-25 14:56:10 downhill.base:232 RMSProp 72 loss=449.543741 err=449.543741
I 2017-01-25 14:56:10 theanets.graph:626 /tmp/tmpryD0ZU.tmp: saved model
I 2017-01-25 14:56:10 theanets.graph:643 /tmp/tmpryD0ZU.tmp: loaded model
I 2017-01-25 14:56:25 downhill.base:232 validation 72 loss=450.680371 err=450.680371
I 2017-01-25 14:58:45 downhill.base:232 RMSProp 73 loss=450.050859 err=450.050859
I 2017-01-25 14:58:45 theanets.graph:626 /tmp/tmp3l4zHS.tmp: saved model
I 2017-01-25 14:58:45 theanets.graph:643 /tmp/tmp3l4zHS.tmp: loaded model
I 2017-01-25 14:59:01 downhill.base:232 validation 73 loss=448.398461 err=448.398461
I 2017-01-25 15:01:21 downhill.base:232 RMSProp 74 loss=450.531583 err=450.531583
I 2017-01-25 15:01:21 theanets.graph:626 /tmp/tmp_vGnkK.tmp: saved model
I 2017-01-25 15:01:21 theanets.graph:643 /tmp/tmp_vGnkK.tmp: loaded model
I 2017-01-25 15:01:36 downhill.base:232 validation 74 loss=449.167864 err=449.167864
I 2017-01-25 15:03:55 downhill.base:232 RMSProp 75 loss=449.125832 err=449.125832
I 2017-01-25 15:03:55 theanets.graph:626 /tmp/tmpS1Aza2.tmp: saved model
I 2017-01-25 15:03:55 theanets.graph:643 /tmp/tmpS1Aza2.tmp: loaded model
I 2017-01-25 15:04:09 downhill.base:232 validation 75 loss=448.607737 err=448.607737
I 2017-01-25 15:06:30 downhill.base:232 RMSProp 76 loss=448.411310 err=448.411310
I 2017-01-25 15:06:30 theanets.graph:626 /tmp/tmpBsxP9Q.tmp: saved model
I 2017-01-25 15:06:30 theanets.graph:643 /tmp/tmpBsxP9Q.tmp: loaded model
I 2017-01-25 15:06:45 downhill.base:232 validation 76 loss=447.614010 err=447.614010
I 2017-01-25 15:06:45 downhill.base:414 patience elapsed!
I 2017-01-25 15:06:45 theanets.graph:626 /tmp/tmpHhYSEc.tmp: saved model
I 2017-01-25 15:06:45 theanets.graph:643 /tmp/tmpHhYSEc.tmp: loaded model
Got result {'main': 448.6077366851974}
Completed successfully in 11514.94 seconds. [{'main': 448.6077366851974}]
