Job launching after 0.16 seconds in submission.
Running python job.
Changed into dir /home/taz/fyp/taz/experiments/gctime1
Importing o.py
Running o.main()
gctime1
gctime1
gctime1
gctime1
I 2017-01-25 16:40:45 theanets.graph:643 /home/taz/fyp/taz/tmpUyU6rR.tmp: loaded model
stateit 3
it 14
I 2017-01-25 16:40:45 downhill.dataset:118 valid: 95 mini-batches from callable
I 2017-01-25 16:40:45 downhill.dataset:118 train: 283 mini-batches from callable
I 2017-01-25 16:40:45 theanets.graph:447 building computation graph
I 2017-01-25 16:40:45 theanets.losses:67 using loss: 1.0 * MeanSquaredError (output out:out)
I 2017-01-25 16:40:45 theanets.regularizers:711 regularizer: 30.5783729553 * GaussianNoise(('in:out',))
I 2017-01-25 16:40:46 downhill.base:389 -- patience = 5
I 2017-01-25 16:40:46 downhill.base:390 -- validate_every = 1
I 2017-01-25 16:40:46 downhill.base:391 -- max_updates = None
I 2017-01-25 16:40:46 downhill.base:392 -- min_improvement = 0.005
I 2017-01-25 16:40:46 downhill.base:393 -- max_gradient_norm = 0
I 2017-01-25 16:40:46 downhill.base:394 -- max_gradient_elem = 0
I 2017-01-25 16:40:46 downhill.base:395 -- learning_rate = 0.0001
I 2017-01-25 16:40:46 downhill.base:396 -- momentum = 0
I 2017-01-25 16:40:46 downhill.base:397 -- nesterov = True
I 2017-01-25 16:40:46 downhill.adaptive:220 -- rms_halflife = 14
I 2017-01-25 16:40:46 downhill.adaptive:221 -- rms_regularizer = 1e-08
I 2017-01-25 16:40:46 downhill.base:118 compiling evaluation function
I 2017-01-25 16:40:47 downhill.base:124 compiling RMSProp function
I 2017-01-25 16:41:02 downhill.base:232 validation 0 loss=4924.930286 err=4924.930286 *
I 2017-01-25 16:41:48 downhill.base:232 RMSProp 1 loss=4634.600342 err=4634.600342
I 2017-01-25 16:41:48 theanets.graph:626 /tmp/tmpPq7Ber.tmp: saved model
I 2017-01-25 16:41:48 theanets.graph:643 /tmp/tmpPq7Ber.tmp: loaded model
I 2017-01-25 16:41:53 downhill.base:232 validation 1 loss=4135.461887 err=4135.461887 *
I 2017-01-25 16:42:40 downhill.base:232 RMSProp 2 loss=3617.213960 err=3617.213960
I 2017-01-25 16:42:40 theanets.graph:626 /tmp/tmp6yRb82.tmp: saved model
I 2017-01-25 16:42:40 theanets.graph:643 /tmp/tmp6yRb82.tmp: loaded model
I 2017-01-25 16:42:45 downhill.base:232 validation 2 loss=3185.947930 err=3185.947930 *
I 2017-01-25 16:43:31 downhill.base:232 RMSProp 3 loss=2845.017849 err=2845.017849
I 2017-01-25 16:43:31 theanets.graph:626 /tmp/tmpWfRckD.tmp: saved model
I 2017-01-25 16:43:31 theanets.graph:643 /tmp/tmpWfRckD.tmp: loaded model
I 2017-01-25 16:43:37 downhill.base:232 validation 3 loss=2562.039505 err=2562.039505 *
I 2017-01-25 16:44:21 downhill.base:232 RMSProp 4 loss=2328.388318 err=2328.388318
I 2017-01-25 16:44:21 theanets.graph:626 /tmp/tmpE_MK1x.tmp: saved model
I 2017-01-25 16:44:21 theanets.graph:643 /tmp/tmpE_MK1x.tmp: loaded model
I 2017-01-25 16:44:25 downhill.base:232 validation 4 loss=2136.787810 err=2136.787810 *
I 2017-01-25 16:45:08 downhill.base:232 RMSProp 5 loss=1973.997132 err=1973.997132
I 2017-01-25 16:45:08 theanets.graph:626 /tmp/tmpN6o84j.tmp: saved model
I 2017-01-25 16:45:08 theanets.graph:643 /tmp/tmpN6o84j.tmp: loaded model
I 2017-01-25 16:45:13 downhill.base:232 validation 5 loss=1843.130732 err=1843.130732 *
I 2017-01-25 16:45:58 downhill.base:232 RMSProp 6 loss=1731.247970 err=1731.247970
I 2017-01-25 16:45:58 theanets.graph:626 /tmp/tmpBrYOG4.tmp: saved model
I 2017-01-25 16:45:58 theanets.graph:643 /tmp/tmpBrYOG4.tmp: loaded model
I 2017-01-25 16:46:03 downhill.base:232 validation 6 loss=1642.686358 err=1642.686358 *
I 2017-01-25 16:46:47 downhill.base:232 RMSProp 7 loss=1561.579157 err=1561.579157
I 2017-01-25 16:46:47 theanets.graph:626 /tmp/tmpygvrtg.tmp: saved model
I 2017-01-25 16:46:47 theanets.graph:643 /tmp/tmpygvrtg.tmp: loaded model
I 2017-01-25 16:46:52 downhill.base:232 validation 7 loss=1495.725157 err=1495.725157 *
I 2017-01-25 16:47:36 downhill.base:232 RMSProp 8 loss=1431.266337 err=1431.266337
I 2017-01-25 16:47:36 theanets.graph:626 /tmp/tmpC6sI1z.tmp: saved model
I 2017-01-25 16:47:36 theanets.graph:643 /tmp/tmpC6sI1z.tmp: loaded model
I 2017-01-25 16:47:41 downhill.base:232 validation 8 loss=1376.915436 err=1376.915436 *
I 2017-01-25 16:48:24 downhill.base:232 RMSProp 9 loss=1321.006693 err=1321.006693
I 2017-01-25 16:48:24 theanets.graph:626 /tmp/tmpVWO8oJ.tmp: saved model
I 2017-01-25 16:48:24 theanets.graph:643 /tmp/tmpVWO8oJ.tmp: loaded model
I 2017-01-25 16:48:28 downhill.base:232 validation 9 loss=1276.483000 err=1276.483000 *
I 2017-01-25 16:49:15 downhill.base:232 RMSProp 10 loss=1233.093359 err=1233.093359
I 2017-01-25 16:49:15 theanets.graph:626 /tmp/tmpf5iXzr.tmp: saved model
I 2017-01-25 16:49:15 theanets.graph:643 /tmp/tmpf5iXzr.tmp: loaded model
I 2017-01-25 16:49:20 downhill.base:232 validation 10 loss=1196.141198 err=1196.141198 *
I 2017-01-25 16:50:07 downhill.base:232 RMSProp 11 loss=1157.495075 err=1157.495075
I 2017-01-25 16:50:07 theanets.graph:626 /tmp/tmp48qcUh.tmp: saved model
I 2017-01-25 16:50:07 theanets.graph:643 /tmp/tmp48qcUh.tmp: loaded model
I 2017-01-25 16:50:11 downhill.base:232 validation 11 loss=1124.223160 err=1124.223160 *
I 2017-01-25 16:50:57 downhill.base:232 RMSProp 12 loss=1091.170530 err=1091.170530
I 2017-01-25 16:50:57 theanets.graph:626 /tmp/tmp_7Qpg1.tmp: saved model
I 2017-01-25 16:50:57 theanets.graph:643 /tmp/tmp_7Qpg1.tmp: loaded model
I 2017-01-25 16:51:02 downhill.base:232 validation 12 loss=1063.663322 err=1063.663322 *
I 2017-01-25 16:51:49 downhill.base:232 RMSProp 13 loss=1033.969285 err=1033.969285
I 2017-01-25 16:51:49 theanets.graph:626 /tmp/tmppovA2V.tmp: saved model
I 2017-01-25 16:51:49 theanets.graph:643 /tmp/tmppovA2V.tmp: loaded model
I 2017-01-25 16:51:54 downhill.base:232 validation 13 loss=1008.156808 err=1008.156808 *
I 2017-01-25 16:52:39 downhill.base:232 RMSProp 14 loss=984.664705 err=984.664705
I 2017-01-25 16:52:39 theanets.graph:626 /tmp/tmpMexZ9E.tmp: saved model
I 2017-01-25 16:52:39 theanets.graph:643 /tmp/tmpMexZ9E.tmp: loaded model
I 2017-01-25 16:52:39 theanets.graph:626 /tmp/tmpeIpJ52.tmp: saved model
I 2017-01-25 16:52:39 theanets.graph:643 /tmp/tmpeIpJ52.tmp: loaded model
Got result {'main': 1008.1568076288205}
Completed successfully in 714.70 seconds. [{'main': 1008.1568076288205}]
