Job launching after 0.53 seconds in submission.
Running python job.
Changed into dir /home/taz/fyp/taz/experiments/global
Importing o.py
Running o.main()
global
global
global
global
I 2017-01-18 15:43:59 theanets.layers.base:371 layer Input "in": 1 inputs
I 2017-01-18 15:43:59 theanets.layers.base:207 layer LSTM "hid1": (in:out)1 -> 20, sigmoid, 1820 parameters
I 2017-01-18 15:43:59 theanets.layers.base:207 layer Feedforward "out": (hid1:out)20 -> 1, linear, 21 parameters
I 2017-01-18 15:43:59 theanets.graph:94 network has 1841 total parameters
stateit 2
it 100000
I 2017-01-18 15:43:59 downhill.dataset:118 valid: 95 mini-batches from callable
I 2017-01-18 15:43:59 downhill.dataset:118 train: 283 mini-batches from callable
I 2017-01-18 15:43:59 theanets.graph:447 building computation graph
I 2017-01-18 15:43:59 theanets.losses:67 using loss: 1.0 * MeanSquaredError (output out:out)
I 2017-01-18 15:43:59 theanets.regularizers:711 regularizer: 9.76721119881 * GaussianNoise(('in:out',))
I 2017-01-18 15:44:00 downhill.base:389 -- patience = 5
I 2017-01-18 15:44:00 downhill.base:390 -- validate_every = 1
I 2017-01-18 15:44:00 downhill.base:391 -- max_updates = None
I 2017-01-18 15:44:00 downhill.base:392 -- min_improvement = 0.005
I 2017-01-18 15:44:00 downhill.base:393 -- max_gradient_norm = 0
I 2017-01-18 15:44:00 downhill.base:394 -- max_gradient_elem = 0
I 2017-01-18 15:44:00 downhill.base:395 -- learning_rate = 0.0001
I 2017-01-18 15:44:00 downhill.base:396 -- momentum = 0
I 2017-01-18 15:44:00 downhill.base:397 -- nesterov = True
I 2017-01-18 15:44:00 downhill.adaptive:220 -- rms_halflife = 14
I 2017-01-18 15:44:00 downhill.adaptive:221 -- rms_regularizer = 1e-08
I 2017-01-18 15:44:00 downhill.base:118 compiling evaluation function
I 2017-01-18 15:44:01 downhill.base:124 compiling RMSProp function
I 2017-01-18 15:45:28 downhill.base:232 validation 0 loss=1063.532238 err=1063.532238 *
I 2017-01-18 15:57:50 downhill.base:232 RMSProp 1 loss=898.021366 err=898.021366
I 2017-01-18 15:57:51 theanets.graph:626 /tmp/tmp9b2nZW.tmp: saved model
I 2017-01-18 15:57:51 theanets.graph:643 /tmp/tmp9b2nZW.tmp: loaded model
I 2017-01-18 15:59:10 downhill.base:232 validation 1 loss=641.411430 err=641.411430 *
I 2017-01-18 16:11:34 downhill.base:232 RMSProp 2 loss=426.870508 err=426.870508
I 2017-01-18 16:11:34 theanets.graph:626 /tmp/tmpPsdGky.tmp: saved model
I 2017-01-18 16:11:34 theanets.graph:643 /tmp/tmpPsdGky.tmp: loaded model
I 2017-01-18 16:12:51 downhill.base:232 validation 2 loss=275.909280 err=275.909280 *
I 2017-01-18 16:25:22 downhill.base:232 RMSProp 3 loss=200.182213 err=200.182213
I 2017-01-18 16:25:22 theanets.graph:626 /tmp/tmp1wmSK2.tmp: saved model
I 2017-01-18 16:25:22 theanets.graph:643 /tmp/tmp1wmSK2.tmp: loaded model
I 2017-01-18 16:26:39 downhill.base:232 validation 3 loss=141.166762 err=141.166762 *
I 2017-01-18 16:38:52 downhill.base:232 RMSProp 4 loss=91.475369 err=91.475369
I 2017-01-18 16:38:52 theanets.graph:626 /tmp/tmpIw7FzP.tmp: saved model
I 2017-01-18 16:38:52 theanets.graph:643 /tmp/tmpIw7FzP.tmp: loaded model
I 2017-01-18 16:40:09 downhill.base:232 validation 4 loss=57.904020 err=57.904020 *
I 2017-01-18 16:52:16 downhill.base:232 RMSProp 5 loss=39.679557 err=39.679557
I 2017-01-18 16:52:16 theanets.graph:626 /tmp/tmpTsqvYm.tmp: saved model
I 2017-01-18 16:52:16 theanets.graph:643 /tmp/tmpTsqvYm.tmp: loaded model
I 2017-01-18 16:53:32 downhill.base:232 validation 5 loss=26.948316 err=26.948316 *
I 2017-01-18 17:05:39 downhill.base:232 RMSProp 6 loss=21.182849 err=21.182849
I 2017-01-18 17:05:39 theanets.graph:626 /tmp/tmpl27384.tmp: saved model
I 2017-01-18 17:05:39 theanets.graph:643 /tmp/tmpl27384.tmp: loaded model
I 2017-01-18 17:06:56 downhill.base:232 validation 6 loss=17.200273 err=17.200273 *
I 2017-01-18 17:19:14 downhill.base:232 RMSProp 7 loss=14.804422 err=14.804422
I 2017-01-18 17:19:14 theanets.graph:626 /tmp/tmpMLavH8.tmp: saved model
I 2017-01-18 17:19:14 theanets.graph:643 /tmp/tmpMLavH8.tmp: loaded model
I 2017-01-18 17:20:30 downhill.base:232 validation 7 loss=12.936891 err=12.936891 *
I 2017-01-18 17:32:32 downhill.base:232 RMSProp 8 loss=11.669721 err=11.669721
I 2017-01-18 17:32:32 theanets.graph:626 /tmp/tmpnCdbml.tmp: saved model
I 2017-01-18 17:32:32 theanets.graph:643 /tmp/tmpnCdbml.tmp: loaded model
I 2017-01-18 17:33:48 downhill.base:232 validation 8 loss=10.595412 err=10.595412 *
I 2017-01-18 17:45:54 downhill.base:232 RMSProp 9 loss=9.725576 err=9.725576
I 2017-01-18 17:45:54 theanets.graph:626 /tmp/tmpr08cR3.tmp: saved model
I 2017-01-18 17:45:54 theanets.graph:643 /tmp/tmpr08cR3.tmp: loaded model
I 2017-01-18 17:47:09 downhill.base:232 validation 9 loss=8.960459 err=8.960459 *
I 2017-01-18 17:59:10 downhill.base:232 RMSProp 10 loss=8.323095 err=8.323095
I 2017-01-18 17:59:10 theanets.graph:626 /tmp/tmpKBpJZ3.tmp: saved model
I 2017-01-18 17:59:10 theanets.graph:643 /tmp/tmpKBpJZ3.tmp: loaded model
I 2017-01-18 18:00:27 downhill.base:232 validation 10 loss=7.676476 err=7.676476 *
I 2017-01-18 18:12:30 downhill.base:232 RMSProp 11 loss=7.225327 err=7.225327
I 2017-01-18 18:12:30 theanets.graph:626 /tmp/tmpbH_Rur.tmp: saved model
I 2017-01-18 18:12:30 theanets.graph:643 /tmp/tmpbH_Rur.tmp: loaded model
I 2017-01-18 18:13:44 downhill.base:232 validation 11 loss=6.874543 err=6.874543 *
I 2017-01-18 18:25:50 downhill.base:232 RMSProp 12 loss=6.453968 err=6.453968
I 2017-01-18 18:25:50 theanets.graph:626 /tmp/tmpD82Fhn.tmp: saved model
I 2017-01-18 18:25:50 theanets.graph:643 /tmp/tmpD82Fhn.tmp: loaded model
I 2017-01-18 18:27:04 downhill.base:232 validation 12 loss=6.118842 err=6.118842 *
I 2017-01-18 18:39:04 downhill.base:232 RMSProp 13 loss=5.823971 err=5.823971
I 2017-01-18 18:39:04 theanets.graph:626 /tmp/tmppMqYDx.tmp: saved model
I 2017-01-18 18:39:04 theanets.graph:643 /tmp/tmppMqYDx.tmp: loaded model
I 2017-01-18 18:40:20 downhill.base:232 validation 13 loss=5.582603 err=5.582603 *
I 2017-01-18 18:52:20 downhill.base:232 RMSProp 14 loss=5.310745 err=5.310745
I 2017-01-18 18:52:20 theanets.graph:626 /tmp/tmpTDE2cO.tmp: saved model
I 2017-01-18 18:52:20 theanets.graph:643 /tmp/tmpTDE2cO.tmp: loaded model
I 2017-01-18 18:53:37 downhill.base:232 validation 14 loss=5.078818 err=5.078818 *
I 2017-01-18 19:05:48 downhill.base:232 RMSProp 15 loss=5.056404 err=5.056404
I 2017-01-18 19:05:48 theanets.graph:626 /tmp/tmpswsTvZ.tmp: saved model
I 2017-01-18 19:05:48 theanets.graph:643 /tmp/tmpswsTvZ.tmp: loaded model
I 2017-01-18 19:07:03 downhill.base:232 validation 15 loss=4.887563 err=4.887563 *
I 2017-01-18 19:19:06 downhill.base:232 RMSProp 16 loss=4.731829 err=4.731829
I 2017-01-18 19:19:06 theanets.graph:626 /tmp/tmp_wSHK3.tmp: saved model
I 2017-01-18 19:19:06 theanets.graph:643 /tmp/tmp_wSHK3.tmp: loaded model
I 2017-01-18 19:20:23 downhill.base:232 validation 16 loss=4.568609 err=4.568609 *
I 2017-01-18 19:32:21 downhill.base:232 RMSProp 17 loss=4.453698 err=4.453698
I 2017-01-18 19:32:21 theanets.graph:626 /tmp/tmpf_h0GR.tmp: saved model
I 2017-01-18 19:32:21 theanets.graph:643 /tmp/tmpf_h0GR.tmp: loaded model
I 2017-01-18 19:33:36 downhill.base:232 validation 17 loss=4.316530 err=4.316530 *
I 2017-01-18 19:45:42 downhill.base:232 RMSProp 18 loss=4.260167 err=4.260167
I 2017-01-18 19:45:42 theanets.graph:626 /tmp/tmpItJOeX.tmp: saved model
I 2017-01-18 19:45:42 theanets.graph:643 /tmp/tmpItJOeX.tmp: loaded model
I 2017-01-18 19:46:58 downhill.base:232 validation 18 loss=4.132807 err=4.132807 *
I 2017-01-18 19:59:04 downhill.base:232 RMSProp 19 loss=4.043227 err=4.043227
I 2017-01-18 19:59:04 theanets.graph:626 /tmp/tmpRaZU0Z.tmp: saved model
I 2017-01-18 19:59:04 theanets.graph:643 /tmp/tmpRaZU0Z.tmp: loaded model
I 2017-01-18 20:00:19 downhill.base:232 validation 19 loss=4.004465 err=4.004465 *
I 2017-01-18 20:12:25 downhill.base:232 RMSProp 20 loss=3.894965 err=3.894965
I 2017-01-18 20:12:25 theanets.graph:626 /tmp/tmpykY5QW.tmp: saved model
I 2017-01-18 20:12:25 theanets.graph:643 /tmp/tmpykY5QW.tmp: loaded model
I 2017-01-18 20:13:40 downhill.base:232 validation 20 loss=3.802449 err=3.802449 *
I 2017-01-18 20:25:40 downhill.base:232 RMSProp 21 loss=3.770943 err=3.770943
I 2017-01-18 20:25:40 theanets.graph:626 /tmp/tmpSOsV2R.tmp: saved model
I 2017-01-18 20:25:40 theanets.graph:643 /tmp/tmpSOsV2R.tmp: loaded model
I 2017-01-18 20:26:55 downhill.base:232 validation 21 loss=3.601269 err=3.601269 *
I 2017-01-18 20:38:55 downhill.base:232 RMSProp 22 loss=3.643655 err=3.643655
I 2017-01-18 20:38:55 theanets.graph:626 /tmp/tmp_0_G8U.tmp: saved model
I 2017-01-18 20:38:55 theanets.graph:643 /tmp/tmp_0_G8U.tmp: loaded model
I 2017-01-18 20:40:11 downhill.base:232 validation 22 loss=3.525052 err=3.525052 *
I 2017-01-18 20:52:10 downhill.base:232 RMSProp 23 loss=3.499628 err=3.499628
I 2017-01-18 20:52:10 theanets.graph:626 /tmp/tmp79JbHu.tmp: saved model
I 2017-01-18 20:52:10 theanets.graph:643 /tmp/tmp79JbHu.tmp: loaded model
I 2017-01-18 20:53:25 downhill.base:232 validation 23 loss=3.432366 err=3.432366 *
I 2017-01-18 21:05:23 downhill.base:232 RMSProp 24 loss=3.354218 err=3.354218
I 2017-01-18 21:05:23 theanets.graph:626 /tmp/tmpdGbpXJ.tmp: saved model
I 2017-01-18 21:05:23 theanets.graph:643 /tmp/tmpdGbpXJ.tmp: loaded model
I 2017-01-18 21:06:39 downhill.base:232 validation 24 loss=3.290918 err=3.290918 *
I 2017-01-18 21:18:41 downhill.base:232 RMSProp 25 loss=3.311664 err=3.311664
I 2017-01-18 21:18:41 theanets.graph:626 /tmp/tmpSasIZi.tmp: saved model
I 2017-01-18 21:18:41 theanets.graph:643 /tmp/tmpSasIZi.tmp: loaded model
I 2017-01-18 21:19:55 downhill.base:232 validation 25 loss=3.202434 err=3.202434 *
I 2017-01-18 21:31:49 downhill.base:232 RMSProp 26 loss=3.193211 err=3.193211
I 2017-01-18 21:31:49 theanets.graph:626 /tmp/tmpE6C4Rl.tmp: saved model
I 2017-01-18 21:31:49 theanets.graph:643 /tmp/tmpE6C4Rl.tmp: loaded model
I 2017-01-18 21:33:07 downhill.base:232 validation 26 loss=3.116787 err=3.116787 *
I 2017-01-18 21:45:09 downhill.base:232 RMSProp 27 loss=3.172124 err=3.172124
I 2017-01-18 21:45:09 theanets.graph:626 /tmp/tmpkNSlt_.tmp: saved model
I 2017-01-18 21:45:09 theanets.graph:643 /tmp/tmpkNSlt_.tmp: loaded model
I 2017-01-18 21:46:25 downhill.base:232 validation 27 loss=3.107142 err=3.107142
I 2017-01-18 21:58:23 downhill.base:232 RMSProp 28 loss=3.073928 err=3.073928
I 2017-01-18 21:58:23 theanets.graph:626 /tmp/tmp0aAT3S.tmp: saved model
I 2017-01-18 21:58:23 theanets.graph:643 /tmp/tmp0aAT3S.tmp: loaded model
I 2017-01-18 21:59:39 downhill.base:232 validation 28 loss=2.989674 err=2.989674 *
I 2017-01-18 22:11:45 downhill.base:232 RMSProp 29 loss=2.996927 err=2.996927
I 2017-01-18 22:11:45 theanets.graph:626 /tmp/tmpBDdA0z.tmp: saved model
I 2017-01-18 22:11:45 theanets.graph:643 /tmp/tmpBDdA0z.tmp: loaded model
I 2017-01-18 22:13:01 downhill.base:232 validation 29 loss=2.931660 err=2.931660 *
I 2017-01-18 22:24:58 downhill.base:232 RMSProp 30 loss=2.944355 err=2.944355
I 2017-01-18 22:24:58 theanets.graph:626 /tmp/tmpnuRRkt.tmp: saved model
I 2017-01-18 22:24:58 theanets.graph:643 /tmp/tmpnuRRkt.tmp: loaded model
I 2017-01-18 22:26:14 downhill.base:232 validation 30 loss=2.910251 err=2.910251 *
I 2017-01-18 22:38:19 downhill.base:232 RMSProp 31 loss=2.911668 err=2.911668
I 2017-01-18 22:38:19 theanets.graph:626 /tmp/tmp__4Ai3.tmp: saved model
I 2017-01-18 22:38:19 theanets.graph:643 /tmp/tmp__4Ai3.tmp: loaded model
I 2017-01-18 22:39:35 downhill.base:232 validation 31 loss=2.862155 err=2.862155 *
I 2017-01-18 22:51:37 downhill.base:232 RMSProp 32 loss=2.871760 err=2.871760
I 2017-01-18 22:51:37 theanets.graph:626 /tmp/tmpu8Ysz6.tmp: saved model
I 2017-01-18 22:51:37 theanets.graph:643 /tmp/tmpu8Ysz6.tmp: loaded model
I 2017-01-18 22:52:50 downhill.base:232 validation 32 loss=2.765093 err=2.765093 *
I 2017-01-18 23:04:53 downhill.base:232 RMSProp 33 loss=2.792965 err=2.792965
I 2017-01-18 23:04:53 theanets.graph:626 /tmp/tmpwhGpPD.tmp: saved model
I 2017-01-18 23:04:53 theanets.graph:643 /tmp/tmpwhGpPD.tmp: loaded model
I 2017-01-18 23:06:09 downhill.base:232 validation 33 loss=2.780579 err=2.780579
I 2017-01-18 23:18:11 downhill.base:232 RMSProp 34 loss=2.760503 err=2.760503
I 2017-01-18 23:18:11 theanets.graph:626 /tmp/tmpZgQwaO.tmp: saved model
I 2017-01-18 23:18:11 theanets.graph:643 /tmp/tmpZgQwaO.tmp: loaded model
I 2017-01-18 23:19:26 downhill.base:232 validation 34 loss=2.687620 err=2.687620 *
I 2017-01-18 23:31:30 downhill.base:232 RMSProp 35 loss=2.696662 err=2.696662
I 2017-01-18 23:31:30 theanets.graph:626 /tmp/tmpIgB4Xs.tmp: saved model
I 2017-01-18 23:31:30 theanets.graph:643 /tmp/tmpIgB4Xs.tmp: loaded model
I 2017-01-18 23:32:45 downhill.base:232 validation 35 loss=2.666013 err=2.666013 *
I 2017-01-18 23:44:44 downhill.base:232 RMSProp 36 loss=2.678449 err=2.678449
I 2017-01-18 23:44:44 theanets.graph:626 /tmp/tmpsSXsRo.tmp: saved model
I 2017-01-18 23:44:44 theanets.graph:643 /tmp/tmpsSXsRo.tmp: loaded model
I 2017-01-18 23:46:01 downhill.base:232 validation 36 loss=2.602980 err=2.602980 *
I 2017-01-18 23:58:19 downhill.base:232 RMSProp 37 loss=2.669525 err=2.669525
I 2017-01-18 23:58:19 theanets.graph:626 /tmp/tmpLJ76f_.tmp: saved model
I 2017-01-18 23:58:19 theanets.graph:643 /tmp/tmpLJ76f_.tmp: loaded model
I 2017-01-18 23:59:33 downhill.base:232 validation 37 loss=2.700483 err=2.700483
I 2017-01-19 00:11:33 downhill.base:232 RMSProp 38 loss=2.599600 err=2.599600
I 2017-01-19 00:11:33 theanets.graph:626 /tmp/tmp11JJHo.tmp: saved model
I 2017-01-19 00:11:33 theanets.graph:643 /tmp/tmp11JJHo.tmp: loaded model
I 2017-01-19 00:12:49 downhill.base:232 validation 38 loss=2.559046 err=2.559046 *
I 2017-01-19 00:24:30 downhill.base:232 RMSProp 39 loss=2.627329 err=2.627329
I 2017-01-19 00:24:30 theanets.graph:626 /tmp/tmpZYhZ8v.tmp: saved model
I 2017-01-19 00:24:30 theanets.graph:643 /tmp/tmpZYhZ8v.tmp: loaded model
I 2017-01-19 00:25:46 downhill.base:232 validation 39 loss=2.497729 err=2.497729 *
I 2017-01-19 00:37:46 downhill.base:232 RMSProp 40 loss=2.562171 err=2.562171
I 2017-01-19 00:37:46 theanets.graph:626 /tmp/tmppTpE4X.tmp: saved model
I 2017-01-19 00:37:46 theanets.graph:643 /tmp/tmppTpE4X.tmp: loaded model
I 2017-01-19 00:39:01 downhill.base:232 validation 40 loss=2.531521 err=2.531521
I 2017-01-19 00:50:59 downhill.base:232 RMSProp 41 loss=2.549774 err=2.549774
I 2017-01-19 00:50:59 theanets.graph:626 /tmp/tmp9eSQbF.tmp: saved model
I 2017-01-19 00:50:59 theanets.graph:643 /tmp/tmp9eSQbF.tmp: loaded model
I 2017-01-19 00:52:13 downhill.base:232 validation 41 loss=2.525778 err=2.525778
I 2017-01-19 01:04:11 downhill.base:232 RMSProp 42 loss=2.538599 err=2.538599
I 2017-01-19 01:04:11 theanets.graph:626 /tmp/tmpnfZvCK.tmp: saved model
I 2017-01-19 01:04:11 theanets.graph:643 /tmp/tmpnfZvCK.tmp: loaded model
I 2017-01-19 01:05:27 downhill.base:232 validation 42 loss=2.495495 err=2.495495
I 2017-01-19 01:17:24 downhill.base:232 RMSProp 43 loss=2.473629 err=2.473629
I 2017-01-19 01:17:24 theanets.graph:626 /tmp/tmpHz2bCi.tmp: saved model
I 2017-01-19 01:17:24 theanets.graph:643 /tmp/tmpHz2bCi.tmp: loaded model
I 2017-01-19 01:18:40 downhill.base:232 validation 43 loss=2.508586 err=2.508586
I 2017-01-19 01:30:37 downhill.base:232 RMSProp 44 loss=2.486317 err=2.486317
I 2017-01-19 01:30:37 theanets.graph:626 /tmp/tmpO8iAm3.tmp: saved model
I 2017-01-19 01:30:37 theanets.graph:643 /tmp/tmpO8iAm3.tmp: loaded model
I 2017-01-19 01:31:51 downhill.base:232 validation 44 loss=2.382740 err=2.382740 *
I 2017-01-19 01:43:48 downhill.base:232 RMSProp 45 loss=2.442051 err=2.442051
I 2017-01-19 01:43:48 theanets.graph:626 /tmp/tmpB10vN3.tmp: saved model
I 2017-01-19 01:43:48 theanets.graph:643 /tmp/tmpB10vN3.tmp: loaded model
I 2017-01-19 01:45:03 downhill.base:232 validation 45 loss=2.339786 err=2.339786 *
I 2017-01-19 01:57:03 downhill.base:232 RMSProp 46 loss=2.462972 err=2.462972
I 2017-01-19 01:57:03 theanets.graph:626 /tmp/tmpYYgmM1.tmp: saved model
I 2017-01-19 01:57:03 theanets.graph:643 /tmp/tmpYYgmM1.tmp: loaded model
I 2017-01-19 01:58:19 downhill.base:232 validation 46 loss=2.317057 err=2.317057 *
I 2017-01-19 02:10:15 downhill.base:232 RMSProp 47 loss=2.425360 err=2.425360
I 2017-01-19 02:10:15 theanets.graph:626 /tmp/tmpVGxXXR.tmp: saved model
I 2017-01-19 02:10:15 theanets.graph:643 /tmp/tmpVGxXXR.tmp: loaded model
I 2017-01-19 02:11:30 downhill.base:232 validation 47 loss=2.339837 err=2.339837
I 2017-01-19 02:23:21 downhill.base:232 RMSProp 48 loss=2.373211 err=2.373211
I 2017-01-19 02:23:21 theanets.graph:626 /tmp/tmpgMCj79.tmp: saved model
I 2017-01-19 02:23:21 theanets.graph:643 /tmp/tmpgMCj79.tmp: loaded model
I 2017-01-19 02:24:36 downhill.base:232 validation 48 loss=2.373339 err=2.373339
I 2017-01-19 02:36:30 downhill.base:232 RMSProp 49 loss=2.362122 err=2.362122
I 2017-01-19 02:36:30 theanets.graph:626 /tmp/tmpLsEODy.tmp: saved model
I 2017-01-19 02:36:30 theanets.graph:643 /tmp/tmpLsEODy.tmp: loaded model
I 2017-01-19 02:37:45 downhill.base:232 validation 49 loss=2.424810 err=2.424810
I 2017-01-19 02:49:40 downhill.base:232 RMSProp 50 loss=2.327200 err=2.327200
I 2017-01-19 02:49:40 theanets.graph:626 /tmp/tmptT2H1c.tmp: saved model
I 2017-01-19 02:49:40 theanets.graph:643 /tmp/tmptT2H1c.tmp: loaded model
I 2017-01-19 02:50:55 downhill.base:232 validation 50 loss=2.338001 err=2.338001
I 2017-01-19 03:02:53 downhill.base:232 RMSProp 51 loss=2.316611 err=2.316611
I 2017-01-19 03:02:53 theanets.graph:626 /tmp/tmp2aPSXa.tmp: saved model
I 2017-01-19 03:02:53 theanets.graph:643 /tmp/tmp2aPSXa.tmp: loaded model
I 2017-01-19 03:04:09 downhill.base:232 validation 51 loss=2.243134 err=2.243134 *
I 2017-01-19 03:16:06 downhill.base:232 RMSProp 52 loss=2.331918 err=2.331918
I 2017-01-19 03:16:06 theanets.graph:626 /tmp/tmptXeGBU.tmp: saved model
I 2017-01-19 03:16:06 theanets.graph:643 /tmp/tmptXeGBU.tmp: loaded model
I 2017-01-19 03:17:22 downhill.base:232 validation 52 loss=2.263728 err=2.263728
I 2017-01-19 03:29:18 downhill.base:232 RMSProp 53 loss=2.275932 err=2.275932
I 2017-01-19 03:29:18 theanets.graph:626 /tmp/tmpN7evhQ.tmp: saved model
I 2017-01-19 03:29:18 theanets.graph:643 /tmp/tmpN7evhQ.tmp: loaded model
I 2017-01-19 03:30:33 downhill.base:232 validation 53 loss=2.238030 err=2.238030
I 2017-01-19 03:42:31 downhill.base:232 RMSProp 54 loss=2.284950 err=2.284950
I 2017-01-19 03:42:31 theanets.graph:626 /tmp/tmpMuu17r.tmp: saved model
I 2017-01-19 03:42:31 theanets.graph:643 /tmp/tmpMuu17r.tmp: loaded model
I 2017-01-19 03:43:47 downhill.base:232 validation 54 loss=2.242754 err=2.242754
I 2017-01-19 03:55:43 downhill.base:232 RMSProp 55 loss=2.229545 err=2.229545
I 2017-01-19 03:55:43 theanets.graph:626 /tmp/tmp9W5aTj.tmp: saved model
I 2017-01-19 03:55:43 theanets.graph:643 /tmp/tmp9W5aTj.tmp: loaded model
I 2017-01-19 03:56:59 downhill.base:232 validation 55 loss=2.188614 err=2.188614 *
I 2017-01-19 04:08:55 downhill.base:232 RMSProp 56 loss=2.208041 err=2.208041
I 2017-01-19 04:08:55 theanets.graph:626 /tmp/tmpnpltMi.tmp: saved model
I 2017-01-19 04:08:55 theanets.graph:643 /tmp/tmpnpltMi.tmp: loaded model
I 2017-01-19 04:10:10 downhill.base:232 validation 56 loss=2.183100 err=2.183100
I 2017-01-19 04:22:06 downhill.base:232 RMSProp 57 loss=2.224423 err=2.224423
I 2017-01-19 04:22:06 theanets.graph:626 /tmp/tmpnZmR03.tmp: saved model
I 2017-01-19 04:22:06 theanets.graph:643 /tmp/tmpnZmR03.tmp: loaded model
I 2017-01-19 04:23:22 downhill.base:232 validation 57 loss=2.152931 err=2.152931 *
I 2017-01-19 04:35:20 downhill.base:232 RMSProp 58 loss=2.215873 err=2.215873
I 2017-01-19 04:35:20 theanets.graph:626 /tmp/tmpRGt7QG.tmp: saved model
I 2017-01-19 04:35:20 theanets.graph:643 /tmp/tmpRGt7QG.tmp: loaded model
I 2017-01-19 04:36:37 downhill.base:232 validation 58 loss=2.533361 err=2.533361
I 2017-01-19 04:48:33 downhill.base:232 RMSProp 59 loss=2.194524 err=2.194524
I 2017-01-19 04:48:33 theanets.graph:626 /tmp/tmpA4NGk2.tmp: saved model
I 2017-01-19 04:48:33 theanets.graph:643 /tmp/tmpA4NGk2.tmp: loaded model
I 2017-01-19 04:49:47 downhill.base:232 validation 59 loss=2.148671 err=2.148671
I 2017-01-19 05:01:41 downhill.base:232 RMSProp 60 loss=2.179488 err=2.179488
I 2017-01-19 05:01:41 theanets.graph:626 /tmp/tmpXrjBHh.tmp: saved model
I 2017-01-19 05:01:41 theanets.graph:643 /tmp/tmpXrjBHh.tmp: loaded model
I 2017-01-19 05:02:56 downhill.base:232 validation 60 loss=2.103502 err=2.103502 *
I 2017-01-19 05:19:20 downhill.base:232 RMSProp 61 loss=2.168993 err=2.168993
I 2017-01-19 05:19:20 theanets.graph:626 /tmp/tmps5enUL.tmp: saved model
I 2017-01-19 05:19:20 theanets.graph:643 /tmp/tmps5enUL.tmp: loaded model
I 2017-01-19 05:20:34 downhill.base:232 validation 61 loss=2.186159 err=2.186159
I 2017-01-19 05:32:39 downhill.base:232 RMSProp 62 loss=2.145279 err=2.145279
I 2017-01-19 05:32:39 theanets.graph:626 /tmp/tmp9TcUke.tmp: saved model
I 2017-01-19 05:32:39 theanets.graph:643 /tmp/tmp9TcUke.tmp: loaded model
I 2017-01-19 05:33:57 downhill.base:232 validation 62 loss=2.195105 err=2.195105
I 2017-01-19 05:45:54 downhill.base:232 RMSProp 63 loss=2.170375 err=2.170375
I 2017-01-19 05:45:54 theanets.graph:626 /tmp/tmpWR36iN.tmp: saved model
I 2017-01-19 05:45:54 theanets.graph:643 /tmp/tmpWR36iN.tmp: loaded model
I 2017-01-19 05:47:10 downhill.base:232 validation 63 loss=2.082598 err=2.082598 *
I 2017-01-19 05:56:55 downhill.base:419 interrupted!
I 2017-01-19 05:56:56 theanets.graph:626 /tmp/tmpm1ff6K.tmp: saved model
I 2017-01-19 05:56:56 theanets.graph:643 /tmp/tmpm1ff6K.tmp: loaded model
Traceback (most recent call last):
  File "/usr/local/lib/python2.7/dist-packages/spearmint/launcher.py", line 243, in launch
    result = python_launcher(job)
  File "/usr/local/lib/python2.7/dist-packages/spearmint/launcher.py", line 327, in python_launcher
    result = module.main(job['id'], params)
  File "../../omain.py", line 20, in main
    o=float(rnn.function(no_array,run_id=job_id))
  File "../../rnn.py", line 128, in function
    rnndb.save_net(gts_id,params,xp.network,run_id=run_id)
  File "../../rnndb.py", line 69, in save_net
    o= tbl.insert_one(pc).inserted_id
  File "/usr/local/lib/python2.7/dist-packages/pymongo/collection.py", line 654, in insert_one
    with self._socket_for_writes() as sock_info:
  File "/usr/lib/python2.7/contextlib.py", line 17, in __enter__
    return self.gen.next()
  File "/usr/local/lib/python2.7/dist-packages/pymongo/mongo_client.py", line 825, in _get_socket
    with server.get_socket(self.__all_credentials) as sock_info:
  File "/usr/lib/python2.7/contextlib.py", line 17, in __enter__
    return self.gen.next()
  File "/usr/local/lib/python2.7/dist-packages/pymongo/server.py", line 168, in get_socket
    with self.pool.get_socket(all_credentials, checkout) as sock_info:
  File "/usr/lib/python2.7/contextlib.py", line 17, in __enter__
    return self.gen.next()
  File "/usr/local/lib/python2.7/dist-packages/pymongo/pool.py", line 790, in get_socket
    sock_info = self._get_socket_no_auth()
  File "/usr/local/lib/python2.7/dist-packages/pymongo/pool.py", line 836, in _get_socket_no_auth
    sock_info = self._check(sock_info)
  File "/usr/local/lib/python2.7/dist-packages/pymongo/pool.py", line 890, in _check
    return self.connect()
  File "/usr/local/lib/python2.7/dist-packages/pymongo/pool.py", line 763, in connect
    _raise_connection_failure(self.address, error)
  File "/usr/local/lib/python2.7/dist-packages/pymongo/pool.py", line 211, in _raise_connection_failure
    raise AutoReconnect(msg)
AutoReconnect: localhost:27017: [Errno 111] Connection refused
Problem executing the function
Job failed in 51225.74 seconds.
(<class 'pymongo.errors.AutoReconnect'>, AutoReconnect('localhost:27017: [Errno 111] Connection refused',), <traceback object at 0x7fdd660425a8>)
Traceback (most recent call last):
  File "/usr/local/lib/python2.7/dist-packages/spearmint/launcher.py", line 415, in <module>
    main()
  File "/usr/local/lib/python2.7/dist-packages/spearmint/launcher.py", line 219, in main
    launch(options.db_address, options.experiment_name, options.job_id)
  File "/usr/local/lib/python2.7/dist-packages/spearmint/launcher.py", line 293, in launch
    db.save(job, experiment_name, 'jobs', {'id' : job_id})
  File "/usr/local/lib/python2.7/dist-packages/spearmint/utils/database/mongodb.py", line 218, in save
    dbdocs       = list(dbcollection.find(field_filters))
  File "/usr/local/lib/python2.7/dist-packages/pymongo/cursor.py", line 1114, in next
    if len(self.__data) or self._refresh():
  File "/usr/local/lib/python2.7/dist-packages/pymongo/cursor.py", line 1036, in _refresh
    self.__collation))
  File "/usr/local/lib/python2.7/dist-packages/pymongo/cursor.py", line 873, in __send_message
    **kwargs)
  File "/usr/local/lib/python2.7/dist-packages/pymongo/mongo_client.py", line 888, in _send_message_with_response
    server = topology.select_server(selector)
  File "/usr/local/lib/python2.7/dist-packages/pymongo/topology.py", line 214, in select_server
    address))
  File "/usr/local/lib/python2.7/dist-packages/pymongo/topology.py", line 189, in select_servers
    self._error_message(selector))
pymongo.errors.ServerSelectionTimeoutError: localhost:27017: [Errno 111] Connection refused
