Job launching after 3.85 seconds in submission.
Running python job.
Changed into dir /home/taz/fyp/taz/experiments/global
Importing o.py
Running o.main()
global
global
global
global
I 2017-01-19 07:20:38 theanets.layers.base:371 layer Input "in": 1 inputs
I 2017-01-19 07:20:38 theanets.layers.base:207 layer LSTM "hid1": (in:out)1 -> 1, sigmoid, 15 parameters
I 2017-01-19 07:20:38 theanets.layers.base:207 layer LSTM "hid2": (hid1:out)1 -> 1, sigmoid, 15 parameters
I 2017-01-19 07:20:38 theanets.layers.base:207 layer Feedforward "out": (hid2:out)1 -> 1, linear, 2 parameters
I 2017-01-19 07:20:38 theanets.graph:94 network has 32 total parameters
stateit 0
it 100000
I 2017-01-19 07:20:38 downhill.dataset:118 valid: 95 mini-batches from callable
I 2017-01-19 07:20:38 downhill.dataset:118 train: 283 mini-batches from callable
I 2017-01-19 07:20:38 theanets.graph:447 building computation graph
I 2017-01-19 07:20:38 theanets.losses:67 using loss: 1.0 * MeanSquaredError (output out:out)
I 2017-01-19 07:20:38 theanets.regularizers:711 regularizer: 9.76721119881 * GaussianNoise(('in:out',))
I 2017-01-19 07:20:43 downhill.base:389 -- patience = 5
I 2017-01-19 07:20:43 downhill.base:390 -- validate_every = 1
I 2017-01-19 07:20:43 downhill.base:391 -- max_updates = None
I 2017-01-19 07:20:43 downhill.base:392 -- min_improvement = 0.005
I 2017-01-19 07:20:43 downhill.base:393 -- max_gradient_norm = 0
I 2017-01-19 07:20:43 downhill.base:394 -- max_gradient_elem = 0
I 2017-01-19 07:20:43 downhill.base:395 -- learning_rate = 0.0001
I 2017-01-19 07:20:43 downhill.base:396 -- momentum = 0
I 2017-01-19 07:20:43 downhill.base:397 -- nesterov = True
I 2017-01-19 07:20:43 downhill.adaptive:220 -- rms_halflife = 14
I 2017-01-19 07:20:43 downhill.adaptive:221 -- rms_regularizer = 1e-08
I 2017-01-19 07:20:43 downhill.base:118 compiling evaluation function
I 2017-01-19 07:20:46 downhill.base:124 compiling RMSProp function
I 2017-01-19 07:21:52 downhill.base:232 validation 0 loss=1021.551773 err=1021.551773 *
I 2017-01-19 07:30:19 downhill.base:232 RMSProp 1 loss=989.391748 err=989.391748
I 2017-01-19 07:30:20 theanets.graph:626 /tmp/tmpC_UdwA.tmp: saved model
I 2017-01-19 07:30:20 theanets.graph:643 /tmp/tmpC_UdwA.tmp: loaded model
I 2017-01-19 07:31:07 downhill.base:232 validation 1 loss=910.933520 err=910.933520 *
I 2017-01-19 07:39:15 downhill.base:232 RMSProp 2 loss=760.553850 err=760.553850
I 2017-01-19 07:39:15 theanets.graph:626 /tmp/tmpSJG5JL.tmp: saved model
I 2017-01-19 07:39:15 theanets.graph:643 /tmp/tmpSJG5JL.tmp: loaded model
I 2017-01-19 07:40:02 downhill.base:232 validation 2 loss=599.652560 err=599.652560 *
I 2017-01-19 07:48:08 downhill.base:232 RMSProp 3 loss=518.832737 err=518.832737
I 2017-01-19 07:48:08 theanets.graph:626 /tmp/tmpPnDqKx.tmp: saved model
I 2017-01-19 07:48:08 theanets.graph:643 /tmp/tmpPnDqKx.tmp: loaded model
I 2017-01-19 07:48:54 downhill.base:232 validation 3 loss=449.278662 err=449.278662 *
I 2017-01-19 07:56:58 downhill.base:232 RMSProp 4 loss=394.964639 err=394.964639
I 2017-01-19 07:56:58 theanets.graph:626 /tmp/tmpSgnUtR.tmp: saved model
I 2017-01-19 07:56:58 theanets.graph:643 /tmp/tmpSgnUtR.tmp: loaded model
I 2017-01-19 07:57:44 downhill.base:232 validation 4 loss=346.269443 err=346.269443 *
I 2017-01-19 08:05:42 downhill.base:232 RMSProp 5 loss=308.294315 err=308.294315
I 2017-01-19 08:05:42 theanets.graph:626 /tmp/tmpirZ0Fs.tmp: saved model
I 2017-01-19 08:05:42 theanets.graph:643 /tmp/tmpirZ0Fs.tmp: loaded model
I 2017-01-19 08:06:26 downhill.base:232 validation 5 loss=274.701672 err=274.701672 *
I 2017-01-19 08:14:23 downhill.base:232 RMSProp 6 loss=249.346686 err=249.346686
I 2017-01-19 08:14:23 theanets.graph:626 /tmp/tmp49rxQ4.tmp: saved model
I 2017-01-19 08:14:23 theanets.graph:643 /tmp/tmp49rxQ4.tmp: loaded model
I 2017-01-19 08:15:07 downhill.base:232 validation 6 loss=227.332710 err=227.332710 *
I 2017-01-19 08:23:03 downhill.base:232 RMSProp 7 loss=211.422920 err=211.422920
I 2017-01-19 08:23:03 theanets.graph:626 /tmp/tmpgYnMxK.tmp: saved model
I 2017-01-19 08:23:03 theanets.graph:643 /tmp/tmpgYnMxK.tmp: loaded model
I 2017-01-19 08:23:46 downhill.base:232 validation 7 loss=197.948398 err=197.948398 *
I 2017-01-19 08:31:41 downhill.base:232 RMSProp 8 loss=188.773901 err=188.773901
I 2017-01-19 08:31:41 theanets.graph:626 /tmp/tmpae8fvw.tmp: saved model
I 2017-01-19 08:31:41 theanets.graph:643 /tmp/tmpae8fvw.tmp: loaded model
I 2017-01-19 08:32:26 downhill.base:232 validation 8 loss=181.267506 err=181.267506 *
I 2017-01-19 08:40:20 downhill.base:232 RMSProp 9 loss=176.582492 err=176.582492
I 2017-01-19 08:40:20 theanets.graph:626 /tmp/tmp7MTN_N.tmp: saved model
I 2017-01-19 08:40:20 theanets.graph:643 /tmp/tmp7MTN_N.tmp: loaded model
I 2017-01-19 08:41:04 downhill.base:232 validation 9 loss=172.939790 err=172.939790 *
I 2017-01-19 08:48:55 downhill.base:232 RMSProp 10 loss=170.961014 err=170.961014
I 2017-01-19 08:48:55 theanets.graph:626 /tmp/tmpjGZ8se.tmp: saved model
I 2017-01-19 08:48:55 theanets.graph:643 /tmp/tmpjGZ8se.tmp: loaded model
I 2017-01-19 08:49:38 downhill.base:232 validation 10 loss=169.542456 err=169.542456 *
I 2017-01-19 08:57:32 downhill.base:232 RMSProp 11 loss=168.946702 err=168.946702
I 2017-01-19 08:57:32 theanets.graph:626 /tmp/tmpxOcpB0.tmp: saved model
I 2017-01-19 08:57:32 theanets.graph:643 /tmp/tmpxOcpB0.tmp: loaded model
I 2017-01-19 08:58:14 downhill.base:232 validation 11 loss=168.574922 err=168.574922 *
I 2017-01-19 09:06:11 downhill.base:232 RMSProp 12 loss=168.494621 err=168.494621
I 2017-01-19 09:06:11 theanets.graph:626 /tmp/tmpwuqsd1.tmp: saved model
I 2017-01-19 09:06:11 theanets.graph:643 /tmp/tmpwuqsd1.tmp: loaded model
I 2017-01-19 09:06:56 downhill.base:232 validation 12 loss=168.448594 err=168.448594
I 2017-01-19 09:14:47 downhill.base:232 RMSProp 13 loss=168.457834 err=168.457834
I 2017-01-19 09:14:47 theanets.graph:626 /tmp/tmpsCi46h.tmp: saved model
I 2017-01-19 09:14:47 theanets.graph:643 /tmp/tmpsCi46h.tmp: loaded model
I 2017-01-19 09:15:31 downhill.base:232 validation 13 loss=168.446749 err=168.446749
I 2017-01-19 09:23:24 downhill.base:232 RMSProp 14 loss=168.457507 err=168.457507
I 2017-01-19 09:23:24 theanets.graph:626 /tmp/tmplv6JGG.tmp: saved model
I 2017-01-19 09:23:24 theanets.graph:643 /tmp/tmplv6JGG.tmp: loaded model
I 2017-01-19 09:24:08 downhill.base:232 validation 14 loss=168.446665 err=168.446665
I 2017-01-19 09:32:06 downhill.base:232 RMSProp 15 loss=168.457403 err=168.457403
I 2017-01-19 09:32:06 theanets.graph:626 /tmp/tmpEqFa7c.tmp: saved model
I 2017-01-19 09:32:06 theanets.graph:643 /tmp/tmpEqFa7c.tmp: loaded model
I 2017-01-19 09:32:50 downhill.base:232 validation 15 loss=168.446585 err=168.446585
I 2017-01-19 09:40:50 downhill.base:232 RMSProp 16 loss=168.457302 err=168.457302
I 2017-01-19 09:40:50 theanets.graph:626 /tmp/tmpIl4P6R.tmp: saved model
I 2017-01-19 09:40:50 theanets.graph:643 /tmp/tmpIl4P6R.tmp: loaded model
I 2017-01-19 09:41:35 downhill.base:232 validation 16 loss=168.446519 err=168.446519
I 2017-01-19 09:49:31 downhill.base:232 RMSProp 17 loss=168.457209 err=168.457209
I 2017-01-19 09:49:31 theanets.graph:626 /tmp/tmphrLmqn.tmp: saved model
I 2017-01-19 09:49:31 theanets.graph:643 /tmp/tmphrLmqn.tmp: loaded model
I 2017-01-19 09:50:15 downhill.base:232 validation 17 loss=168.446445 err=168.446445
I 2017-01-19 09:50:15 downhill.base:414 patience elapsed!
I 2017-01-19 09:50:15 theanets.graph:626 /tmp/tmpvWBHHq.tmp: saved model
I 2017-01-19 09:50:15 theanets.graph:643 /tmp/tmpvWBHHq.tmp: loaded model
Got result {'main': 168.44651898495147}
Completed successfully in 8983.43 seconds. [{'main': 168.44651898495147}]
