Job launching after 0.11 seconds in submission.
Running python job.
Changed into dir /home/taz/fyp/taz/experiments/global
Importing o.py
Running o.main()
global
global
global
global
I 2017-01-17 09:01:06 theanets.layers.base:371 layer Input "in": 1 inputs
I 2017-01-17 09:01:06 theanets.layers.base:207 layer LSTM "hid1": (in:out)1 -> 5, sigmoid, 155 parameters
I 2017-01-17 09:01:06 theanets.layers.base:207 layer LSTM "hid2": (hid1:out)5 -> 5, sigmoid, 235 parameters
I 2017-01-17 09:01:06 theanets.layers.base:207 layer Feedforward "out": (hid2:out)5 -> 1, linear, 6 parameters
I 2017-01-17 09:01:06 theanets.graph:94 network has 396 total parameters
stateit 0
it 3
I 2017-01-17 09:01:06 downhill.dataset:118 valid: 95 mini-batches from callable
I 2017-01-17 09:01:06 downhill.dataset:118 train: 283 mini-batches from callable
I 2017-01-17 09:01:06 theanets.graph:447 building computation graph
I 2017-01-17 09:01:06 theanets.losses:67 using loss: 1.0 * MeanSquaredError (output out:out)
I 2017-01-17 09:01:06 theanets.regularizers:711 regularizer: 9.76721119881 * GaussianNoise(('in:out',))
I 2017-01-17 09:01:07 downhill.base:389 -- patience = 5
I 2017-01-17 09:01:07 downhill.base:390 -- validate_every = 1
I 2017-01-17 09:01:07 downhill.base:391 -- max_updates = None
I 2017-01-17 09:01:07 downhill.base:392 -- min_improvement = 0.005
I 2017-01-17 09:01:07 downhill.base:393 -- max_gradient_norm = 0
I 2017-01-17 09:01:07 downhill.base:394 -- max_gradient_elem = 0
I 2017-01-17 09:01:07 downhill.base:395 -- learning_rate = 0.0001
I 2017-01-17 09:01:07 downhill.base:396 -- momentum = 0
I 2017-01-17 09:01:07 downhill.base:397 -- nesterov = True
I 2017-01-17 09:01:07 downhill.adaptive:220 -- rms_halflife = 14
I 2017-01-17 09:01:07 downhill.adaptive:221 -- rms_regularizer = 1e-08
I 2017-01-17 09:01:07 downhill.base:118 compiling evaluation function
I 2017-01-17 09:01:08 downhill.base:124 compiling RMSProp function
I 2017-01-17 09:02:33 downhill.base:232 validation 0 loss=1000.889178 err=1000.889178 *
I 2017-01-17 09:20:01 downhill.base:232 RMSProp 1 loss=940.512500 err=940.512500
I 2017-01-17 09:20:01 theanets.graph:626 /tmp/tmpuaCvi0.tmp: saved model
I 2017-01-17 09:20:01 theanets.graph:643 /tmp/tmpuaCvi0.tmp: loaded model
I 2017-01-17 09:21:18 downhill.base:232 validation 1 loss=811.558834 err=811.558834 *
I 2017-01-17 09:33:37 downhill.base:232 RMSProp 2 loss=671.550489 err=671.550489
I 2017-01-17 09:33:37 theanets.graph:626 /tmp/tmpBwpAq2.tmp: saved model
I 2017-01-17 09:33:37 theanets.graph:643 /tmp/tmpBwpAq2.tmp: loaded model
I 2017-01-17 09:34:42 downhill.base:232 validation 2 loss=537.649424 err=537.649424 *
I 2017-01-17 09:46:57 downhill.base:232 RMSProp 3 loss=432.380590 err=432.380590
I 2017-01-17 09:46:57 theanets.graph:626 /tmp/tmpLE9r6k.tmp: saved model
I 2017-01-17 09:46:57 theanets.graph:643 /tmp/tmpLE9r6k.tmp: loaded model
I 2017-01-17 09:46:57 theanets.graph:626 /tmp/tmp8GLmSb.tmp: saved model
I 2017-01-17 09:46:57 theanets.graph:643 /tmp/tmp8GLmSb.tmp: loaded model
Got result {'main': 537.6494238957462}
Completed successfully in 2751.70 seconds. [{'main': 537.6494238957462}]
