Job launching after 13.58 seconds in submission.
Running python job.
Changed into dir /home/taz/fyp/taz/experiments/global
Importing o.py
Running o.main()
global
global
global
global
I 2017-01-18 14:18:50 theanets.layers.base:371 layer Input "in": 1 inputs
I 2017-01-18 14:18:50 theanets.layers.base:207 layer LSTM "hid1": (in:out)1 -> 20, sigmoid, 1820 parameters
I 2017-01-18 14:18:50 theanets.layers.base:207 layer Feedforward "out": (hid1:out)20 -> 1, linear, 21 parameters
I 2017-01-18 14:18:50 theanets.graph:94 network has 1841 total parameters
stateit 1
it 2
I 2017-01-18 14:18:50 downhill.dataset:118 valid: 95 mini-batches from callable
I 2017-01-18 14:18:50 downhill.dataset:118 train: 283 mini-batches from callable
I 2017-01-18 14:18:50 theanets.graph:447 building computation graph
I 2017-01-18 14:18:50 theanets.losses:67 using loss: 1.0 * MeanSquaredError (output out:out)
I 2017-01-18 14:18:50 theanets.regularizers:711 regularizer: 9.76721119881 * GaussianNoise(('in:out',))
I 2017-01-18 14:19:07 downhill.base:389 -- patience = 5
I 2017-01-18 14:19:07 downhill.base:390 -- validate_every = 1
I 2017-01-18 14:19:07 downhill.base:391 -- max_updates = None
I 2017-01-18 14:19:07 downhill.base:392 -- min_improvement = 0.005
I 2017-01-18 14:19:07 downhill.base:393 -- max_gradient_norm = 0
I 2017-01-18 14:19:07 downhill.base:394 -- max_gradient_elem = 0
I 2017-01-18 14:19:07 downhill.base:395 -- learning_rate = 0.0001
I 2017-01-18 14:19:07 downhill.base:396 -- momentum = 0
I 2017-01-18 14:19:07 downhill.base:397 -- nesterov = True
I 2017-01-18 14:19:07 downhill.adaptive:220 -- rms_halflife = 14
I 2017-01-18 14:19:07 downhill.adaptive:221 -- rms_regularizer = 1e-08
I 2017-01-18 14:19:07 downhill.base:118 compiling evaluation function
I 2017-01-18 14:19:11 downhill.base:124 compiling RMSProp function
I 2017-01-18 14:20:40 downhill.base:232 validation 0 loss=1063.577206 err=1063.577206 *
I 2017-01-18 14:34:40 downhill.base:232 RMSProp 1 loss=895.416234 err=895.416234
I 2017-01-18 14:34:43 theanets.graph:626 /tmp/tmpNaftgR.tmp: saved model
I 2017-01-18 14:34:44 theanets.graph:643 /tmp/tmpNaftgR.tmp: loaded model
I 2017-01-18 14:36:03 downhill.base:232 validation 1 loss=626.417122 err=626.417122 *
I 2017-01-18 14:49:24 downhill.base:232 RMSProp 2 loss=421.550738 err=421.550738
I 2017-01-18 14:49:24 theanets.graph:626 /tmp/tmpySqsgC.tmp: saved model
I 2017-01-18 14:49:24 theanets.graph:643 /tmp/tmpySqsgC.tmp: loaded model
I 2017-01-18 14:49:24 theanets.graph:626 /tmp/tmpdJHLos.tmp: saved model
I 2017-01-18 14:49:24 theanets.graph:643 /tmp/tmpdJHLos.tmp: loaded model
Got result {'main': 626.4171218691178}
Completed successfully in 1867.93 seconds. [{'main': 626.4171218691178}]
