Job launching after 13.20 seconds in submission.
Running python job.
Changed into dir /home/taz/fyp/taz/experiments/global
Importing o.py
Running o.main()
global
global
global
global
I 2017-01-17 10:07:04 theanets.graph:643 /home/taz/fyp/taz/tmp1gO2kr.tmp: loaded model
stateit 3
it 4
I 2017-01-17 10:07:04 downhill.dataset:118 valid: 95 mini-batches from callable
I 2017-01-17 10:07:04 downhill.dataset:118 train: 283 mini-batches from callable
I 2017-01-17 10:07:04 theanets.graph:447 building computation graph
I 2017-01-17 10:07:04 theanets.losses:67 using loss: 1.0 * MeanSquaredError (output out:out)
I 2017-01-17 10:07:04 theanets.regularizers:711 regularizer: 9.76721119881 * GaussianNoise(('in:out',))
I 2017-01-17 10:07:15 downhill.base:389 -- patience = 5
I 2017-01-17 10:07:15 downhill.base:390 -- validate_every = 1
I 2017-01-17 10:07:15 downhill.base:391 -- max_updates = None
I 2017-01-17 10:07:15 downhill.base:392 -- min_improvement = 0.005
I 2017-01-17 10:07:15 downhill.base:393 -- max_gradient_norm = 0
I 2017-01-17 10:07:15 downhill.base:394 -- max_gradient_elem = 0
I 2017-01-17 10:07:15 downhill.base:395 -- learning_rate = 0.0001
I 2017-01-17 10:07:15 downhill.base:396 -- momentum = 0
I 2017-01-17 10:07:15 downhill.base:397 -- nesterov = True
I 2017-01-17 10:07:15 downhill.adaptive:220 -- rms_halflife = 14
I 2017-01-17 10:07:15 downhill.adaptive:221 -- rms_regularizer = 1e-08
I 2017-01-17 10:07:15 downhill.base:118 compiling evaluation function
I 2017-01-17 10:07:16 downhill.base:124 compiling RMSProp function
I 2017-01-17 10:07:50 downhill.base:232 validation 0 loss=1021.934688 err=1021.934688 *
I 2017-01-17 10:12:01 downhill.base:232 RMSProp 1 loss=986.925281 err=986.925281
I 2017-01-17 10:12:01 theanets.graph:626 /tmp/tmpvfphVi.tmp: saved model
I 2017-01-17 10:12:01 theanets.graph:643 /tmp/tmpvfphVi.tmp: loaded model
I 2017-01-17 10:12:24 downhill.base:232 validation 1 loss=895.317593 err=895.317593 *
I 2017-01-17 10:16:38 downhill.base:232 RMSProp 2 loss=767.125662 err=767.125662
I 2017-01-17 10:16:38 theanets.graph:626 /tmp/tmpjdP0Eo.tmp: saved model
I 2017-01-17 10:16:38 theanets.graph:643 /tmp/tmpjdP0Eo.tmp: loaded model
I 2017-01-17 10:17:01 downhill.base:232 validation 2 loss=657.582209 err=657.582209 *
I 2017-01-17 10:21:01 downhill.base:232 RMSProp 3 loss=573.961439 err=573.961439
I 2017-01-17 10:21:01 theanets.graph:626 /tmp/tmpsOUtky.tmp: saved model
I 2017-01-17 10:21:01 theanets.graph:643 /tmp/tmpsOUtky.tmp: loaded model
I 2017-01-17 10:21:24 downhill.base:232 validation 3 loss=497.861694 err=497.861694 *
I 2017-01-17 10:25:24 downhill.base:232 RMSProp 4 loss=436.370138 err=436.370138
I 2017-01-17 10:25:24 theanets.graph:626 /tmp/tmp7iQNvs.tmp: saved model
I 2017-01-17 10:25:24 theanets.graph:643 /tmp/tmp7iQNvs.tmp: loaded model
I 2017-01-17 10:25:24 theanets.graph:626 /tmp/tmpzkCzK_.tmp: saved model
I 2017-01-17 10:25:24 theanets.graph:643 /tmp/tmpzkCzK_.tmp: loaded model
Got result {'main': 497.86169443831756}
Completed successfully in 1121.72 seconds. [{'main': 497.86169443831756}]
