Job launching after 0.73 seconds in submission.
Running python job.
Changed into dir /home/garth/FYP/taz/experiments/gctime
Importing o.py
Running o.main()
gctime
gctime
gctime
gctime
I 2017-01-08 17:39:48 theanets.layers.base:371 layer Input "in": 1 inputs
I 2017-01-08 17:39:48 theanets.layers.base:207 layer LSTM "hid1": (in:out)1 -> 12, sigmoid, 708 parameters
I 2017-01-08 17:39:49 theanets.layers.base:207 layer LSTM "hid2": (hid1:out)12 -> 12, sigmoid, 1236 parameters
I 2017-01-08 17:39:49 theanets.layers.base:207 layer Feedforward "out": (hid2:out)12 -> 1, linear, 13 parameters
I 2017-01-08 17:39:49 theanets.graph:94 network has 1957 total parameters
stateit 0
it 3
I 2017-01-08 17:39:49 downhill.dataset:118 valid: 95 mini-batches from callable
I 2017-01-08 17:39:49 downhill.dataset:118 train: 283 mini-batches from callable
I 2017-01-08 17:39:49 theanets.graph:447 building computation graph
I 2017-01-08 17:39:49 theanets.losses:67 using loss: 1.0 * MeanSquaredError (output out:out)
I 2017-01-08 17:39:49 theanets.regularizers:711 regularizer: 5.24051177502 * GaussianNoise(('in:out',))
I 2017-01-08 17:39:52 downhill.base:389 -- patience = 5
I 2017-01-08 17:39:52 downhill.base:390 -- validate_every = 1
I 2017-01-08 17:39:52 downhill.base:391 -- max_updates = None
I 2017-01-08 17:39:52 downhill.base:392 -- min_improvement = 0.005
I 2017-01-08 17:39:52 downhill.base:393 -- max_gradient_norm = 0
I 2017-01-08 17:39:52 downhill.base:394 -- max_gradient_elem = 0
I 2017-01-08 17:39:52 downhill.base:395 -- learning_rate = 0.0001
I 2017-01-08 17:39:52 downhill.base:396 -- momentum = 0
I 2017-01-08 17:39:52 downhill.base:397 -- nesterov = True
I 2017-01-08 17:39:52 downhill.adaptive:220 -- rms_halflife = 14
I 2017-01-08 17:39:52 downhill.adaptive:221 -- rms_regularizer = 1e-08
I 2017-01-08 17:39:52 downhill.base:118 compiling evaluation function
I 2017-01-08 17:40:04 downhill.base:124 compiling RMSProp function
I 2017-01-08 17:49:22 downhill.base:232 validation 0 loss=253.099908 err=253.099908 *
I 2017-01-08 19:36:48 downhill.base:232 RMSProp 1 loss=202.665396 err=202.665396
I 2017-01-08 19:36:48 theanets.graph:626 /tmp/tmpNTz081.tmp: saved model
I 2017-01-08 19:36:48 theanets.graph:643 /tmp/tmpNTz081.tmp: loaded model
I 2017-01-08 19:43:58 downhill.base:232 validation 1 loss=132.341227 err=132.341227 *
I 2017-01-08 21:31:27 downhill.base:232 RMSProp 2 loss=91.776568 err=91.776568
I 2017-01-08 21:31:27 theanets.graph:626 /tmp/tmp_AfwgW.tmp: saved model
I 2017-01-08 21:31:27 theanets.graph:643 /tmp/tmp_AfwgW.tmp: loaded model
I 2017-01-08 21:38:53 downhill.base:232 validation 2 loss=64.721609 err=64.721609 *
I 2017-01-08 23:25:54 downhill.base:232 RMSProp 3 loss=54.852701 err=54.852701
I 2017-01-08 23:25:54 theanets.graph:626 /tmp/tmpBTSXQW.tmp: saved model
I 2017-01-08 23:25:54 theanets.graph:643 /tmp/tmpBTSXQW.tmp: loaded model
I 2017-01-08 23:25:54 theanets.graph:626 /tmp/tmpWNElJS.tmp: saved model
I 2017-01-08 23:25:54 theanets.graph:643 /tmp/tmpWNElJS.tmp: loaded model
Got result {'main': 64.72160941845493}
Completed successfully in 20771.62 seconds. [{'main': 64.72160941845493}]
