Job launching after 0.73 seconds in submission.
Running python job.
Changed into dir /home/garth/FYP/taz/experiments/gctime
Importing o.py
Running o.main()
gctime
gctime
gctime
gctime
I 2017-01-08 16:42:52 theanets.layers.base:371 layer Input "in": 1 inputs
I 2017-01-08 16:42:53 theanets.layers.base:207 layer LSTM "hid1": (in:out)1 -> 15, sigmoid, 1065 parameters
I 2017-01-08 16:42:53 theanets.layers.base:207 layer Feedforward "out": (hid1:out)15 -> 1, linear, 16 parameters
I 2017-01-08 16:42:53 theanets.graph:94 network has 1081 total parameters
stateit 0
it 7
I 2017-01-08 16:42:53 downhill.dataset:118 valid: 95 mini-batches from callable
I 2017-01-08 16:42:53 downhill.dataset:118 train: 283 mini-batches from callable
I 2017-01-08 16:42:53 theanets.graph:447 building computation graph
I 2017-01-08 16:42:53 theanets.losses:67 using loss: 1.0 * MeanSquaredError (output out:out)
I 2017-01-08 16:42:53 theanets.regularizers:711 regularizer: 5.24051177502 * GaussianNoise(('in:out',))
I 2017-01-08 16:43:01 downhill.base:389 -- patience = 5
I 2017-01-08 16:43:01 downhill.base:390 -- validate_every = 1
I 2017-01-08 16:43:01 downhill.base:391 -- max_updates = None
I 2017-01-08 16:43:01 downhill.base:392 -- min_improvement = 0.005
I 2017-01-08 16:43:01 downhill.base:393 -- max_gradient_norm = 0
I 2017-01-08 16:43:01 downhill.base:394 -- max_gradient_elem = 0
I 2017-01-08 16:43:01 downhill.base:395 -- learning_rate = 0.0001
I 2017-01-08 16:43:01 downhill.base:396 -- momentum = 0
I 2017-01-08 16:43:01 downhill.base:397 -- nesterov = True
I 2017-01-08 16:43:01 downhill.adaptive:220 -- rms_halflife = 14
I 2017-01-08 16:43:01 downhill.adaptive:221 -- rms_regularizer = 1e-08
I 2017-01-08 16:43:01 downhill.base:118 compiling evaluation function
I 2017-01-08 16:43:18 downhill.base:124 compiling RMSProp function
I 2017-01-08 16:50:53 downhill.base:232 validation 0 loss=281.162889 err=281.162889 *
I 2017-01-08 17:50:16 downhill.base:232 RMSProp 1 loss=211.879150 err=211.879150
I 2017-01-08 17:50:16 theanets.graph:626 /tmp/tmpudWAeV.tmp: saved model
I 2017-01-08 17:50:16 theanets.graph:643 /tmp/tmpudWAeV.tmp: loaded model
I 2017-01-08 17:56:33 downhill.base:232 validation 1 loss=129.535145 err=129.535145 *
I 2017-01-08 18:55:17 downhill.base:232 RMSProp 2 loss=82.849218 err=82.849218
I 2017-01-08 18:55:17 theanets.graph:626 /tmp/tmp0FOCj5.tmp: saved model
I 2017-01-08 18:55:17 theanets.graph:643 /tmp/tmp0FOCj5.tmp: loaded model
I 2017-01-08 19:01:32 downhill.base:232 validation 2 loss=52.672234 err=52.672234 *
I 2017-01-08 20:01:02 downhill.base:232 RMSProp 3 loss=32.467535 err=32.467535
I 2017-01-08 20:01:02 theanets.graph:626 /tmp/tmpz811sd.tmp: saved model
I 2017-01-08 20:01:02 theanets.graph:643 /tmp/tmpz811sd.tmp: loaded model
I 2017-01-08 20:07:24 downhill.base:232 validation 3 loss=15.382154 err=15.382154 *
I 2017-01-08 21:07:15 downhill.base:232 RMSProp 4 loss=8.010025 err=8.010025
I 2017-01-08 21:07:15 theanets.graph:626 /tmp/tmpnkDcGw.tmp: saved model
I 2017-01-08 21:07:15 theanets.graph:643 /tmp/tmpnkDcGw.tmp: loaded model
I 2017-01-08 21:13:42 downhill.base:232 validation 4 loss=3.499665 err=3.499665 *
I 2017-01-08 22:13:57 downhill.base:232 RMSProp 5 loss=2.206883 err=2.206883
I 2017-01-08 22:13:57 theanets.graph:626 /tmp/tmpBcN7bh.tmp: saved model
I 2017-01-08 22:13:57 theanets.graph:643 /tmp/tmpBcN7bh.tmp: loaded model
I 2017-01-08 22:20:30 downhill.base:232 validation 5 loss=1.546109 err=1.546109 *
I 2017-01-08 23:20:36 downhill.base:232 RMSProp 6 loss=1.346322 err=1.346322
I 2017-01-08 23:20:36 theanets.graph:626 /tmp/tmpiGbaYR.tmp: saved model
I 2017-01-08 23:20:36 theanets.graph:643 /tmp/tmpiGbaYR.tmp: loaded model
I 2017-01-08 23:27:09 downhill.base:232 validation 6 loss=1.221620 err=1.221620 *
I 2017-01-09 00:28:44 downhill.base:232 RMSProp 7 loss=1.134278 err=1.134278
I 2017-01-09 00:28:44 theanets.graph:626 /tmp/tmpag8BMM.tmp: saved model
I 2017-01-09 00:28:44 theanets.graph:643 /tmp/tmpag8BMM.tmp: loaded model
I 2017-01-09 00:28:44 theanets.graph:626 /tmp/tmprulNPM.tmp: saved model
I 2017-01-09 00:28:44 theanets.graph:643 /tmp/tmprulNPM.tmp: loaded model
Got result {'main': 1.2216204783752613}
Completed successfully in 27958.74 seconds. [{'main': 1.2216204783752613}]
