Job launching after 0.23 seconds in submission.
Running python job.
Changed into dir /home/taz/fyp/product-taz/components/org.taz.core/src/main/python/autoencoder/experiments/App1_gcstate
Importing o.py
Running o.main()
I 2017-02-10 19:07:34 theanets.layers.base:371 layer Input "in": 1 inputs
I 2017-02-10 19:07:34 theanets.layers.base:207 layer LSTM "hid1": (in:out)1 -> 17, sigmoid, 1343 parameters
I 2017-02-10 19:07:34 theanets.layers.base:207 layer LSTM "hid2": (hid1:out)17 -> 17, sigmoid, 2431 parameters
I 2017-02-10 19:07:34 theanets.layers.base:207 layer Feedforward "out": (hid2:out)17 -> 1, linear, 18 parameters
I 2017-02-10 19:07:34 theanets.graph:94 network has 3792 total parameters
stateit 0
it 2
I 2017-02-10 19:07:34 downhill.dataset:118 valid: 95 mini-batches from callable
I 2017-02-10 19:07:34 downhill.dataset:118 train: 283 mini-batches from callable
I 2017-02-10 19:07:34 theanets.graph:447 building computation graph
I 2017-02-10 19:07:34 theanets.losses:67 using loss: 1.0 * MeanSquaredError (output out:out)
I 2017-02-10 19:07:34 theanets.regularizers:711 regularizer: 0.812527924776 * GaussianNoise(('in:out',))
I 2017-02-10 19:07:34 downhill.base:389 -- patience = 5
I 2017-02-10 19:07:34 downhill.base:390 -- validate_every = 1
I 2017-02-10 19:07:34 downhill.base:391 -- max_updates = None
I 2017-02-10 19:07:34 downhill.base:392 -- min_improvement = 0.005
I 2017-02-10 19:07:34 downhill.base:393 -- max_gradient_norm = 0
I 2017-02-10 19:07:34 downhill.base:394 -- max_gradient_elem = 0
I 2017-02-10 19:07:34 downhill.base:395 -- learning_rate = 0.0001
I 2017-02-10 19:07:34 downhill.base:396 -- momentum = 0
I 2017-02-10 19:07:34 downhill.base:397 -- nesterov = True
I 2017-02-10 19:07:34 downhill.adaptive:220 -- rms_halflife = 14
I 2017-02-10 19:07:34 downhill.adaptive:221 -- rms_regularizer = 1e-08
I 2017-02-10 19:07:34 downhill.base:118 compiling evaluation function
I 2017-02-10 19:07:37 downhill.base:124 compiling RMSProp function
I 2017-02-10 19:09:22 downhill.base:232 validation 0 loss=1.891989 err=1.891989 *
I 2017-02-10 19:21:24 downhill.base:232 RMSProp 1 loss=1.275586 err=1.275586
I 2017-02-10 19:21:24 theanets.graph:626 /tmp/tmpef0cAN.tmp: saved model
I 2017-02-10 19:21:24 theanets.graph:643 /tmp/tmpef0cAN.tmp: loaded model
I 2017-02-10 19:22:22 downhill.base:232 validation 1 loss=1.103561 err=1.103561 *
I 2017-02-10 19:31:40 downhill.base:232 RMSProp 2 loss=0.777433 err=0.777433
I 2017-02-10 19:31:40 theanets.graph:626 /tmp/tmpC7Lgf2.tmp: saved model
I 2017-02-10 19:31:40 theanets.graph:643 /tmp/tmpC7Lgf2.tmp: loaded model
I 2017-02-10 19:31:40 theanets.graph:626 /tmp/tmpiQfp41.tmp: saved model
I 2017-02-10 19:31:40 theanets.graph:643 /tmp/tmpiQfp41.tmp: loaded model
Got result {'main': 1.1035606824628668}
Completed successfully in 1447.55 seconds. [{'main': 1.1035606824628668}]
