Job launching after 0.35 seconds in submission.
Running python job.
Changed into dir /home/taz/fyp/product-taz/components/org.taz.core/src/main/python/autoencoder/experiments/App1_gcstate
Importing o.py
Running o.main()
I 2017-02-10 12:26:04 theanets.layers.base:371 layer Input "in": 1 inputs
I 2017-02-10 12:26:04 theanets.layers.base:207 layer LSTM "hid1": (in:out)1 -> 20, sigmoid, 1820 parameters
I 2017-02-10 12:26:04 theanets.layers.base:207 layer LSTM "hid2": (hid1:out)20 -> 20, sigmoid, 3340 parameters
I 2017-02-10 12:26:04 theanets.layers.base:207 layer Feedforward "out": (hid2:out)20 -> 1, linear, 21 parameters
I 2017-02-10 12:26:04 theanets.graph:94 network has 5181 total parameters
stateit 1
it 100000
I 2017-02-10 12:26:04 downhill.dataset:118 valid: 95 mini-batches from callable
I 2017-02-10 12:26:04 downhill.dataset:118 train: 283 mini-batches from callable
I 2017-02-10 12:26:04 theanets.graph:447 building computation graph
I 2017-02-10 12:26:04 theanets.losses:67 using loss: 1.0 * MeanSquaredError (output out:out)
I 2017-02-10 12:26:04 theanets.regularizers:711 regularizer: 0.812527924776 * GaussianNoise(('in:out',))
I 2017-02-10 12:26:05 downhill.base:389 -- patience = 5
I 2017-02-10 12:26:05 downhill.base:390 -- validate_every = 1
I 2017-02-10 12:26:05 downhill.base:391 -- max_updates = None
I 2017-02-10 12:26:05 downhill.base:392 -- min_improvement = 0.005
I 2017-02-10 12:26:05 downhill.base:393 -- max_gradient_norm = 0
I 2017-02-10 12:26:05 downhill.base:394 -- max_gradient_elem = 0
I 2017-02-10 12:26:05 downhill.base:395 -- learning_rate = 0.0001
I 2017-02-10 12:26:05 downhill.base:396 -- momentum = 0
I 2017-02-10 12:26:05 downhill.base:397 -- nesterov = True
I 2017-02-10 12:26:05 downhill.adaptive:220 -- rms_halflife = 14
I 2017-02-10 12:26:05 downhill.adaptive:221 -- rms_regularizer = 1e-08
I 2017-02-10 12:26:05 downhill.base:118 compiling evaluation function
I 2017-02-10 12:26:08 downhill.base:124 compiling RMSProp function
I 2017-02-10 12:28:16 downhill.base:232 validation 0 loss=3.443438 err=3.443438 *
I 2017-02-10 12:41:55 downhill.base:232 RMSProp 1 loss=1.647067 err=1.647067
I 2017-02-10 12:41:55 theanets.graph:626 /tmp/tmp6Yf0oG.tmp: saved model
I 2017-02-10 12:41:55 theanets.graph:643 /tmp/tmp6Yf0oG.tmp: loaded model
I 2017-02-10 12:43:37 downhill.base:232 validation 1 loss=1.143407 err=1.143407 *
I 2017-02-10 12:56:50 downhill.base:232 RMSProp 2 loss=0.947239 err=0.947239
I 2017-02-10 12:56:50 theanets.graph:626 /tmp/tmpYaJy_v.tmp: saved model
I 2017-02-10 12:56:50 theanets.graph:643 /tmp/tmpYaJy_v.tmp: loaded model
I 2017-02-10 12:58:32 downhill.base:232 validation 2 loss=0.543729 err=0.543729 *
I 2017-02-10 13:12:01 downhill.base:232 RMSProp 3 loss=0.396351 err=0.396351
I 2017-02-10 13:12:01 theanets.graph:626 /tmp/tmpYq6Y3X.tmp: saved model
I 2017-02-10 13:12:01 theanets.graph:643 /tmp/tmpYq6Y3X.tmp: loaded model
I 2017-02-10 13:13:40 downhill.base:232 validation 3 loss=0.363935 err=0.363935 *
I 2017-02-10 13:26:56 downhill.base:232 RMSProp 4 loss=0.361924 err=0.361924
I 2017-02-10 13:26:56 theanets.graph:626 /tmp/tmpZA0Bz8.tmp: saved model
I 2017-02-10 13:26:56 theanets.graph:643 /tmp/tmpZA0Bz8.tmp: loaded model
I 2017-02-10 13:28:36 downhill.base:232 validation 4 loss=0.360804 err=0.360804 *
I 2017-02-10 13:41:51 downhill.base:232 RMSProp 5 loss=0.360292 err=0.360292
I 2017-02-10 13:41:51 theanets.graph:626 /tmp/tmp8TBGxI.tmp: saved model
I 2017-02-10 13:41:51 theanets.graph:643 /tmp/tmp8TBGxI.tmp: loaded model
I 2017-02-10 13:43:30 downhill.base:232 validation 5 loss=0.359264 err=0.359264
I 2017-02-10 13:56:39 downhill.base:232 RMSProp 6 loss=0.359481 err=0.359481
I 2017-02-10 13:56:39 theanets.graph:626 /tmp/tmpoJVkEQ.tmp: saved model
I 2017-02-10 13:56:39 theanets.graph:643 /tmp/tmpoJVkEQ.tmp: loaded model
I 2017-02-10 13:58:20 downhill.base:232 validation 6 loss=0.358906 err=0.358906 *
I 2017-02-10 14:11:35 downhill.base:232 RMSProp 7 loss=0.358735 err=0.358735
I 2017-02-10 14:11:35 theanets.graph:626 /tmp/tmpp7BhNO.tmp: saved model
I 2017-02-10 14:11:35 theanets.graph:643 /tmp/tmpp7BhNO.tmp: loaded model
I 2017-02-10 14:13:15 downhill.base:232 validation 7 loss=0.358146 err=0.358146
I 2017-02-10 14:26:33 downhill.base:232 RMSProp 8 loss=0.358273 err=0.358273
I 2017-02-10 14:26:33 theanets.graph:626 /tmp/tmpZr7cWq.tmp: saved model
I 2017-02-10 14:26:33 theanets.graph:643 /tmp/tmpZr7cWq.tmp: loaded model
I 2017-02-10 14:28:13 downhill.base:232 validation 8 loss=0.357871 err=0.357871
I 2017-02-10 14:41:25 downhill.base:232 RMSProp 9 loss=0.357777 err=0.357777
I 2017-02-10 14:41:25 theanets.graph:626 /tmp/tmpEusESJ.tmp: saved model
I 2017-02-10 14:41:25 theanets.graph:643 /tmp/tmpEusESJ.tmp: loaded model
I 2017-02-10 14:43:07 downhill.base:232 validation 9 loss=0.356688 err=0.356688 *
I 2017-02-10 14:56:05 downhill.base:232 RMSProp 10 loss=0.357346 err=0.357346
I 2017-02-10 14:56:05 theanets.graph:626 /tmp/tmpEKTYDE.tmp: saved model
I 2017-02-10 14:56:05 theanets.graph:643 /tmp/tmpEKTYDE.tmp: loaded model
I 2017-02-10 14:57:40 downhill.base:232 validation 10 loss=0.356807 err=0.356807
I 2017-02-10 15:10:40 downhill.base:232 RMSProp 11 loss=0.357107 err=0.357107
I 2017-02-10 15:10:40 theanets.graph:626 /tmp/tmpL7f_dd.tmp: saved model
I 2017-02-10 15:10:40 theanets.graph:643 /tmp/tmpL7f_dd.tmp: loaded model
I 2017-02-10 15:12:19 downhill.base:232 validation 11 loss=0.356491 err=0.356491
I 2017-02-10 15:25:24 downhill.base:232 RMSProp 12 loss=0.356717 err=0.356717
I 2017-02-10 15:25:24 theanets.graph:626 /tmp/tmp6Rjdps.tmp: saved model
I 2017-02-10 15:25:24 theanets.graph:643 /tmp/tmp6Rjdps.tmp: loaded model
I 2017-02-10 15:27:04 downhill.base:232 validation 12 loss=0.356213 err=0.356213
I 2017-02-10 15:40:05 downhill.base:232 RMSProp 13 loss=0.356676 err=0.356676
I 2017-02-10 15:40:05 theanets.graph:626 /tmp/tmp_cWMcG.tmp: saved model
I 2017-02-10 15:40:05 theanets.graph:643 /tmp/tmp_cWMcG.tmp: loaded model
I 2017-02-10 15:41:40 downhill.base:232 validation 13 loss=0.355840 err=0.355840
I 2017-02-10 15:54:52 downhill.base:232 RMSProp 14 loss=0.356199 err=0.356199
I 2017-02-10 15:54:52 theanets.graph:626 /tmp/tmpttgsW6.tmp: saved model
I 2017-02-10 15:54:52 theanets.graph:643 /tmp/tmpttgsW6.tmp: loaded model
I 2017-02-10 15:56:37 downhill.base:232 validation 14 loss=0.355427 err=0.355427
I 2017-02-10 16:10:00 downhill.base:232 RMSProp 15 loss=0.356079 err=0.356079
I 2017-02-10 16:10:00 theanets.graph:626 /tmp/tmpCXr2gD.tmp: saved model
I 2017-02-10 16:10:00 theanets.graph:643 /tmp/tmpCXr2gD.tmp: loaded model
I 2017-02-10 16:11:38 downhill.base:232 validation 15 loss=0.355800 err=0.355800
I 2017-02-10 16:11:38 downhill.base:414 patience elapsed!
I 2017-02-10 16:11:38 theanets.graph:626 /tmp/tmpxgX0Gn.tmp: saved model
I 2017-02-10 16:11:38 theanets.graph:643 /tmp/tmpxgX0Gn.tmp: loaded model
Got result {'main': 0.35542749646267946}
Completed successfully in 13534.96 seconds. [{'main': 0.35542749646267946}]
