Job launching after 2.12 seconds in submission.
Running python job.
Changed into dir /home/taz/fyp/product-taz/components/org.taz.core/src/main/python/autoencoder/experiments/App1_gcstate
Importing o.py
Running o.main()
I 2017-02-10 16:11:56 theanets.graph:643 /home/taz/fyp/product-taz/components/org.taz.core/src/main/python/autoencoder/tmpnZyemG.tmp: loaded model
stateit 3
it 14
I 2017-02-10 16:11:56 downhill.dataset:118 valid: 95 mini-batches from callable
I 2017-02-10 16:11:56 downhill.dataset:118 train: 283 mini-batches from callable
I 2017-02-10 16:11:56 theanets.graph:447 building computation graph
I 2017-02-10 16:11:56 theanets.losses:67 using loss: 1.0 * MeanSquaredError (output out:out)
I 2017-02-10 16:11:56 theanets.regularizers:711 regularizer: 0.812527924776 * GaussianNoise(('in:out',))
I 2017-02-10 16:12:02 downhill.base:389 -- patience = 5
I 2017-02-10 16:12:02 downhill.base:390 -- validate_every = 1
I 2017-02-10 16:12:02 downhill.base:391 -- max_updates = None
I 2017-02-10 16:12:02 downhill.base:392 -- min_improvement = 0.005
I 2017-02-10 16:12:02 downhill.base:393 -- max_gradient_norm = 0
I 2017-02-10 16:12:02 downhill.base:394 -- max_gradient_elem = 0
I 2017-02-10 16:12:02 downhill.base:395 -- learning_rate = 0.0001
I 2017-02-10 16:12:02 downhill.base:396 -- momentum = 0
I 2017-02-10 16:12:02 downhill.base:397 -- nesterov = True
I 2017-02-10 16:12:02 downhill.adaptive:220 -- rms_halflife = 14
I 2017-02-10 16:12:02 downhill.adaptive:221 -- rms_regularizer = 1e-08
I 2017-02-10 16:12:02 downhill.base:118 compiling evaluation function
I 2017-02-10 16:12:04 downhill.base:124 compiling RMSProp function
I 2017-02-10 16:12:58 downhill.base:232 validation 0 loss=0.985822 err=0.985822 *
I 2017-02-10 16:20:13 downhill.base:232 RMSProp 1 loss=0.692004 err=0.692004
I 2017-02-10 16:20:13 theanets.graph:626 /tmp/tmpTAvTCs.tmp: saved model
I 2017-02-10 16:20:13 theanets.graph:643 /tmp/tmpTAvTCs.tmp: loaded model
I 2017-02-10 16:20:54 downhill.base:232 validation 1 loss=0.396276 err=0.396276 *
I 2017-02-10 16:27:54 downhill.base:232 RMSProp 2 loss=0.378132 err=0.378132
I 2017-02-10 16:27:54 theanets.graph:626 /tmp/tmpAbEGN3.tmp: saved model
I 2017-02-10 16:27:54 theanets.graph:643 /tmp/tmpAbEGN3.tmp: loaded model
I 2017-02-10 16:28:36 downhill.base:232 validation 2 loss=0.369364 err=0.369364 *
I 2017-02-10 16:35:43 downhill.base:232 RMSProp 3 loss=0.365607 err=0.365607
I 2017-02-10 16:35:43 theanets.graph:626 /tmp/tmplgGRdm.tmp: saved model
I 2017-02-10 16:35:43 theanets.graph:643 /tmp/tmplgGRdm.tmp: loaded model
I 2017-02-10 16:36:23 downhill.base:232 validation 3 loss=0.362521 err=0.362521 *
I 2017-02-10 16:43:34 downhill.base:232 RMSProp 4 loss=0.361348 err=0.361348
I 2017-02-10 16:43:34 theanets.graph:626 /tmp/tmpU2gwVB.tmp: saved model
I 2017-02-10 16:43:34 theanets.graph:643 /tmp/tmpU2gwVB.tmp: loaded model
I 2017-02-10 16:44:15 downhill.base:232 validation 4 loss=0.360906 err=0.360906
I 2017-02-10 16:51:23 downhill.base:232 RMSProp 5 loss=0.359912 err=0.359912
I 2017-02-10 16:51:23 theanets.graph:626 /tmp/tmpSeT4B4.tmp: saved model
I 2017-02-10 16:51:23 theanets.graph:643 /tmp/tmpSeT4B4.tmp: loaded model
I 2017-02-10 16:52:04 downhill.base:232 validation 5 loss=0.359868 err=0.359868 *
I 2017-02-10 16:59:01 downhill.base:232 RMSProp 6 loss=0.358988 err=0.358988
I 2017-02-10 16:59:01 theanets.graph:626 /tmp/tmpCPtDCs.tmp: saved model
I 2017-02-10 16:59:01 theanets.graph:643 /tmp/tmpCPtDCs.tmp: loaded model
I 2017-02-10 16:59:42 downhill.base:232 validation 6 loss=0.359051 err=0.359051
I 2017-02-10 17:06:53 downhill.base:232 RMSProp 7 loss=0.358218 err=0.358218
I 2017-02-10 17:06:53 theanets.graph:626 /tmp/tmpoCOiLI.tmp: saved model
I 2017-02-10 17:06:53 theanets.graph:643 /tmp/tmpoCOiLI.tmp: loaded model
I 2017-02-10 17:07:33 downhill.base:232 validation 7 loss=0.358211 err=0.358211
I 2017-02-10 17:14:42 downhill.base:232 RMSProp 8 loss=0.358021 err=0.358021
I 2017-02-10 17:14:42 theanets.graph:626 /tmp/tmpGeJh_R.tmp: saved model
I 2017-02-10 17:14:42 theanets.graph:643 /tmp/tmpGeJh_R.tmp: loaded model
I 2017-02-10 17:15:23 downhill.base:232 validation 8 loss=0.357602 err=0.357602 *
I 2017-02-10 17:22:21 downhill.base:232 RMSProp 9 loss=0.357515 err=0.357515
I 2017-02-10 17:22:21 theanets.graph:626 /tmp/tmpcl_f9s.tmp: saved model
I 2017-02-10 17:22:21 theanets.graph:643 /tmp/tmpcl_f9s.tmp: loaded model
I 2017-02-10 17:23:02 downhill.base:232 validation 9 loss=0.357921 err=0.357921
I 2017-02-10 17:30:10 downhill.base:232 RMSProp 10 loss=0.357487 err=0.357487
I 2017-02-10 17:30:10 theanets.graph:626 /tmp/tmpNFoOfe.tmp: saved model
I 2017-02-10 17:30:10 theanets.graph:643 /tmp/tmpNFoOfe.tmp: loaded model
I 2017-02-10 17:30:50 downhill.base:232 validation 10 loss=0.356451 err=0.356451
I 2017-02-10 17:38:01 downhill.base:232 RMSProp 11 loss=0.357174 err=0.357174
I 2017-02-10 17:38:01 theanets.graph:626 /tmp/tmpCcwDiS.tmp: saved model
I 2017-02-10 17:38:01 theanets.graph:643 /tmp/tmpCcwDiS.tmp: loaded model
I 2017-02-10 17:38:40 downhill.base:232 validation 11 loss=0.356924 err=0.356924
I 2017-02-10 17:45:41 downhill.base:232 RMSProp 12 loss=0.357103 err=0.357103
I 2017-02-10 17:45:41 theanets.graph:626 /tmp/tmpqur9lm.tmp: saved model
I 2017-02-10 17:45:41 theanets.graph:643 /tmp/tmpqur9lm.tmp: loaded model
I 2017-02-10 17:46:21 downhill.base:232 validation 12 loss=0.357188 err=0.357188
I 2017-02-10 17:53:43 downhill.base:232 RMSProp 13 loss=0.356356 err=0.356356
I 2017-02-10 17:53:43 theanets.graph:626 /tmp/tmpjCC1ZK.tmp: saved model
I 2017-02-10 17:53:43 theanets.graph:643 /tmp/tmpjCC1ZK.tmp: loaded model
I 2017-02-10 17:54:25 downhill.base:232 validation 13 loss=0.356379 err=0.356379
I 2017-02-10 18:01:51 downhill.base:232 RMSProp 14 loss=0.356535 err=0.356535
I 2017-02-10 18:01:51 theanets.graph:626 /tmp/tmprDNmwG.tmp: saved model
I 2017-02-10 18:01:51 theanets.graph:643 /tmp/tmprDNmwG.tmp: loaded model
I 2017-02-10 18:01:51 theanets.graph:626 /tmp/tmpoEnOF8.tmp: saved model
I 2017-02-10 18:01:51 theanets.graph:643 /tmp/tmpoEnOF8.tmp: loaded model
Got result {'main': 0.35637913659710235}
Completed successfully in 6599.76 seconds. [{'main': 0.35637913659710235}]
