Job launching after 0.55 seconds in submission.
Running python job.
Changed into dir /home/taz/fyp/product-taz/components/org.taz.core/src/main/python/autoencoder/experiments/App1_gcstate
Importing o.py
Running o.main()
I 2017-02-10 09:34:58 theanets.layers.base:371 layer Input "in": 1 inputs
I 2017-02-10 09:34:58 theanets.layers.base:207 layer LSTM "hid1": (in:out)1 -> 20, sigmoid, 1820 parameters
I 2017-02-10 09:34:58 theanets.layers.base:207 layer LSTM "hid2": (hid1:out)20 -> 20, sigmoid, 3340 parameters
I 2017-02-10 09:34:58 theanets.layers.base:207 layer Feedforward "out": (hid2:out)20 -> 1, linear, 21 parameters
I 2017-02-10 09:34:58 theanets.graph:94 network has 5181 total parameters
stateit 0
it 100000
I 2017-02-10 09:34:58 downhill.dataset:118 valid: 95 mini-batches from callable
I 2017-02-10 09:34:58 downhill.dataset:118 train: 283 mini-batches from callable
I 2017-02-10 09:34:58 theanets.graph:447 building computation graph
I 2017-02-10 09:34:58 theanets.losses:67 using loss: 1.0 * MeanSquaredError (output out:out)
I 2017-02-10 09:34:58 theanets.regularizers:711 regularizer: 0.812527924776 * GaussianNoise(('in:out',))
I 2017-02-10 09:35:04 downhill.base:389 -- patience = 5
I 2017-02-10 09:35:04 downhill.base:390 -- validate_every = 1
I 2017-02-10 09:35:04 downhill.base:391 -- max_updates = None
I 2017-02-10 09:35:04 downhill.base:392 -- min_improvement = 0.005
I 2017-02-10 09:35:04 downhill.base:393 -- max_gradient_norm = 0
I 2017-02-10 09:35:04 downhill.base:394 -- max_gradient_elem = 0
I 2017-02-10 09:35:04 downhill.base:395 -- learning_rate = 0.0001
I 2017-02-10 09:35:04 downhill.base:396 -- momentum = 0
I 2017-02-10 09:35:04 downhill.base:397 -- nesterov = True
I 2017-02-10 09:35:04 downhill.adaptive:220 -- rms_halflife = 14
I 2017-02-10 09:35:04 downhill.adaptive:221 -- rms_regularizer = 1e-08
I 2017-02-10 09:35:04 downhill.base:118 compiling evaluation function
I 2017-02-10 09:35:07 downhill.base:124 compiling RMSProp function
I 2017-02-10 09:37:09 downhill.base:232 validation 0 loss=3.442381 err=3.442381 *
I 2017-02-10 09:51:07 downhill.base:232 RMSProp 1 loss=1.646879 err=1.646879
I 2017-02-10 09:51:08 theanets.graph:626 /tmp/tmpQRt1zo.tmp: saved model
I 2017-02-10 09:51:08 theanets.graph:643 /tmp/tmpQRt1zo.tmp: loaded model
I 2017-02-10 09:52:38 downhill.base:232 validation 1 loss=1.143856 err=1.143856 *
I 2017-02-10 10:06:18 downhill.base:232 RMSProp 2 loss=0.945519 err=0.945519
I 2017-02-10 10:06:18 theanets.graph:626 /tmp/tmpDksfW_.tmp: saved model
I 2017-02-10 10:06:18 theanets.graph:643 /tmp/tmpDksfW_.tmp: loaded model
I 2017-02-10 10:07:56 downhill.base:232 validation 2 loss=0.540981 err=0.540981 *
I 2017-02-10 10:21:39 downhill.base:232 RMSProp 3 loss=0.395866 err=0.395866
I 2017-02-10 10:21:39 theanets.graph:626 /tmp/tmpvaxFbf.tmp: saved model
I 2017-02-10 10:21:39 theanets.graph:643 /tmp/tmpvaxFbf.tmp: loaded model
I 2017-02-10 10:23:14 downhill.base:232 validation 3 loss=0.363938 err=0.363938 *
I 2017-02-10 10:37:12 downhill.base:232 RMSProp 4 loss=0.362045 err=0.362045
I 2017-02-10 10:37:12 theanets.graph:626 /tmp/tmpSPl8qG.tmp: saved model
I 2017-02-10 10:37:13 theanets.graph:643 /tmp/tmpSPl8qG.tmp: loaded model
I 2017-02-10 10:38:45 downhill.base:232 validation 4 loss=0.360690 err=0.360690 *
I 2017-02-10 10:52:36 downhill.base:232 RMSProp 5 loss=0.360168 err=0.360168
I 2017-02-10 10:52:36 theanets.graph:626 /tmp/tmpKJSA0x.tmp: saved model
I 2017-02-10 10:52:36 theanets.graph:643 /tmp/tmpKJSA0x.tmp: loaded model
I 2017-02-10 10:54:15 downhill.base:232 validation 5 loss=0.359812 err=0.359812
I 2017-02-10 11:07:57 downhill.base:232 RMSProp 6 loss=0.359357 err=0.359357
I 2017-02-10 11:07:57 theanets.graph:626 /tmp/tmpcB6D5y.tmp: saved model
I 2017-02-10 11:07:57 theanets.graph:643 /tmp/tmpcB6D5y.tmp: loaded model
I 2017-02-10 11:09:26 downhill.base:232 validation 6 loss=0.359065 err=0.359065
I 2017-02-10 11:23:01 downhill.base:232 RMSProp 7 loss=0.358548 err=0.358548
I 2017-02-10 11:23:01 theanets.graph:626 /tmp/tmpWvAE3g.tmp: saved model
I 2017-02-10 11:23:01 theanets.graph:643 /tmp/tmpWvAE3g.tmp: loaded model
I 2017-02-10 11:24:31 downhill.base:232 validation 7 loss=0.357795 err=0.357795 *
I 2017-02-10 11:37:55 downhill.base:232 RMSProp 8 loss=0.358393 err=0.358393
I 2017-02-10 11:37:55 theanets.graph:626 /tmp/tmp1UeUKf.tmp: saved model
I 2017-02-10 11:37:55 theanets.graph:643 /tmp/tmp1UeUKf.tmp: loaded model
I 2017-02-10 11:39:28 downhill.base:232 validation 8 loss=0.357952 err=0.357952
I 2017-02-10 11:52:53 downhill.base:232 RMSProp 9 loss=0.357973 err=0.357973
I 2017-02-10 11:52:53 theanets.graph:626 /tmp/tmp8f3h1i.tmp: saved model
I 2017-02-10 11:52:53 theanets.graph:643 /tmp/tmp8f3h1i.tmp: loaded model
I 2017-02-10 11:54:23 downhill.base:232 validation 9 loss=0.357841 err=0.357841
I 2017-02-10 12:08:03 downhill.base:232 RMSProp 10 loss=0.357421 err=0.357421
I 2017-02-10 12:08:03 theanets.graph:626 /tmp/tmp4JiHeS.tmp: saved model
I 2017-02-10 12:08:03 theanets.graph:643 /tmp/tmp4JiHeS.tmp: loaded model
I 2017-02-10 12:09:35 downhill.base:232 validation 10 loss=0.356980 err=0.356980
I 2017-02-10 12:23:07 downhill.base:232 RMSProp 11 loss=0.357249 err=0.357249
I 2017-02-10 12:23:07 theanets.graph:626 /tmp/tmpB_X2ca.tmp: saved model
I 2017-02-10 12:23:07 theanets.graph:643 /tmp/tmpB_X2ca.tmp: loaded model
I 2017-02-10 12:24:39 downhill.base:232 validation 11 loss=0.356963 err=0.356963
I 2017-02-10 12:38:23 downhill.base:232 RMSProp 12 loss=0.356673 err=0.356673
I 2017-02-10 12:38:23 theanets.graph:626 /tmp/tmpQ4JnQW.tmp: saved model
I 2017-02-10 12:38:23 theanets.graph:643 /tmp/tmpQ4JnQW.tmp: loaded model
I 2017-02-10 12:39:59 downhill.base:232 validation 12 loss=0.356390 err=0.356390
I 2017-02-10 12:54:04 downhill.base:232 RMSProp 13 loss=0.356434 err=0.356434
I 2017-02-10 12:54:04 theanets.graph:626 /tmp/tmpHyCay4.tmp: saved model
I 2017-02-10 12:54:04 theanets.graph:643 /tmp/tmpHyCay4.tmp: loaded model
I 2017-02-10 12:55:38 downhill.base:232 validation 13 loss=0.356046 err=0.356046
I 2017-02-10 12:55:38 downhill.base:414 patience elapsed!
I 2017-02-10 12:55:43 theanets.graph:626 /tmp/tmpM9LLF3.tmp: saved model
I 2017-02-10 12:55:43 theanets.graph:643 /tmp/tmpM9LLF3.tmp: loaded model
Got result {'main': 0.35638964022817854}
Completed successfully in 12047.26 seconds. [{'main': 0.35638964022817854}]
