Job launching after 0.30 seconds in submission.
Running python job.
Changed into dir /home/taz/fyp/product-taz/components/org.taz.core/src/main/python/autoencoder/experiments/App1_gcstate
Importing o.py
Running o.main()
I 2017-02-10 09:07:36 theanets.layers.base:371 layer Input "in": 1 inputs
I 2017-02-10 09:07:36 theanets.layers.base:207 layer LSTM "hid1": (in:out)1 -> 1, sigmoid, 15 parameters
I 2017-02-10 09:07:36 theanets.layers.base:207 layer Feedforward "out": (hid1:out)1 -> 1, linear, 2 parameters
I 2017-02-10 09:07:36 theanets.graph:94 network has 17 total parameters
stateit 0
it 1
I 2017-02-10 09:07:36 downhill.dataset:118 valid: 95 mini-batches from callable
I 2017-02-10 09:07:36 downhill.dataset:118 train: 283 mini-batches from callable
I 2017-02-10 09:07:36 theanets.graph:447 building computation graph
I 2017-02-10 09:07:36 theanets.losses:67 using loss: 1.0 * MeanSquaredError (output out:out)
I 2017-02-10 09:07:36 theanets.regularizers:711 regularizer: 0.812527924776 * GaussianNoise(('in:out',))
I 2017-02-10 09:07:36 downhill.base:389 -- patience = 5
I 2017-02-10 09:07:36 downhill.base:390 -- validate_every = 1
I 2017-02-10 09:07:36 downhill.base:391 -- max_updates = None
I 2017-02-10 09:07:36 downhill.base:392 -- min_improvement = 0.005
I 2017-02-10 09:07:36 downhill.base:393 -- max_gradient_norm = 0
I 2017-02-10 09:07:36 downhill.base:394 -- max_gradient_elem = 0
I 2017-02-10 09:07:36 downhill.base:395 -- learning_rate = 0.0001
I 2017-02-10 09:07:36 downhill.base:396 -- momentum = 0
I 2017-02-10 09:07:36 downhill.base:397 -- nesterov = True
I 2017-02-10 09:07:36 downhill.adaptive:220 -- rms_halflife = 14
I 2017-02-10 09:07:36 downhill.adaptive:221 -- rms_regularizer = 1e-08
I 2017-02-10 09:07:36 downhill.base:118 compiling evaluation function
I 2017-02-10 09:07:37 downhill.base:124 compiling RMSProp function
I 2017-02-10 09:08:07 downhill.base:232 validation 0 loss=4.106396 err=4.106396 *
I 2017-02-10 09:10:42 downhill.base:232 RMSProp 1 loss=3.278369 err=3.278369
I 2017-02-10 09:10:42 theanets.graph:626 /tmp/tmpmsJW3j.tmp: saved model
I 2017-02-10 09:10:42 theanets.graph:643 /tmp/tmpmsJW3j.tmp: loaded model
I 2017-02-10 09:10:42 theanets.graph:626 /tmp/tmpcEVdDe.tmp: saved model
I 2017-02-10 09:10:42 theanets.graph:643 /tmp/tmpcEVdDe.tmp: loaded model
Got result {'main': 4.106396182423688}
Completed successfully in 186.91 seconds. [{'main': 4.106396182423688}]
