Job launching after 0.17 seconds in submission.
Running python job.
Changed into dir /home/taz/fyp/product-taz/components/org.taz.core/src/main/python/autoencoder/experiments/App1_gcstate
Importing o.py
Running o.main()
I 2017-02-10 14:39:29 theanets.layers.base:371 layer Input "in": 1 inputs
I 2017-02-10 14:39:29 theanets.layers.base:207 layer LSTM "hid1": (in:out)1 -> 13, sigmoid, 819 parameters
I 2017-02-10 14:39:29 theanets.layers.base:207 layer LSTM "hid2": (hid1:out)13 -> 13, sigmoid, 1443 parameters
I 2017-02-10 14:39:29 theanets.layers.base:207 layer Feedforward "out": (hid2:out)13 -> 1, linear, 14 parameters
I 2017-02-10 14:39:29 theanets.graph:94 network has 2276 total parameters
stateit 0
it 100000
I 2017-02-10 14:39:29 downhill.dataset:118 valid: 95 mini-batches from callable
I 2017-02-10 14:39:29 downhill.dataset:118 train: 283 mini-batches from callable
I 2017-02-10 14:39:29 theanets.graph:447 building computation graph
I 2017-02-10 14:39:29 theanets.losses:67 using loss: 1.0 * MeanSquaredError (output out:out)
I 2017-02-10 14:39:29 theanets.regularizers:711 regularizer: 0.812527924776 * GaussianNoise(('in:out',))
I 2017-02-10 14:39:30 downhill.base:389 -- patience = 5
I 2017-02-10 14:39:30 downhill.base:390 -- validate_every = 1
I 2017-02-10 14:39:30 downhill.base:391 -- max_updates = None
I 2017-02-10 14:39:30 downhill.base:392 -- min_improvement = 0.005
I 2017-02-10 14:39:30 downhill.base:393 -- max_gradient_norm = 0
I 2017-02-10 14:39:30 downhill.base:394 -- max_gradient_elem = 0
I 2017-02-10 14:39:30 downhill.base:395 -- learning_rate = 0.0001
I 2017-02-10 14:39:30 downhill.base:396 -- momentum = 0
I 2017-02-10 14:39:30 downhill.base:397 -- nesterov = True
I 2017-02-10 14:39:30 downhill.adaptive:220 -- rms_halflife = 14
I 2017-02-10 14:39:30 downhill.adaptive:221 -- rms_regularizer = 1e-08
I 2017-02-10 14:39:30 downhill.base:118 compiling evaluation function
I 2017-02-10 14:39:32 downhill.base:124 compiling RMSProp function
I 2017-02-10 14:41:13 downhill.base:232 validation 0 loss=3.683223 err=3.683223 *
I 2017-02-10 14:50:35 downhill.base:232 RMSProp 1 loss=1.924863 err=1.924863
I 2017-02-10 14:50:35 theanets.graph:626 /tmp/tmpk8fFAT.tmp: saved model
I 2017-02-10 14:50:35 theanets.graph:643 /tmp/tmpk8fFAT.tmp: loaded model
I 2017-02-10 14:51:49 downhill.base:232 validation 1 loss=1.141255 err=1.141255 *
I 2017-02-10 15:01:16 downhill.base:232 RMSProp 2 loss=0.936823 err=0.936823
I 2017-02-10 15:01:16 theanets.graph:626 /tmp/tmpmBUInS.tmp: saved model
I 2017-02-10 15:01:16 theanets.graph:643 /tmp/tmpmBUInS.tmp: loaded model
I 2017-02-10 15:02:32 downhill.base:232 validation 2 loss=0.517712 err=0.517712 *
I 2017-02-10 15:12:05 downhill.base:232 RMSProp 3 loss=0.396344 err=0.396344
I 2017-02-10 15:12:05 theanets.graph:626 /tmp/tmpMQ8xVQ.tmp: saved model
I 2017-02-10 15:12:05 theanets.graph:643 /tmp/tmpMQ8xVQ.tmp: loaded model
I 2017-02-10 15:13:21 downhill.base:232 validation 3 loss=0.363481 err=0.363481 *
I 2017-02-10 15:22:56 downhill.base:232 RMSProp 4 loss=0.361776 err=0.361776
I 2017-02-10 15:22:56 theanets.graph:626 /tmp/tmpk3xTEP.tmp: saved model
I 2017-02-10 15:22:56 theanets.graph:643 /tmp/tmpk3xTEP.tmp: loaded model
I 2017-02-10 15:24:12 downhill.base:232 validation 4 loss=0.361198 err=0.361198 *
I 2017-02-10 15:33:40 downhill.base:232 RMSProp 5 loss=0.360487 err=0.360487
I 2017-02-10 15:33:40 theanets.graph:626 /tmp/tmpZUJ2Qv.tmp: saved model
I 2017-02-10 15:33:40 theanets.graph:643 /tmp/tmpZUJ2Qv.tmp: loaded model
I 2017-02-10 15:34:55 downhill.base:232 validation 5 loss=0.360408 err=0.360408
I 2017-02-10 15:44:24 downhill.base:232 RMSProp 6 loss=0.359650 err=0.359650
I 2017-02-10 15:44:24 theanets.graph:626 /tmp/tmpR30Cg_.tmp: saved model
I 2017-02-10 15:44:24 theanets.graph:643 /tmp/tmpR30Cg_.tmp: loaded model
I 2017-02-10 15:45:41 downhill.base:232 validation 6 loss=0.359002 err=0.359002 *
I 2017-02-10 15:55:24 downhill.base:232 RMSProp 7 loss=0.359098 err=0.359098
I 2017-02-10 15:55:24 theanets.graph:626 /tmp/tmpBLKGDo.tmp: saved model
I 2017-02-10 15:55:24 theanets.graph:643 /tmp/tmpBLKGDo.tmp: loaded model
I 2017-02-10 15:56:40 downhill.base:232 validation 7 loss=0.359058 err=0.359058
I 2017-02-10 16:06:19 downhill.base:232 RMSProp 8 loss=0.358592 err=0.358592
I 2017-02-10 16:06:19 theanets.graph:626 /tmp/tmpcfNIdG.tmp: saved model
I 2017-02-10 16:06:19 theanets.graph:643 /tmp/tmpcfNIdG.tmp: loaded model
I 2017-02-10 16:07:35 downhill.base:232 validation 8 loss=0.358136 err=0.358136
I 2017-02-10 16:17:11 downhill.base:232 RMSProp 9 loss=0.358242 err=0.358242
I 2017-02-10 16:17:11 theanets.graph:626 /tmp/tmp_EwQ3k.tmp: saved model
I 2017-02-10 16:17:11 theanets.graph:643 /tmp/tmp_EwQ3k.tmp: loaded model
I 2017-02-10 16:18:24 downhill.base:232 validation 9 loss=0.357838 err=0.357838
I 2017-02-10 16:28:00 downhill.base:232 RMSProp 10 loss=0.357623 err=0.357623
I 2017-02-10 16:28:00 theanets.graph:626 /tmp/tmpAZRcwc.tmp: saved model
I 2017-02-10 16:28:00 theanets.graph:643 /tmp/tmpAZRcwc.tmp: loaded model
I 2017-02-10 16:29:15 downhill.base:232 validation 10 loss=0.357341 err=0.357341
I 2017-02-10 16:38:53 downhill.base:232 RMSProp 11 loss=0.357407 err=0.357407
I 2017-02-10 16:38:53 theanets.graph:626 /tmp/tmpNjCuCd.tmp: saved model
I 2017-02-10 16:38:53 theanets.graph:643 /tmp/tmpNjCuCd.tmp: loaded model
I 2017-02-10 16:40:08 downhill.base:232 validation 11 loss=0.356776 err=0.356776 *
I 2017-02-10 16:49:47 downhill.base:232 RMSProp 12 loss=0.357081 err=0.357081
I 2017-02-10 16:49:47 theanets.graph:626 /tmp/tmpyf7QGB.tmp: saved model
I 2017-02-10 16:49:47 theanets.graph:643 /tmp/tmpyf7QGB.tmp: loaded model
I 2017-02-10 16:51:04 downhill.base:232 validation 12 loss=0.357373 err=0.357373
I 2017-02-10 17:00:47 downhill.base:232 RMSProp 13 loss=0.356924 err=0.356924
I 2017-02-10 17:00:47 theanets.graph:626 /tmp/tmpfFgRb5.tmp: saved model
I 2017-02-10 17:00:47 theanets.graph:643 /tmp/tmpfFgRb5.tmp: loaded model
I 2017-02-10 17:02:02 downhill.base:232 validation 13 loss=0.356188 err=0.356188
I 2017-02-10 17:11:43 downhill.base:232 RMSProp 14 loss=0.356781 err=0.356781
I 2017-02-10 17:11:43 theanets.graph:626 /tmp/tmp8OgbFM.tmp: saved model
I 2017-02-10 17:11:43 theanets.graph:643 /tmp/tmp8OgbFM.tmp: loaded model
I 2017-02-10 17:12:58 downhill.base:232 validation 14 loss=0.356655 err=0.356655
I 2017-02-10 17:22:42 downhill.base:232 RMSProp 15 loss=0.356129 err=0.356129
I 2017-02-10 17:22:42 theanets.graph:626 /tmp/tmpLmE8rL.tmp: saved model
I 2017-02-10 17:22:42 theanets.graph:643 /tmp/tmpLmE8rL.tmp: loaded model
I 2017-02-10 17:23:57 downhill.base:232 validation 15 loss=0.356288 err=0.356288
I 2017-02-10 17:33:42 downhill.base:232 RMSProp 16 loss=0.356426 err=0.356426
I 2017-02-10 17:33:42 theanets.graph:626 /tmp/tmpbTrnK6.tmp: saved model
I 2017-02-10 17:33:42 theanets.graph:643 /tmp/tmpbTrnK6.tmp: loaded model
I 2017-02-10 17:34:59 downhill.base:232 validation 16 loss=0.356660 err=0.356660
I 2017-02-10 17:44:43 downhill.base:232 RMSProp 17 loss=0.355856 err=0.355856
I 2017-02-10 17:44:43 theanets.graph:626 /tmp/tmpueix6a.tmp: saved model
I 2017-02-10 17:44:43 theanets.graph:643 /tmp/tmpueix6a.tmp: loaded model
I 2017-02-10 17:46:00 downhill.base:232 validation 17 loss=0.356408 err=0.356408
I 2017-02-10 17:46:00 downhill.base:414 patience elapsed!
I 2017-02-10 17:46:00 theanets.graph:626 /tmp/tmp1OsYS9.tmp: saved model
I 2017-02-10 17:46:00 theanets.graph:643 /tmp/tmp1OsYS9.tmp: loaded model
Got result {'main': 0.3566599462725418}
Completed successfully in 11191.94 seconds. [{'main': 0.3566599462725418}]
