Job launching after 0.19 seconds in submission.
Running python job.
Changed into dir /home/taz/fyp/product-taz/components/org.taz.core/src/main/python/autoencoder/experiments/App1_gcstate
Importing o.py
Running o.main()
I 2017-02-10 18:53:51 theanets.layers.base:371 layer Input "in": 1 inputs
I 2017-02-10 18:53:51 theanets.layers.base:207 layer LSTM "hid1": (in:out)1 -> 20, sigmoid, 1820 parameters
I 2017-02-10 18:53:51 theanets.layers.base:207 layer Feedforward "out": (hid1:out)20 -> 1, linear, 21 parameters
I 2017-02-10 18:53:51 theanets.graph:94 network has 1841 total parameters
stateit 1
it 2
I 2017-02-10 18:53:51 downhill.dataset:118 valid: 95 mini-batches from callable
I 2017-02-10 18:53:51 downhill.dataset:118 train: 283 mini-batches from callable
I 2017-02-10 18:53:51 theanets.graph:447 building computation graph
I 2017-02-10 18:53:51 theanets.losses:67 using loss: 1.0 * MeanSquaredError (output out:out)
I 2017-02-10 18:53:51 theanets.regularizers:711 regularizer: 0.812527924776 * GaussianNoise(('in:out',))
I 2017-02-10 18:53:52 downhill.base:389 -- patience = 5
I 2017-02-10 18:53:52 downhill.base:390 -- validate_every = 1
I 2017-02-10 18:53:52 downhill.base:391 -- max_updates = None
I 2017-02-10 18:53:52 downhill.base:392 -- min_improvement = 0.005
I 2017-02-10 18:53:52 downhill.base:393 -- max_gradient_norm = 0
I 2017-02-10 18:53:52 downhill.base:394 -- max_gradient_elem = 0
I 2017-02-10 18:53:52 downhill.base:395 -- learning_rate = 0.0001
I 2017-02-10 18:53:52 downhill.base:396 -- momentum = 0
I 2017-02-10 18:53:52 downhill.base:397 -- nesterov = True
I 2017-02-10 18:53:52 downhill.adaptive:220 -- rms_halflife = 14
I 2017-02-10 18:53:52 downhill.adaptive:221 -- rms_regularizer = 1e-08
I 2017-02-10 18:53:52 downhill.base:118 compiling evaluation function
I 2017-02-10 18:53:53 downhill.base:124 compiling RMSProp function
I 2017-02-10 18:54:55 downhill.base:232 validation 0 loss=6.188366 err=6.188366 *
I 2017-02-10 19:01:59 downhill.base:232 RMSProp 1 loss=2.449075 err=2.449075
I 2017-02-10 19:01:59 theanets.graph:626 /tmp/tmpgA8p5t.tmp: saved model
I 2017-02-10 19:01:59 theanets.graph:643 /tmp/tmpgA8p5t.tmp: loaded model
I 2017-02-10 19:02:48 downhill.base:232 validation 1 loss=0.986555 err=0.986555 *
I 2017-02-10 19:09:39 downhill.base:232 RMSProp 2 loss=0.623686 err=0.623686
I 2017-02-10 19:09:39 theanets.graph:626 /tmp/tmpKEvHkN.tmp: saved model
I 2017-02-10 19:09:39 theanets.graph:643 /tmp/tmpKEvHkN.tmp: loaded model
I 2017-02-10 19:09:39 theanets.graph:626 /tmp/tmpZbwsde.tmp: saved model
I 2017-02-10 19:09:39 theanets.graph:643 /tmp/tmpZbwsde.tmp: loaded model
Got result {'main': 0.9865547853388427}
Completed successfully in 948.63 seconds. [{'main': 0.9865547853388427}]
