Job launching after 0.65 seconds in submission.
Running python job.
Changed into dir /home/taz/fyp/product-taz/components/org.taz.core/src/main/python/autoencoder/experiments/App1_gcstate
Importing o.py
Running o.main()
I 2017-02-10 09:10:48 theanets.layers.base:371 layer Input "in": 1 inputs
I 2017-02-10 09:10:48 theanets.layers.base:207 layer LSTM "hid1": (in:out)1 -> 5, sigmoid, 155 parameters
I 2017-02-10 09:10:48 theanets.layers.base:207 layer LSTM "hid2": (hid1:out)5 -> 5, sigmoid, 235 parameters
I 2017-02-10 09:10:48 theanets.layers.base:207 layer Feedforward "out": (hid2:out)5 -> 1, linear, 6 parameters
I 2017-02-10 09:10:48 theanets.graph:94 network has 396 total parameters
stateit 0
it 3
I 2017-02-10 09:10:48 downhill.dataset:118 valid: 95 mini-batches from callable
I 2017-02-10 09:10:48 downhill.dataset:118 train: 283 mini-batches from callable
I 2017-02-10 09:10:48 theanets.graph:447 building computation graph
I 2017-02-10 09:10:48 theanets.losses:67 using loss: 1.0 * MeanSquaredError (output out:out)
I 2017-02-10 09:10:48 theanets.regularizers:711 regularizer: 0.812527924776 * GaussianNoise(('in:out',))
I 2017-02-10 09:10:50 downhill.base:389 -- patience = 5
I 2017-02-10 09:10:50 downhill.base:390 -- validate_every = 1
I 2017-02-10 09:10:50 downhill.base:391 -- max_updates = None
I 2017-02-10 09:10:50 downhill.base:392 -- min_improvement = 0.005
I 2017-02-10 09:10:50 downhill.base:393 -- max_gradient_norm = 0
I 2017-02-10 09:10:50 downhill.base:394 -- max_gradient_elem = 0
I 2017-02-10 09:10:50 downhill.base:395 -- learning_rate = 0.0001
I 2017-02-10 09:10:50 downhill.base:396 -- momentum = 0
I 2017-02-10 09:10:50 downhill.base:397 -- nesterov = True
I 2017-02-10 09:10:50 downhill.adaptive:220 -- rms_halflife = 14
I 2017-02-10 09:10:50 downhill.adaptive:221 -- rms_regularizer = 1e-08
I 2017-02-10 09:10:50 downhill.base:118 compiling evaluation function
I 2017-02-10 09:10:53 downhill.base:124 compiling RMSProp function
I 2017-02-10 09:12:02 downhill.base:232 validation 0 loss=3.112071 err=3.112071 *
I 2017-02-10 09:19:04 downhill.base:232 RMSProp 1 loss=2.126004 err=2.126004
I 2017-02-10 09:19:04 theanets.graph:626 /tmp/tmpuYxj1P.tmp: saved model
I 2017-02-10 09:19:04 theanets.graph:643 /tmp/tmpuYxj1P.tmp: loaded model
I 2017-02-10 09:19:50 downhill.base:232 validation 1 loss=1.232728 err=1.232728 *
I 2017-02-10 09:26:54 downhill.base:232 RMSProp 2 loss=1.115277 err=1.115277
I 2017-02-10 09:26:54 theanets.graph:626 /tmp/tmpuv7TeD.tmp: saved model
I 2017-02-10 09:26:54 theanets.graph:643 /tmp/tmpuv7TeD.tmp: loaded model
I 2017-02-10 09:27:41 downhill.base:232 validation 2 loss=1.000339 err=1.000339 *
I 2017-02-10 09:34:38 downhill.base:232 RMSProp 3 loss=0.718615 err=0.718615
I 2017-02-10 09:34:38 theanets.graph:626 /tmp/tmpb1dkpX.tmp: saved model
I 2017-02-10 09:34:38 theanets.graph:643 /tmp/tmpb1dkpX.tmp: loaded model
I 2017-02-10 09:34:38 theanets.graph:626 /tmp/tmpPNZW9b.tmp: saved model
I 2017-02-10 09:34:38 theanets.graph:643 /tmp/tmpPNZW9b.tmp: loaded model
Got result {'main': 1.000338661166912}
Completed successfully in 1432.46 seconds. [{'main': 1.000338661166912}]
