Job launching after 50.70 seconds in submission.
Running python job.
Changed into dir /home/taz/fyp/product-taz/components/org.taz.core/src/main/python/autoencoder/experiments/App2_gctime
Importing o.py
Running o.main()
I 2017-02-11 16:12:13 theanets.layers.base:371 layer Input "in": 1 inputs
I 2017-02-11 16:12:13 theanets.layers.base:207 layer LSTM "hid1": (in:out)1 -> 20, sigmoid, 1820 parameters
I 2017-02-11 16:12:13 theanets.layers.base:207 layer Feedforward "out": (hid1:out)20 -> 1, linear, 21 parameters
I 2017-02-11 16:12:13 theanets.graph:94 network has 1841 total parameters
stateit 0
it 1
I 2017-02-11 16:12:13 downhill.dataset:118 valid: 95 mini-batches from callable
I 2017-02-11 16:12:13 downhill.dataset:118 train: 283 mini-batches from callable
I 2017-02-11 16:12:13 theanets.graph:447 building computation graph
I 2017-02-11 16:12:13 theanets.losses:67 using loss: 1.0 * MeanSquaredError (output out:out)
I 2017-02-11 16:12:13 theanets.regularizers:711 regularizer: 39.0313682556 * GaussianNoise(('in:out',))
I 2017-02-11 16:12:54 downhill.base:389 -- patience = 5
I 2017-02-11 16:12:54 downhill.base:390 -- validate_every = 1
I 2017-02-11 16:12:54 downhill.base:391 -- max_updates = None
I 2017-02-11 16:12:54 downhill.base:392 -- min_improvement = 0.005
I 2017-02-11 16:12:54 downhill.base:393 -- max_gradient_norm = 0
I 2017-02-11 16:12:54 downhill.base:394 -- max_gradient_elem = 0
I 2017-02-11 16:12:54 downhill.base:395 -- learning_rate = 0.0001
I 2017-02-11 16:12:54 downhill.base:396 -- momentum = 0
I 2017-02-11 16:12:54 downhill.base:397 -- nesterov = True
I 2017-02-11 16:12:54 downhill.adaptive:220 -- rms_halflife = 14
I 2017-02-11 16:12:54 downhill.adaptive:221 -- rms_regularizer = 1e-08
I 2017-02-11 16:12:54 downhill.base:118 compiling evaluation function
I 2017-02-11 16:13:02 downhill.base:124 compiling RMSProp function
I 2017-02-11 16:13:48 downhill.base:232 validation 0 loss=11263.881139 err=11263.881139 *
I 2017-02-11 16:19:08 downhill.base:232 RMSProp 1 loss=10844.531643 err=10844.531643
I 2017-02-11 16:19:09 theanets.graph:626 /tmp/tmpWX6KRy.tmp: saved model
I 2017-02-11 16:19:09 theanets.graph:643 /tmp/tmpWX6KRy.tmp: loaded model
I 2017-02-11 16:19:12 theanets.graph:626 /tmp/tmpEpY47D.tmp: saved model
I 2017-02-11 16:19:12 theanets.graph:643 /tmp/tmpEpY47D.tmp: loaded model
Got result {'main': 11263.88113888212}
Completed successfully in 497.99 seconds. [{'main': 11263.88113888212}]
