Job launching after 14.74 seconds in submission.
Running python job.
Changed into dir /home/taz/fyp/product-taz/components/org.taz.core/src/main/python/autoencoder/experiments/App2_gctime
Importing o.py
Running o.main()
I 2017-02-11 05:44:12 theanets.layers.base:371 layer Input "in": 1 inputs
I 2017-02-11 05:44:12 theanets.layers.base:207 layer LSTM "hid1": (in:out)1 -> 5, sigmoid, 155 parameters
I 2017-02-11 05:44:12 theanets.layers.base:207 layer LSTM "hid2": (hid1:out)5 -> 5, sigmoid, 235 parameters
I 2017-02-11 05:44:12 theanets.layers.base:207 layer Feedforward "out": (hid2:out)5 -> 1, linear, 6 parameters
I 2017-02-11 05:44:12 theanets.graph:94 network has 396 total parameters
stateit 0
it 3
I 2017-02-11 05:44:12 downhill.dataset:118 valid: 95 mini-batches from callable
I 2017-02-11 05:44:12 downhill.dataset:118 train: 283 mini-batches from callable
I 2017-02-11 05:44:12 theanets.graph:447 building computation graph
I 2017-02-11 05:44:12 theanets.losses:67 using loss: 1.0 * MeanSquaredError (output out:out)
I 2017-02-11 05:44:12 theanets.regularizers:711 regularizer: 39.0313682556 * GaussianNoise(('in:out',))
I 2017-02-11 05:44:26 downhill.base:389 -- patience = 5
I 2017-02-11 05:44:26 downhill.base:390 -- validate_every = 1
I 2017-02-11 05:44:26 downhill.base:391 -- max_updates = None
I 2017-02-11 05:44:26 downhill.base:392 -- min_improvement = 0.005
I 2017-02-11 05:44:26 downhill.base:393 -- max_gradient_norm = 0
I 2017-02-11 05:44:26 downhill.base:394 -- max_gradient_elem = 0
I 2017-02-11 05:44:26 downhill.base:395 -- learning_rate = 0.0001
I 2017-02-11 05:44:26 downhill.base:396 -- momentum = 0
I 2017-02-11 05:44:26 downhill.base:397 -- nesterov = True
I 2017-02-11 05:44:26 downhill.adaptive:220 -- rms_halflife = 14
I 2017-02-11 05:44:26 downhill.adaptive:221 -- rms_regularizer = 1e-08
I 2017-02-11 05:44:26 downhill.base:118 compiling evaluation function
I 2017-02-11 05:44:30 downhill.base:124 compiling RMSProp function
I 2017-02-11 05:45:50 downhill.base:232 validation 0 loss=11046.273806 err=11046.273806 *
I 2017-02-11 05:52:31 downhill.base:232 RMSProp 1 loss=10780.197033 err=10780.197033
I 2017-02-11 05:52:31 theanets.graph:626 /tmp/tmpYQ7Cnq.tmp: saved model
I 2017-02-11 05:52:31 theanets.graph:643 /tmp/tmpYQ7Cnq.tmp: loaded model
I 2017-02-11 05:53:14 downhill.base:232 validation 1 loss=10145.822740 err=10145.822740 *
I 2017-02-11 06:00:26 downhill.base:232 RMSProp 2 loss=9271.921613 err=9271.921613
I 2017-02-11 06:00:28 theanets.graph:626 /tmp/tmpQCtZjF.tmp: saved model
I 2017-02-11 06:00:28 theanets.graph:643 /tmp/tmpQCtZjF.tmp: loaded model
I 2017-02-11 06:01:17 downhill.base:232 validation 2 loss=8439.600197 err=8439.600197 *
I 2017-02-11 06:08:32 downhill.base:232 RMSProp 3 loss=7473.010537 err=7473.010537
I 2017-02-11 06:08:32 theanets.graph:626 /tmp/tmpSmjzZL.tmp: saved model
I 2017-02-11 06:08:32 theanets.graph:643 /tmp/tmpSmjzZL.tmp: loaded model
I 2017-02-11 06:08:33 theanets.graph:626 /tmp/tmpKOrgVF.tmp: saved model
I 2017-02-11 06:08:33 theanets.graph:643 /tmp/tmpKOrgVF.tmp: loaded model
Got result {'main': 8439.600197441121}
Completed successfully in 1493.77 seconds. [{'main': 8439.600197441121}]
