Job launching after 1.29 seconds in submission.
Running python job.
Changed into dir /home/garth/FYP/taz/experiments/gcstate
Importing o.py
Running o.main()
gcstate
gcstate
gcstate
gcstate
I 2017-01-24 07:30:12 theanets.layers.base:371 layer Input "in": 1 inputs
I 2017-01-24 07:30:12 theanets.layers.base:207 layer LSTM "hid1": (in:out)1 -> 20, sigmoid, 1820 parameters
I 2017-01-24 07:30:12 theanets.layers.base:207 layer LSTM "hid2": (hid1:out)20 -> 20, sigmoid, 3340 parameters
I 2017-01-24 07:30:12 theanets.layers.base:207 layer Feedforward "out": (hid2:out)20 -> 1, linear, 21 parameters
I 2017-01-24 07:30:12 theanets.graph:94 network has 5181 total parameters
stateit 0
it 100000
I 2017-01-24 07:30:12 downhill.dataset:118 valid: 97 mini-batches from callable
I 2017-01-24 07:30:12 downhill.dataset:118 train: 290 mini-batches from callable
I 2017-01-24 07:30:12 theanets.graph:447 building computation graph
I 2017-01-24 07:30:12 theanets.losses:67 using loss: 1.0 * MeanSquaredError (output out:out)
I 2017-01-24 07:30:12 theanets.regularizers:711 regularizer: 0.384273380041 * GaussianNoise(('in:out',))
I 2017-01-24 07:30:22 downhill.base:389 -- patience = 5
I 2017-01-24 07:30:22 downhill.base:390 -- validate_every = 1
I 2017-01-24 07:30:22 downhill.base:391 -- max_updates = None
I 2017-01-24 07:30:22 downhill.base:392 -- min_improvement = 0.005
I 2017-01-24 07:30:22 downhill.base:393 -- max_gradient_norm = 0
I 2017-01-24 07:30:22 downhill.base:394 -- max_gradient_elem = 0
I 2017-01-24 07:30:22 downhill.base:395 -- learning_rate = 0.0001
I 2017-01-24 07:30:22 downhill.base:396 -- momentum = 0
I 2017-01-24 07:30:22 downhill.base:397 -- nesterov = True
I 2017-01-24 07:30:22 downhill.adaptive:220 -- rms_halflife = 14
I 2017-01-24 07:30:22 downhill.adaptive:221 -- rms_regularizer = 1e-08
I 2017-01-24 07:30:22 downhill.base:118 compiling evaluation function
I 2017-01-24 07:30:51 downhill.base:124 compiling RMSProp function
I 2017-01-24 07:44:45 downhill.base:232 validation 0 loss=1.324050 err=1.324050 *
I 2017-01-24 08:38:43 downhill.base:232 RMSProp 1 loss=0.428239 err=0.428239
I 2017-01-24 08:38:43 theanets.graph:626 /tmp/tmpJhaitt.tmp: saved model
I 2017-01-24 08:38:43 theanets.graph:643 /tmp/tmpJhaitt.tmp: loaded model
I 2017-01-24 08:45:39 downhill.base:232 validation 1 loss=0.254213 err=0.254213 *
I 2017-01-24 09:33:25 downhill.base:232 RMSProp 2 loss=0.241430 err=0.241430
I 2017-01-24 09:33:25 theanets.graph:626 /tmp/tmpw0kuEu.tmp: saved model
I 2017-01-24 09:33:25 theanets.graph:643 /tmp/tmpw0kuEu.tmp: loaded model
I 2017-01-24 09:42:40 downhill.base:232 validation 2 loss=0.209141 err=0.209141 *
