Job launching after 0.60 seconds in submission.
Running python job.
Changed into dir /home/garth/FYP/taz/experiments/gcstate
Importing o.py
Running o.main()
gcstate
gcstate
gcstate
gcstate
I 2017-01-25 18:04:28 theanets.layers.base:371 layer Input "in": 1 inputs
I 2017-01-25 18:04:28 theanets.layers.base:207 layer LSTM "hid1": (in:out)1 -> 20, sigmoid, 1820 parameters
I 2017-01-25 18:04:28 theanets.layers.base:207 layer Feedforward "out": (hid1:out)20 -> 1, linear, 21 parameters
I 2017-01-25 18:04:28 theanets.graph:94 network has 1841 total parameters
stateit 2
it 100000
I 2017-01-25 18:04:28 downhill.dataset:118 valid: 97 mini-batches from callable
I 2017-01-25 18:04:28 downhill.dataset:118 train: 290 mini-batches from callable
I 2017-01-25 18:04:28 theanets.graph:447 building computation graph
I 2017-01-25 18:04:28 theanets.losses:67 using loss: 1.0 * MeanSquaredError (output out:out)
I 2017-01-25 18:04:28 theanets.regularizers:711 regularizer: 0.384273380041 * GaussianNoise(('in:out',))
I 2017-01-25 18:04:34 downhill.base:389 -- patience = 5
I 2017-01-25 18:04:34 downhill.base:390 -- validate_every = 1
I 2017-01-25 18:04:34 downhill.base:391 -- max_updates = None
I 2017-01-25 18:04:34 downhill.base:392 -- min_improvement = 0.005
I 2017-01-25 18:04:34 downhill.base:393 -- max_gradient_norm = 0
I 2017-01-25 18:04:34 downhill.base:394 -- max_gradient_elem = 0
I 2017-01-25 18:04:34 downhill.base:395 -- learning_rate = 0.0001
I 2017-01-25 18:04:34 downhill.base:396 -- momentum = 0
I 2017-01-25 18:04:34 downhill.base:397 -- nesterov = True
I 2017-01-25 18:04:34 downhill.adaptive:220 -- rms_halflife = 14
I 2017-01-25 18:04:34 downhill.adaptive:221 -- rms_regularizer = 1e-08
I 2017-01-25 18:04:34 downhill.base:118 compiling evaluation function
I 2017-01-25 18:04:41 downhill.base:124 compiling RMSProp function
I 2017-01-25 18:08:20 downhill.base:232 validation 0 loss=3.387907 err=3.387907 *
I 2017-01-25 18:28:11 downhill.base:232 RMSProp 1 loss=0.948030 err=0.948030
I 2017-01-25 18:28:11 theanets.graph:626 /tmp/tmptbxUqE.tmp: saved model
I 2017-01-25 18:28:11 theanets.graph:643 /tmp/tmptbxUqE.tmp: loaded model
I 2017-01-25 18:30:38 downhill.base:232 validation 1 loss=0.227188 err=0.227188 *
I 2017-01-25 18:50:22 downhill.base:232 RMSProp 2 loss=0.178799 err=0.178799
I 2017-01-25 18:50:22 theanets.graph:626 /tmp/tmp0QS7Wn.tmp: saved model
I 2017-01-25 18:50:22 theanets.graph:643 /tmp/tmp0QS7Wn.tmp: loaded model
I 2017-01-25 18:52:49 downhill.base:232 validation 2 loss=0.111216 err=0.111216 *
I 2017-01-25 19:12:33 downhill.base:232 RMSProp 3 loss=0.093737 err=0.093737
I 2017-01-25 19:12:33 theanets.graph:626 /tmp/tmpPgICPe.tmp: saved model
I 2017-01-25 19:12:33 theanets.graph:643 /tmp/tmpPgICPe.tmp: loaded model
I 2017-01-25 19:14:59 downhill.base:232 validation 3 loss=0.089920 err=0.089920 *
I 2017-01-25 19:34:39 downhill.base:232 RMSProp 4 loss=0.089324 err=0.089324
I 2017-01-25 19:34:39 theanets.graph:626 /tmp/tmpvq_V5I.tmp: saved model
I 2017-01-25 19:34:39 theanets.graph:643 /tmp/tmpvq_V5I.tmp: loaded model
I 2017-01-25 19:37:05 downhill.base:232 validation 4 loss=0.088824 err=0.088824 *
I 2017-01-25 19:56:52 downhill.base:232 RMSProp 5 loss=0.088062 err=0.088062
I 2017-01-25 19:56:52 theanets.graph:626 /tmp/tmpqXlCvL.tmp: saved model
I 2017-01-25 19:56:52 theanets.graph:643 /tmp/tmpqXlCvL.tmp: loaded model
I 2017-01-25 19:59:18 downhill.base:232 validation 5 loss=0.087510 err=0.087510 *
I 2017-01-25 20:19:04 downhill.base:232 RMSProp 6 loss=0.086819 err=0.086819
I 2017-01-25 20:19:04 theanets.graph:626 /tmp/tmpDLPtUT.tmp: saved model
I 2017-01-25 20:19:04 theanets.graph:643 /tmp/tmpDLPtUT.tmp: loaded model
I 2017-01-25 20:21:30 downhill.base:232 validation 6 loss=0.086080 err=0.086080 *
I 2017-01-25 20:41:16 downhill.base:232 RMSProp 7 loss=0.085852 err=0.085852
I 2017-01-25 20:41:16 theanets.graph:626 /tmp/tmpfxSGb9.tmp: saved model
I 2017-01-25 20:41:16 theanets.graph:643 /tmp/tmpfxSGb9.tmp: loaded model
I 2017-01-25 20:43:43 downhill.base:232 validation 7 loss=0.085234 err=0.085234 *
I 2017-01-25 21:03:26 downhill.base:232 RMSProp 8 loss=0.084676 err=0.084676
I 2017-01-25 21:03:26 theanets.graph:626 /tmp/tmp7Isba6.tmp: saved model
I 2017-01-25 21:03:26 theanets.graph:643 /tmp/tmp7Isba6.tmp: loaded model
I 2017-01-25 21:05:51 downhill.base:232 validation 8 loss=0.084101 err=0.084101 *
I 2017-01-25 21:25:33 downhill.base:232 RMSProp 9 loss=0.083568 err=0.083568
I 2017-01-25 21:25:33 theanets.graph:626 /tmp/tmpzGJs_M.tmp: saved model
I 2017-01-25 21:25:33 theanets.graph:643 /tmp/tmpzGJs_M.tmp: loaded model
I 2017-01-25 21:27:59 downhill.base:232 validation 9 loss=0.082709 err=0.082709 *
I 2017-01-25 21:47:45 downhill.base:232 RMSProp 10 loss=0.082174 err=0.082174
I 2017-01-25 21:47:45 theanets.graph:626 /tmp/tmpXYClNN.tmp: saved model
I 2017-01-25 21:47:45 theanets.graph:643 /tmp/tmpXYClNN.tmp: loaded model
I 2017-01-25 21:50:11 downhill.base:232 validation 10 loss=0.081303 err=0.081303 *
I 2017-01-25 22:09:54 downhill.base:232 RMSProp 11 loss=0.080767 err=0.080767
I 2017-01-25 22:09:54 theanets.graph:626 /tmp/tmpOA2WDW.tmp: saved model
I 2017-01-25 22:09:54 theanets.graph:643 /tmp/tmpOA2WDW.tmp: loaded model
I 2017-01-25 22:12:19 downhill.base:232 validation 11 loss=0.080059 err=0.080059 *
I 2017-01-25 22:32:04 downhill.base:232 RMSProp 12 loss=0.079432 err=0.079432
I 2017-01-25 22:32:04 theanets.graph:626 /tmp/tmpmKT8N5.tmp: saved model
I 2017-01-25 22:32:04 theanets.graph:643 /tmp/tmpmKT8N5.tmp: loaded model
I 2017-01-25 22:34:31 downhill.base:232 validation 12 loss=0.078587 err=0.078587 *
I 2017-01-25 22:54:15 downhill.base:232 RMSProp 13 loss=0.077908 err=0.077908
I 2017-01-25 22:54:15 theanets.graph:626 /tmp/tmpvOgHr3.tmp: saved model
I 2017-01-25 22:54:15 theanets.graph:643 /tmp/tmpvOgHr3.tmp: loaded model
I 2017-01-25 22:56:42 downhill.base:232 validation 13 loss=0.077111 err=0.077111 *
I 2017-01-25 23:16:25 downhill.base:232 RMSProp 14 loss=0.076674 err=0.076674
I 2017-01-25 23:16:25 theanets.graph:626 /tmp/tmplA5G9D.tmp: saved model
I 2017-01-25 23:16:25 theanets.graph:643 /tmp/tmplA5G9D.tmp: loaded model
I 2017-01-25 23:18:52 downhill.base:232 validation 14 loss=0.075898 err=0.075898 *
I 2017-01-25 23:38:33 downhill.base:232 RMSProp 15 loss=0.075614 err=0.075614
I 2017-01-25 23:38:33 theanets.graph:626 /tmp/tmp079Plb.tmp: saved model
I 2017-01-25 23:38:33 theanets.graph:643 /tmp/tmp079Plb.tmp: loaded model
I 2017-01-25 23:40:59 downhill.base:232 validation 15 loss=0.075182 err=0.075182 *
I 2017-01-26 00:00:44 downhill.base:232 RMSProp 16 loss=0.074682 err=0.074682
I 2017-01-26 00:00:44 theanets.graph:626 /tmp/tmpzVFCw3.tmp: saved model
I 2017-01-26 00:00:44 theanets.graph:643 /tmp/tmpzVFCw3.tmp: loaded model
I 2017-01-26 00:03:12 downhill.base:232 validation 16 loss=0.074211 err=0.074211 *
I 2017-01-26 00:22:55 downhill.base:232 RMSProp 17 loss=0.074320 err=0.074320
I 2017-01-26 00:22:55 theanets.graph:626 /tmp/tmp9ylxTx.tmp: saved model
I 2017-01-26 00:22:55 theanets.graph:643 /tmp/tmp9ylxTx.tmp: loaded model
I 2017-01-26 00:25:21 downhill.base:232 validation 17 loss=0.073821 err=0.073821 *
I 2017-01-26 00:45:04 downhill.base:232 RMSProp 18 loss=0.073726 err=0.073726
I 2017-01-26 00:45:04 theanets.graph:626 /tmp/tmp_TEPOD.tmp: saved model
I 2017-01-26 00:45:04 theanets.graph:643 /tmp/tmp_TEPOD.tmp: loaded model
I 2017-01-26 00:47:31 downhill.base:232 validation 18 loss=0.073400 err=0.073400 *
I 2017-01-26 01:07:08 downhill.base:232 RMSProp 19 loss=0.073312 err=0.073312
I 2017-01-26 01:07:08 theanets.graph:626 /tmp/tmpEJ2heG.tmp: saved model
I 2017-01-26 01:07:08 theanets.graph:643 /tmp/tmpEJ2heG.tmp: loaded model
I 2017-01-26 01:09:34 downhill.base:232 validation 19 loss=0.072942 err=0.072942 *
I 2017-01-26 01:29:17 downhill.base:232 RMSProp 20 loss=0.072941 err=0.072941
I 2017-01-26 01:29:17 theanets.graph:626 /tmp/tmp4S4JBm.tmp: saved model
I 2017-01-26 01:29:17 theanets.graph:643 /tmp/tmp4S4JBm.tmp: loaded model
I 2017-01-26 01:31:43 downhill.base:232 validation 20 loss=0.073286 err=0.073286
I 2017-01-26 01:51:28 downhill.base:232 RMSProp 21 loss=0.072756 err=0.072756
I 2017-01-26 01:51:28 theanets.graph:626 /tmp/tmpK0aNj9.tmp: saved model
I 2017-01-26 01:51:28 theanets.graph:643 /tmp/tmpK0aNj9.tmp: loaded model
I 2017-01-26 01:53:54 downhill.base:232 validation 21 loss=0.072807 err=0.072807
I 2017-01-26 01:59:09 downhill.base:419 interrupted!
Traceback (most recent call last):
  File "/home/garth/FYP/Spearmint/spearmint/launcher.py", line 243, in launch
    result = python_launcher(job)
  File "/home/garth/FYP/Spearmint/spearmint/launcher.py", line 327, in python_launcher
    result = module.main(job['id'], params)
  File "../../omain.py", line 20, in main
    o=float(rnn.function(no_array,run_id=job_id))
  File "../../rnn.py", line 122, in function
    o= xpit.next()[1]['loss']
KeyboardInterrupt
Problem executing the function
Job failed in 28486.15 seconds.
(<type 'exceptions.KeyboardInterrupt'>, KeyboardInterrupt(), <traceback object at 0x7f9b6c013638>)
