Job launching after 0.98 seconds in submission.
Running python job.
Changed into dir /home/garth/FYP/taz/experiments/gcstate
Importing o.py
Running o.main()
gcstate
gcstate
gcstate
gcstate
I 2017-01-24 14:13:22 theanets.layers.base:371 layer Input "in": 1 inputs
I 2017-01-24 14:13:22 theanets.layers.base:207 layer LSTM "hid1": (in:out)1 -> 20, sigmoid, 1820 parameters
I 2017-01-24 14:13:22 theanets.layers.base:207 layer Feedforward "out": (hid1:out)20 -> 1, linear, 21 parameters
I 2017-01-24 14:13:22 theanets.graph:94 network has 1841 total parameters
stateit 0
it 100000
I 2017-01-24 14:13:22 downhill.dataset:118 valid: 97 mini-batches from callable
I 2017-01-24 14:13:22 downhill.dataset:118 train: 290 mini-batches from callable
I 2017-01-24 14:13:22 theanets.graph:447 building computation graph
I 2017-01-24 14:13:22 theanets.losses:67 using loss: 1.0 * MeanSquaredError (output out:out)
I 2017-01-24 14:13:22 theanets.regularizers:711 regularizer: 0.384273380041 * GaussianNoise(('in:out',))
I 2017-01-24 14:13:54 downhill.base:389 -- patience = 5
I 2017-01-24 14:13:54 downhill.base:390 -- validate_every = 1
I 2017-01-24 14:13:54 downhill.base:391 -- max_updates = None
I 2017-01-24 14:13:54 downhill.base:392 -- min_improvement = 0.005
I 2017-01-24 14:13:54 downhill.base:393 -- max_gradient_norm = 0
I 2017-01-24 14:13:54 downhill.base:394 -- max_gradient_elem = 0
I 2017-01-24 14:13:54 downhill.base:395 -- learning_rate = 0.0001
I 2017-01-24 14:13:54 downhill.base:396 -- momentum = 0
I 2017-01-24 14:13:54 downhill.base:397 -- nesterov = True
I 2017-01-24 14:13:54 downhill.adaptive:220 -- rms_halflife = 14
I 2017-01-24 14:13:54 downhill.adaptive:221 -- rms_regularizer = 1e-08
I 2017-01-24 14:13:54 downhill.base:118 compiling evaluation function
I 2017-01-24 14:14:08 downhill.base:124 compiling RMSProp function
I 2017-01-24 14:18:53 downhill.base:232 validation 0 loss=3.399292 err=3.399292 *
I 2017-01-24 14:40:35 downhill.base:232 RMSProp 1 loss=0.948908 err=0.948908
I 2017-01-24 14:40:35 theanets.graph:626 /tmp/tmp2oJVAo.tmp: saved model
I 2017-01-24 14:40:35 theanets.graph:643 /tmp/tmp2oJVAo.tmp: loaded model
I 2017-01-24 14:43:57 downhill.base:232 validation 1 loss=0.226972 err=0.226972 *
I 2017-01-24 15:05:45 downhill.base:232 RMSProp 2 loss=0.178585 err=0.178585
I 2017-01-24 15:05:45 theanets.graph:626 /tmp/tmpkr8NVs.tmp: saved model
I 2017-01-24 15:05:45 theanets.graph:643 /tmp/tmpkr8NVs.tmp: loaded model
I 2017-01-24 15:09:11 downhill.base:232 validation 2 loss=0.112755 err=0.112755 *
I 2017-01-24 15:29:29 downhill.base:232 RMSProp 3 loss=0.094147 err=0.094147
I 2017-01-24 15:29:29 theanets.graph:626 /tmp/tmpuhI5Zw.tmp: saved model
I 2017-01-24 15:29:29 theanets.graph:643 /tmp/tmpuhI5Zw.tmp: loaded model
I 2017-01-24 15:32:34 downhill.base:232 validation 3 loss=0.089862 err=0.089862 *
I 2017-01-24 15:53:57 downhill.base:232 RMSProp 4 loss=0.089326 err=0.089326
I 2017-01-24 15:53:57 theanets.graph:626 /tmp/tmp7s6w6V.tmp: saved model
I 2017-01-24 15:53:57 theanets.graph:643 /tmp/tmp7s6w6V.tmp: loaded model
I 2017-01-24 15:57:09 downhill.base:232 validation 4 loss=0.088584 err=0.088584 *
I 2017-01-24 16:17:49 downhill.base:232 RMSProp 5 loss=0.088167 err=0.088167
I 2017-01-24 16:17:49 theanets.graph:626 /tmp/tmp8VS8d4.tmp: saved model
I 2017-01-24 16:17:49 theanets.graph:643 /tmp/tmp8VS8d4.tmp: loaded model
I 2017-01-24 16:21:25 downhill.base:232 validation 5 loss=0.087283 err=0.087283 *
I 2017-01-24 16:46:26 downhill.base:232 RMSProp 6 loss=0.086907 err=0.086907
I 2017-01-24 16:46:26 theanets.graph:626 /tmp/tmpaths_a.tmp: saved model
I 2017-01-24 16:46:26 theanets.graph:643 /tmp/tmpaths_a.tmp: loaded model
I 2017-01-24 16:49:58 downhill.base:232 validation 6 loss=0.086450 err=0.086450 *
I 2017-01-24 17:14:13 downhill.base:232 RMSProp 7 loss=0.085849 err=0.085849
I 2017-01-24 17:14:13 theanets.graph:626 /tmp/tmp9K5fIl.tmp: saved model
I 2017-01-24 17:14:13 theanets.graph:643 /tmp/tmp9K5fIl.tmp: loaded model
I 2017-01-24 17:17:47 downhill.base:232 validation 7 loss=0.085221 err=0.085221 *
I 2017-01-24 17:39:15 downhill.base:232 RMSProp 8 loss=0.084814 err=0.084814
I 2017-01-24 17:39:15 theanets.graph:626 /tmp/tmpbD5_cS.tmp: saved model
I 2017-01-24 17:39:15 theanets.graph:643 /tmp/tmpbD5_cS.tmp: loaded model
I 2017-01-24 17:42:36 downhill.base:232 validation 8 loss=0.084076 err=0.084076 *
I 2017-01-24 18:05:22 downhill.base:232 RMSProp 9 loss=0.083686 err=0.083686
I 2017-01-24 18:05:22 theanets.graph:626 /tmp/tmpWXGmgU.tmp: saved model
I 2017-01-24 18:05:22 theanets.graph:643 /tmp/tmpWXGmgU.tmp: loaded model
I 2017-01-24 18:08:45 downhill.base:232 validation 9 loss=0.082731 err=0.082731 *
I 2017-01-24 18:33:22 downhill.base:232 RMSProp 10 loss=0.082119 err=0.082119
I 2017-01-24 18:33:22 theanets.graph:626 /tmp/tmpIGI9Ad.tmp: saved model
I 2017-01-24 18:33:22 theanets.graph:643 /tmp/tmpIGI9Ad.tmp: loaded model
I 2017-01-24 18:36:59 downhill.base:232 validation 10 loss=0.081439 err=0.081439 *
I 2017-01-24 19:01:09 downhill.base:232 RMSProp 11 loss=0.080961 err=0.080961
I 2017-01-24 19:01:09 theanets.graph:626 /tmp/tmpmHhdVG.tmp: saved model
I 2017-01-24 19:01:09 theanets.graph:643 /tmp/tmpmHhdVG.tmp: loaded model
I 2017-01-24 19:04:48 downhill.base:232 validation 11 loss=0.080276 err=0.080276 *
I 2017-01-24 19:27:44 downhill.base:232 RMSProp 12 loss=0.079524 err=0.079524
I 2017-01-24 19:27:44 theanets.graph:626 /tmp/tmpYdzW1e.tmp: saved model
I 2017-01-24 19:27:44 theanets.graph:643 /tmp/tmpYdzW1e.tmp: loaded model
I 2017-01-24 19:31:11 downhill.base:232 validation 12 loss=0.078501 err=0.078501 *
I 2017-01-24 19:54:09 downhill.base:232 RMSProp 13 loss=0.077942 err=0.077942
I 2017-01-24 19:54:09 theanets.graph:626 /tmp/tmp9FOmAs.tmp: saved model
I 2017-01-24 19:54:09 theanets.graph:643 /tmp/tmp9FOmAs.tmp: loaded model
I 2017-01-24 19:57:22 downhill.base:232 validation 13 loss=0.077223 err=0.077223 *
I 2017-01-24 20:16:11 downhill.base:232 RMSProp 14 loss=0.076726 err=0.076726
I 2017-01-24 20:16:11 theanets.graph:626 /tmp/tmp4p3JY5.tmp: saved model
I 2017-01-24 20:16:11 theanets.graph:643 /tmp/tmp4p3JY5.tmp: loaded model
I 2017-01-24 20:19:02 downhill.base:232 validation 14 loss=0.075862 err=0.075862 *
I 2017-01-24 20:36:54 downhill.base:232 RMSProp 15 loss=0.075775 err=0.075775
I 2017-01-24 20:36:55 theanets.graph:626 /tmp/tmpvMdq7e.tmp: saved model
I 2017-01-24 20:36:55 theanets.graph:643 /tmp/tmpvMdq7e.tmp: loaded model
I 2017-01-24 20:40:19 downhill.base:232 validation 15 loss=0.075226 err=0.075226 *
I 2017-01-24 21:03:06 downhill.base:232 RMSProp 16 loss=0.074830 err=0.074830
I 2017-01-24 21:03:06 theanets.graph:626 /tmp/tmptd2nXs.tmp: saved model
I 2017-01-24 21:03:06 theanets.graph:643 /tmp/tmptd2nXs.tmp: loaded model
I 2017-01-24 21:06:23 downhill.base:232 validation 16 loss=0.074404 err=0.074404 *
