Job launching after 0.87 seconds in submission.
Running python job.
Changed into dir /home/garth/FYP/taz/experiments/gcstate
Importing o.py
Running o.main()
gcstate
gcstate
gcstate
gcstate
I 2017-01-25 15:47:07 theanets.graph:643 /home/garth/FYP/taz/tmpQaaExh.tmp: loaded model
stateit 3
it 18
I 2017-01-25 15:47:07 downhill.dataset:118 valid: 97 mini-batches from callable
I 2017-01-25 15:47:07 downhill.dataset:118 train: 290 mini-batches from callable
I 2017-01-25 15:47:08 theanets.graph:447 building computation graph
I 2017-01-25 15:47:08 theanets.losses:67 using loss: 1.0 * MeanSquaredError (output out:out)
I 2017-01-25 15:47:08 theanets.regularizers:711 regularizer: 0.384273380041 * GaussianNoise(('in:out',))
I 2017-01-25 15:47:15 downhill.base:389 -- patience = 5
I 2017-01-25 15:47:15 downhill.base:390 -- validate_every = 1
I 2017-01-25 15:47:15 downhill.base:391 -- max_updates = None
I 2017-01-25 15:47:15 downhill.base:392 -- min_improvement = 0.005
I 2017-01-25 15:47:15 downhill.base:393 -- max_gradient_norm = 0
I 2017-01-25 15:47:15 downhill.base:394 -- max_gradient_elem = 0
I 2017-01-25 15:47:15 downhill.base:395 -- learning_rate = 0.0001
I 2017-01-25 15:47:15 downhill.base:396 -- momentum = 0
I 2017-01-25 15:47:15 downhill.base:397 -- nesterov = True
I 2017-01-25 15:47:15 downhill.adaptive:220 -- rms_halflife = 14
I 2017-01-25 15:47:15 downhill.adaptive:221 -- rms_regularizer = 1e-08
I 2017-01-25 15:47:15 downhill.base:118 compiling evaluation function
I 2017-01-25 15:47:29 downhill.base:124 compiling RMSProp function
I 2017-01-25 15:50:14 downhill.base:232 validation 0 loss=0.593898 err=0.593898 *
I 2017-01-25 15:55:51 downhill.base:232 RMSProp 1 loss=0.430385 err=0.430385
I 2017-01-25 15:55:51 theanets.graph:626 /tmp/tmpQWbGx6.tmp: saved model
I 2017-01-25 15:55:51 theanets.graph:643 /tmp/tmpQWbGx6.tmp: loaded model
I 2017-01-25 15:56:25 downhill.base:232 validation 1 loss=0.274031 err=0.274031 *
I 2017-01-25 16:01:54 downhill.base:232 RMSProp 2 loss=0.219861 err=0.219861
I 2017-01-25 16:01:54 theanets.graph:626 /tmp/tmpoV7Bsa.tmp: saved model
I 2017-01-25 16:01:54 theanets.graph:643 /tmp/tmpoV7Bsa.tmp: loaded model
I 2017-01-25 16:02:26 downhill.base:232 validation 2 loss=0.155438 err=0.155438 *
I 2017-01-25 16:08:13 downhill.base:232 RMSProp 3 loss=0.105725 err=0.105725
I 2017-01-25 16:08:13 theanets.graph:626 /tmp/tmp_sPB7W.tmp: saved model
I 2017-01-25 16:08:13 theanets.graph:643 /tmp/tmp_sPB7W.tmp: loaded model
I 2017-01-25 16:08:45 downhill.base:232 validation 3 loss=0.083832 err=0.083832 *
I 2017-01-25 16:13:46 downhill.base:232 RMSProp 4 loss=0.081822 err=0.081822
I 2017-01-25 16:13:47 theanets.graph:626 /tmp/tmpONG_Yl.tmp: saved model
I 2017-01-25 16:13:47 theanets.graph:643 /tmp/tmpONG_Yl.tmp: loaded model
I 2017-01-25 16:14:20 downhill.base:232 validation 4 loss=0.080838 err=0.080838 *
I 2017-01-25 16:19:16 downhill.base:232 RMSProp 5 loss=0.080392 err=0.080392
I 2017-01-25 16:19:16 theanets.graph:626 /tmp/tmpQZEySi.tmp: saved model
I 2017-01-25 16:19:16 theanets.graph:643 /tmp/tmpQZEySi.tmp: loaded model
I 2017-01-25 16:19:48 downhill.base:232 validation 5 loss=0.079916 err=0.079916 *
I 2017-01-25 16:24:29 downhill.base:232 RMSProp 6 loss=0.079304 err=0.079304
I 2017-01-25 16:24:29 theanets.graph:626 /tmp/tmp0G0_87.tmp: saved model
I 2017-01-25 16:24:29 theanets.graph:643 /tmp/tmp0G0_87.tmp: loaded model
I 2017-01-25 16:25:00 downhill.base:232 validation 6 loss=0.078733 err=0.078733 *
I 2017-01-25 16:29:59 downhill.base:232 RMSProp 7 loss=0.078385 err=0.078385
I 2017-01-25 16:29:59 theanets.graph:626 /tmp/tmpfi8Lfg.tmp: saved model
I 2017-01-25 16:29:59 theanets.graph:643 /tmp/tmpfi8Lfg.tmp: loaded model
I 2017-01-25 16:30:28 downhill.base:232 validation 7 loss=0.077897 err=0.077897 *
I 2017-01-25 16:35:14 downhill.base:232 RMSProp 8 loss=0.077655 err=0.077655
I 2017-01-25 16:35:14 theanets.graph:626 /tmp/tmp1Kw_yI.tmp: saved model
I 2017-01-25 16:35:14 theanets.graph:643 /tmp/tmp1Kw_yI.tmp: loaded model
I 2017-01-25 16:35:46 downhill.base:232 validation 8 loss=0.077117 err=0.077117 *
I 2017-01-25 16:40:38 downhill.base:232 RMSProp 9 loss=0.076842 err=0.076842
I 2017-01-25 16:40:38 theanets.graph:626 /tmp/tmpmf4sCS.tmp: saved model
I 2017-01-25 16:40:38 theanets.graph:643 /tmp/tmpmf4sCS.tmp: loaded model
I 2017-01-25 16:41:02 downhill.base:232 validation 9 loss=0.076462 err=0.076462 *
I 2017-01-25 16:44:59 downhill.base:232 RMSProp 10 loss=0.076165 err=0.076165
I 2017-01-25 16:44:59 theanets.graph:626 /tmp/tmpVPELqk.tmp: saved model
I 2017-01-25 16:44:59 theanets.graph:643 /tmp/tmpVPELqk.tmp: loaded model
I 2017-01-25 16:45:23 downhill.base:232 validation 10 loss=0.076002 err=0.076002 *
I 2017-01-25 16:49:15 downhill.base:232 RMSProp 11 loss=0.075777 err=0.075777
I 2017-01-25 16:49:15 theanets.graph:626 /tmp/tmp5C49x1.tmp: saved model
I 2017-01-25 16:49:15 theanets.graph:643 /tmp/tmp5C49x1.tmp: loaded model
I 2017-01-25 16:49:40 downhill.base:232 validation 11 loss=0.075517 err=0.075517 *
I 2017-01-25 16:53:27 downhill.base:232 RMSProp 12 loss=0.075278 err=0.075278
I 2017-01-25 16:53:27 theanets.graph:626 /tmp/tmp187XLy.tmp: saved model
I 2017-01-25 16:53:27 theanets.graph:643 /tmp/tmp187XLy.tmp: loaded model
I 2017-01-25 16:53:52 downhill.base:232 validation 12 loss=0.074938 err=0.074938 *
I 2017-01-25 16:57:38 downhill.base:232 RMSProp 13 loss=0.074981 err=0.074981
I 2017-01-25 16:57:38 theanets.graph:626 /tmp/tmp_t99VB.tmp: saved model
I 2017-01-25 16:57:38 theanets.graph:643 /tmp/tmp_t99VB.tmp: loaded model
I 2017-01-25 16:58:02 downhill.base:232 validation 13 loss=0.074811 err=0.074811
I 2017-01-25 17:01:50 downhill.base:232 RMSProp 14 loss=0.074768 err=0.074768
I 2017-01-25 17:01:50 theanets.graph:626 /tmp/tmp8VxMbP.tmp: saved model
I 2017-01-25 17:01:50 theanets.graph:643 /tmp/tmp8VxMbP.tmp: loaded model
I 2017-01-25 17:02:14 downhill.base:232 validation 14 loss=0.074301 err=0.074301 *
I 2017-01-25 17:05:58 downhill.base:232 RMSProp 15 loss=0.074449 err=0.074449
I 2017-01-25 17:05:58 theanets.graph:626 /tmp/tmppQzf7S.tmp: saved model
I 2017-01-25 17:05:58 theanets.graph:643 /tmp/tmppQzf7S.tmp: loaded model
I 2017-01-25 17:06:22 downhill.base:232 validation 15 loss=0.074100 err=0.074100
I 2017-01-25 17:10:09 downhill.base:232 RMSProp 16 loss=0.074280 err=0.074280
I 2017-01-25 17:10:09 theanets.graph:626 /tmp/tmpcUUdMz.tmp: saved model
I 2017-01-25 17:10:09 theanets.graph:643 /tmp/tmpcUUdMz.tmp: loaded model
I 2017-01-25 17:10:34 downhill.base:232 validation 16 loss=0.074177 err=0.074177
I 2017-01-25 17:14:18 downhill.base:232 RMSProp 17 loss=0.073916 err=0.073916
I 2017-01-25 17:14:18 theanets.graph:626 /tmp/tmpspXvWy.tmp: saved model
I 2017-01-25 17:14:18 theanets.graph:643 /tmp/tmpspXvWy.tmp: loaded model
I 2017-01-25 17:14:42 downhill.base:232 validation 17 loss=0.073970 err=0.073970
I 2017-01-25 17:18:26 downhill.base:232 RMSProp 18 loss=0.073688 err=0.073688
I 2017-01-25 17:18:26 theanets.graph:626 /tmp/tmpUKSnPc.tmp: saved model
I 2017-01-25 17:18:26 theanets.graph:643 /tmp/tmpUKSnPc.tmp: loaded model
I 2017-01-25 17:18:26 theanets.graph:626 /tmp/tmp7BaVBs.tmp: saved model
I 2017-01-25 17:18:26 theanets.graph:643 /tmp/tmp7BaVBs.tmp: loaded model
Got result {'main': 0.07396982329604687}
Completed successfully in 5485.52 seconds. [{'main': 0.07396982329604687}]
