Job launching after 1.07 seconds in submission.
Running python job.
Changed into dir /home/garth/FYP/taz/experiments/gcstate
Importing o.py
Running o.main()
gcstate
gcstate
gcstate
gcstate
I 2017-01-24 06:13:46 theanets.layers.base:371 layer Input "in": 1 inputs
I 2017-01-24 06:13:46 theanets.layers.base:207 layer LSTM "hid1": (in:out)1 -> 5, sigmoid, 155 parameters
I 2017-01-24 06:13:46 theanets.layers.base:207 layer LSTM "hid2": (hid1:out)5 -> 5, sigmoid, 235 parameters
I 2017-01-24 06:13:46 theanets.layers.base:207 layer Feedforward "out": (hid2:out)5 -> 1, linear, 6 parameters
I 2017-01-24 06:13:46 theanets.graph:94 network has 396 total parameters
stateit 0
it 3
I 2017-01-24 06:13:46 downhill.dataset:118 valid: 97 mini-batches from callable
I 2017-01-24 06:13:46 downhill.dataset:118 train: 290 mini-batches from callable
I 2017-01-24 06:13:46 theanets.graph:447 building computation graph
I 2017-01-24 06:13:46 theanets.losses:67 using loss: 1.0 * MeanSquaredError (output out:out)
I 2017-01-24 06:13:46 theanets.regularizers:711 regularizer: 0.384273380041 * GaussianNoise(('in:out',))
I 2017-01-24 06:13:55 downhill.base:389 -- patience = 5
I 2017-01-24 06:13:55 downhill.base:390 -- validate_every = 1
I 2017-01-24 06:13:55 downhill.base:391 -- max_updates = None
I 2017-01-24 06:13:55 downhill.base:392 -- min_improvement = 0.005
I 2017-01-24 06:13:55 downhill.base:393 -- max_gradient_norm = 0
I 2017-01-24 06:13:55 downhill.base:394 -- max_gradient_elem = 0
I 2017-01-24 06:13:55 downhill.base:395 -- learning_rate = 0.0001
I 2017-01-24 06:13:55 downhill.base:396 -- momentum = 0
I 2017-01-24 06:13:55 downhill.base:397 -- nesterov = True
I 2017-01-24 06:13:55 downhill.adaptive:220 -- rms_halflife = 14
I 2017-01-24 06:13:55 downhill.adaptive:221 -- rms_regularizer = 1e-08
I 2017-01-24 06:13:55 downhill.base:118 compiling evaluation function
I 2017-01-24 06:14:15 downhill.base:124 compiling RMSProp function
I 2017-01-24 06:18:06 downhill.base:232 validation 0 loss=1.103622 err=1.103622 *
I 2017-01-24 06:40:28 downhill.base:232 RMSProp 1 loss=0.587817 err=0.587817
I 2017-01-24 06:40:28 theanets.graph:626 /tmp/tmpPSOEKy.tmp: saved model
I 2017-01-24 06:40:28 theanets.graph:643 /tmp/tmpPSOEKy.tmp: loaded model
I 2017-01-24 06:41:48 downhill.base:232 validation 1 loss=0.260166 err=0.260166 *
I 2017-01-24 07:03:08 downhill.base:232 RMSProp 2 loss=0.252178 err=0.252178
I 2017-01-24 07:03:08 theanets.graph:626 /tmp/tmp7tR2GL.tmp: saved model
I 2017-01-24 07:03:08 theanets.graph:643 /tmp/tmp7tR2GL.tmp: loaded model
I 2017-01-24 07:04:59 downhill.base:232 validation 2 loss=0.246960 err=0.246960 *
I 2017-01-24 07:27:45 downhill.base:232 RMSProp 3 loss=0.227669 err=0.227669
I 2017-01-24 07:27:45 theanets.graph:626 /tmp/tmpptAYXL.tmp: saved model
I 2017-01-24 07:27:45 theanets.graph:643 /tmp/tmpptAYXL.tmp: loaded model
I 2017-01-24 07:27:45 theanets.graph:626 /tmp/tmpnySMIk.tmp: saved model
I 2017-01-24 07:27:45 theanets.graph:643 /tmp/tmpnySMIk.tmp: loaded model
Got result {'main': 0.2469598987750616}
Completed successfully in 4446.03 seconds. [{'main': 0.2469598987750616}]
