Job launching after 0.96 seconds in submission.
Running python job.
Changed into dir /home/garth/FYP/taz/experiments/gcstate
Importing o.py
Running o.main()
gcstate
gcstate
gcstate
gcstate
I 2017-01-25 04:51:08 theanets.layers.base:371 layer Input "in": 1 inputs
I 2017-01-25 04:51:08 theanets.layers.base:207 layer LSTM "hid1": (in:out)1 -> 20, sigmoid, 1820 parameters
I 2017-01-25 04:51:08 theanets.layers.base:207 layer Feedforward "out": (hid1:out)20 -> 1, linear, 21 parameters
I 2017-01-25 04:51:08 theanets.graph:94 network has 1841 total parameters
stateit 1
it 100000
I 2017-01-25 04:51:08 downhill.dataset:118 valid: 97 mini-batches from callable
I 2017-01-25 04:51:08 downhill.dataset:118 train: 290 mini-batches from callable
I 2017-01-25 04:51:08 theanets.graph:447 building computation graph
I 2017-01-25 04:51:08 theanets.losses:67 using loss: 1.0 * MeanSquaredError (output out:out)
I 2017-01-25 04:51:08 theanets.regularizers:711 regularizer: 0.384273380041 * GaussianNoise(('in:out',))
I 2017-01-25 04:51:15 downhill.base:389 -- patience = 5
I 2017-01-25 04:51:15 downhill.base:390 -- validate_every = 1
I 2017-01-25 04:51:15 downhill.base:391 -- max_updates = None
I 2017-01-25 04:51:15 downhill.base:392 -- min_improvement = 0.005
I 2017-01-25 04:51:15 downhill.base:393 -- max_gradient_norm = 0
I 2017-01-25 04:51:15 downhill.base:394 -- max_gradient_elem = 0
I 2017-01-25 04:51:15 downhill.base:395 -- learning_rate = 0.0001
I 2017-01-25 04:51:16 downhill.base:396 -- momentum = 0
I 2017-01-25 04:51:16 downhill.base:397 -- nesterov = True
I 2017-01-25 04:51:16 downhill.adaptive:220 -- rms_halflife = 14
I 2017-01-25 04:51:16 downhill.adaptive:221 -- rms_regularizer = 1e-08
I 2017-01-25 04:51:16 downhill.base:118 compiling evaluation function
I 2017-01-25 04:51:26 downhill.base:124 compiling RMSProp function
I 2017-01-25 04:56:34 downhill.base:232 validation 0 loss=3.393278 err=3.393278 *
I 2017-01-25 05:19:56 downhill.base:232 RMSProp 1 loss=0.950130 err=0.950130
I 2017-01-25 05:19:56 theanets.graph:626 /tmp/tmp1eUzhC.tmp: saved model
I 2017-01-25 05:19:57 theanets.graph:643 /tmp/tmp1eUzhC.tmp: loaded model
I 2017-01-25 05:23:15 downhill.base:232 validation 1 loss=0.227361 err=0.227361 *
I 2017-01-25 05:46:32 downhill.base:232 RMSProp 2 loss=0.177947 err=0.177947
I 2017-01-25 05:46:32 theanets.graph:626 /tmp/tmpeqZLIh.tmp: saved model
I 2017-01-25 05:46:32 theanets.graph:643 /tmp/tmpeqZLIh.tmp: loaded model
I 2017-01-25 05:49:55 downhill.base:232 validation 2 loss=0.111295 err=0.111295 *
I 2017-01-25 06:14:46 downhill.base:232 RMSProp 3 loss=0.093493 err=0.093493
I 2017-01-25 06:14:46 theanets.graph:626 /tmp/tmppcQnPt.tmp: saved model
I 2017-01-25 06:14:46 theanets.graph:643 /tmp/tmppcQnPt.tmp: loaded model
I 2017-01-25 06:18:11 downhill.base:232 validation 3 loss=0.089835 err=0.089835 *
I 2017-01-25 06:39:32 downhill.base:232 RMSProp 4 loss=0.089300 err=0.089300
I 2017-01-25 06:39:32 theanets.graph:626 /tmp/tmpOXmKjy.tmp: saved model
I 2017-01-25 06:39:32 theanets.graph:643 /tmp/tmpOXmKjy.tmp: loaded model
I 2017-01-25 06:42:18 downhill.base:232 validation 4 loss=0.088659 err=0.088659 *
I 2017-01-25 07:00:39 downhill.base:232 RMSProp 5 loss=0.088039 err=0.088039
I 2017-01-25 07:00:39 theanets.graph:626 /tmp/tmpJqfYdb.tmp: saved model
I 2017-01-25 07:00:39 theanets.graph:643 /tmp/tmpJqfYdb.tmp: loaded model
I 2017-01-25 07:03:25 downhill.base:232 validation 5 loss=0.087323 err=0.087323 *
I 2017-01-25 07:21:52 downhill.base:232 RMSProp 6 loss=0.086883 err=0.086883
I 2017-01-25 07:21:52 theanets.graph:626 /tmp/tmpY31_Oc.tmp: saved model
I 2017-01-25 07:21:52 theanets.graph:643 /tmp/tmpY31_Oc.tmp: loaded model
I 2017-01-25 07:24:41 downhill.base:232 validation 6 loss=0.086167 err=0.086167 *
I 2017-01-25 07:46:32 downhill.base:232 RMSProp 7 loss=0.085706 err=0.085706
I 2017-01-25 07:46:32 theanets.graph:626 /tmp/tmpOt6YHn.tmp: saved model
I 2017-01-25 07:46:32 theanets.graph:643 /tmp/tmpOt6YHn.tmp: loaded model
I 2017-01-25 07:49:56 downhill.base:232 validation 7 loss=0.084954 err=0.084954 *
I 2017-01-25 08:13:30 downhill.base:232 RMSProp 8 loss=0.084694 err=0.084694
I 2017-01-25 08:13:30 theanets.graph:626 /tmp/tmpwf7g9t.tmp: saved model
I 2017-01-25 08:13:30 theanets.graph:643 /tmp/tmpwf7g9t.tmp: loaded model
I 2017-01-25 08:17:04 downhill.base:232 validation 8 loss=0.083799 err=0.083799 *
I 2017-01-25 08:41:16 downhill.base:232 RMSProp 9 loss=0.083335 err=0.083335
I 2017-01-25 08:41:16 theanets.graph:626 /tmp/tmpKyZs3n.tmp: saved model
I 2017-01-25 08:41:16 theanets.graph:643 /tmp/tmpKyZs3n.tmp: loaded model
I 2017-01-25 08:44:38 downhill.base:232 validation 9 loss=0.082770 err=0.082770 *
