Job launching after 0.96 seconds in submission.
Running python job.
Changed into dir /home/garth/FYP/taz/experiments/gcstate
Importing o.py
Running o.main()
gcstate
gcstate
gcstate
gcstate
I 2017-01-26 15:03:06 theanets.layers.base:371 layer Input "in": 1 inputs
I 2017-01-26 15:03:06 theanets.layers.base:207 layer LSTM "hid1": (in:out)1 -> 20, sigmoid, 1820 parameters
I 2017-01-26 15:03:06 theanets.layers.base:207 layer LSTM "hid2": (hid1:out)20 -> 20, sigmoid, 3340 parameters
I 2017-01-26 15:03:06 theanets.layers.base:207 layer Feedforward "out": (hid2:out)20 -> 1, linear, 21 parameters
I 2017-01-26 15:03:06 theanets.graph:94 network has 5181 total parameters
stateit 2
it 100000
I 2017-01-26 15:03:06 downhill.dataset:118 valid: 97 mini-batches from callable
I 2017-01-26 15:03:06 downhill.dataset:118 train: 290 mini-batches from callable
I 2017-01-26 15:03:06 theanets.graph:447 building computation graph
I 2017-01-26 15:03:06 theanets.losses:67 using loss: 1.0 * MeanSquaredError (output out:out)
I 2017-01-26 15:03:06 theanets.regularizers:711 regularizer: 0.384273380041 * GaussianNoise(('in:out',))
I 2017-01-26 15:03:26 downhill.base:389 -- patience = 5
I 2017-01-26 15:03:26 downhill.base:390 -- validate_every = 1
I 2017-01-26 15:03:26 downhill.base:391 -- max_updates = None
I 2017-01-26 15:03:26 downhill.base:392 -- min_improvement = 0.005
I 2017-01-26 15:03:26 downhill.base:393 -- max_gradient_norm = 0
I 2017-01-26 15:03:26 downhill.base:394 -- max_gradient_elem = 0
I 2017-01-26 15:03:26 downhill.base:395 -- learning_rate = 0.0001
I 2017-01-26 15:03:26 downhill.base:396 -- momentum = 0
I 2017-01-26 15:03:26 downhill.base:397 -- nesterov = True
I 2017-01-26 15:03:26 downhill.adaptive:220 -- rms_halflife = 14
I 2017-01-26 15:03:26 downhill.adaptive:221 -- rms_regularizer = 1e-08
I 2017-01-26 15:03:26 downhill.base:118 compiling evaluation function
I 2017-01-26 15:03:45 downhill.base:124 compiling RMSProp function
I 2017-01-26 15:11:01 downhill.base:232 validation 0 loss=1.324912 err=1.324912 *
I 2017-01-26 15:59:34 downhill.base:232 RMSProp 1 loss=0.428029 err=0.428029
I 2017-01-26 15:59:34 theanets.graph:626 /tmp/tmpvjfsp9.tmp: saved model
I 2017-01-26 15:59:34 theanets.graph:643 /tmp/tmpvjfsp9.tmp: loaded model
I 2017-01-26 16:06:05 downhill.base:232 validation 1 loss=0.254400 err=0.254400 *
I 2017-01-26 16:52:30 downhill.base:232 RMSProp 2 loss=0.240884 err=0.240884
I 2017-01-26 16:52:30 theanets.graph:626 /tmp/tmpkS5oXG.tmp: saved model
I 2017-01-26 16:52:30 theanets.graph:643 /tmp/tmpkS5oXG.tmp: loaded model
I 2017-01-26 16:59:02 downhill.base:232 validation 2 loss=0.207788 err=0.207788 *
I 2017-01-26 17:49:44 downhill.base:232 RMSProp 3 loss=0.129320 err=0.129320
I 2017-01-26 17:49:44 theanets.graph:626 /tmp/tmpScmyKX.tmp: saved model
I 2017-01-26 17:49:44 theanets.graph:643 /tmp/tmpScmyKX.tmp: loaded model
I 2017-01-26 17:55:27 downhill.base:232 validation 3 loss=0.086338 err=0.086338 *
I 2017-01-26 18:41:32 downhill.base:232 RMSProp 4 loss=0.083762 err=0.083762
I 2017-01-26 18:41:32 theanets.graph:626 /tmp/tmp142ZUO.tmp: saved model
I 2017-01-26 18:41:32 theanets.graph:643 /tmp/tmp142ZUO.tmp: loaded model
