Job launching after 0.86 seconds in submission.
Running python job.
Changed into dir /home/garth/FYP/taz/experiments/gcstate
Importing o.py
Running o.main()
gcstate
gcstate
gcstate
gcstate
I 2017-01-26 22:30:39 theanets.layers.base:371 layer Input "in": 1 inputs
I 2017-01-26 22:30:39 theanets.layers.base:207 layer LSTM "hid1": (in:out)1 -> 20, sigmoid, 1820 parameters
I 2017-01-26 22:30:39 theanets.layers.base:207 layer Feedforward "out": (hid1:out)20 -> 1, linear, 21 parameters
I 2017-01-26 22:30:39 theanets.graph:94 network has 1841 total parameters
stateit 1
it 2
I 2017-01-26 22:30:39 downhill.dataset:118 valid: 97 mini-batches from callable
I 2017-01-26 22:30:39 downhill.dataset:118 train: 290 mini-batches from callable
I 2017-01-26 22:30:39 theanets.graph:447 building computation graph
I 2017-01-26 22:30:39 theanets.losses:67 using loss: 1.0 * MeanSquaredError (output out:out)
I 2017-01-26 22:30:39 theanets.regularizers:711 regularizer: 0.384273380041 * GaussianNoise(('in:out',))
I 2017-01-26 22:30:59 downhill.base:389 -- patience = 5
I 2017-01-26 22:30:59 downhill.base:390 -- validate_every = 1
I 2017-01-26 22:30:59 downhill.base:391 -- max_updates = None
I 2017-01-26 22:30:59 downhill.base:392 -- min_improvement = 0.005
I 2017-01-26 22:30:59 downhill.base:393 -- max_gradient_norm = 0
I 2017-01-26 22:30:59 downhill.base:394 -- max_gradient_elem = 0
I 2017-01-26 22:30:59 downhill.base:395 -- learning_rate = 0.0001
I 2017-01-26 22:30:59 downhill.base:396 -- momentum = 0
I 2017-01-26 22:30:59 downhill.base:397 -- nesterov = True
I 2017-01-26 22:30:59 downhill.adaptive:220 -- rms_halflife = 14
I 2017-01-26 22:30:59 downhill.adaptive:221 -- rms_regularizer = 1e-08
I 2017-01-26 22:30:59 downhill.base:118 compiling evaluation function
I 2017-01-26 22:31:10 downhill.base:124 compiling RMSProp function
I 2017-01-26 22:35:05 downhill.base:232 validation 0 loss=3.392593 err=3.392593 *
I 2017-01-26 22:53:03 downhill.base:232 RMSProp 1 loss=0.952039 err=0.952039
I 2017-01-26 22:53:04 theanets.graph:626 /tmp/tmpmCdZVc.tmp: saved model
I 2017-01-26 22:53:04 theanets.graph:643 /tmp/tmpmCdZVc.tmp: loaded model
I 2017-01-26 22:55:54 downhill.base:232 validation 1 loss=0.227394 err=0.227394 *
I 2017-01-26 23:15:22 downhill.base:232 RMSProp 2 loss=0.179714 err=0.179714
I 2017-01-26 23:15:22 theanets.graph:626 /tmp/tmpn1UvaR.tmp: saved model
I 2017-01-26 23:15:22 theanets.graph:643 /tmp/tmpn1UvaR.tmp: loaded model
I 2017-01-26 23:15:22 theanets.graph:626 /tmp/tmpdhuD7u.tmp: saved model
I 2017-01-26 23:15:22 theanets.graph:643 /tmp/tmpdhuD7u.tmp: loaded model
Got result {'main': 0.22739359417435764}
Completed successfully in 2696.24 seconds. [{'main': 0.22739359417435764}]
