Job launching after 0.82 seconds in submission.
Running python job.
Changed into dir /home/garth/FYP/taz/experiments/gcstate
Importing o.py
Running o.main()
gcstate
gcstate
gcstate
gcstate
I 2017-01-25 17:19:21 theanets.layers.base:371 layer Input "in": 1 inputs
I 2017-01-25 17:19:21 theanets.layers.base:207 layer LSTM "hid1": (in:out)1 -> 20, sigmoid, 1820 parameters
I 2017-01-25 17:19:21 theanets.layers.base:207 layer Feedforward "out": (hid1:out)20 -> 1, linear, 21 parameters
I 2017-01-25 17:19:21 theanets.graph:94 network has 1841 total parameters
stateit 1
it 2
I 2017-01-25 17:19:21 downhill.dataset:118 valid: 97 mini-batches from callable
I 2017-01-25 17:19:21 downhill.dataset:118 train: 290 mini-batches from callable
I 2017-01-25 17:19:21 theanets.graph:447 building computation graph
I 2017-01-25 17:19:21 theanets.losses:67 using loss: 1.0 * MeanSquaredError (output out:out)
I 2017-01-25 17:19:21 theanets.regularizers:711 regularizer: 0.384273380041 * GaussianNoise(('in:out',))
I 2017-01-25 17:19:27 downhill.base:389 -- patience = 5
I 2017-01-25 17:19:27 downhill.base:390 -- validate_every = 1
I 2017-01-25 17:19:27 downhill.base:391 -- max_updates = None
I 2017-01-25 17:19:27 downhill.base:392 -- min_improvement = 0.005
I 2017-01-25 17:19:27 downhill.base:393 -- max_gradient_norm = 0
I 2017-01-25 17:19:27 downhill.base:394 -- max_gradient_elem = 0
I 2017-01-25 17:19:27 downhill.base:395 -- learning_rate = 0.0001
I 2017-01-25 17:19:27 downhill.base:396 -- momentum = 0
I 2017-01-25 17:19:27 downhill.base:397 -- nesterov = True
I 2017-01-25 17:19:27 downhill.adaptive:220 -- rms_halflife = 14
I 2017-01-25 17:19:27 downhill.adaptive:221 -- rms_regularizer = 1e-08
I 2017-01-25 17:19:27 downhill.base:118 compiling evaluation function
I 2017-01-25 17:19:34 downhill.base:124 compiling RMSProp function
I 2017-01-25 17:23:31 downhill.base:232 validation 0 loss=3.392230 err=3.392230 *
I 2017-01-25 17:42:19 downhill.base:232 RMSProp 1 loss=0.946819 err=0.946819
I 2017-01-25 17:42:19 theanets.graph:626 /tmp/tmpndWPO8.tmp: saved model
I 2017-01-25 17:42:19 theanets.graph:643 /tmp/tmpndWPO8.tmp: loaded model
I 2017-01-25 17:45:06 downhill.base:232 validation 1 loss=0.227122 err=0.227122 *
I 2017-01-25 18:03:54 downhill.base:232 RMSProp 2 loss=0.178161 err=0.178161
I 2017-01-25 18:03:54 theanets.graph:626 /tmp/tmp1csbZp.tmp: saved model
I 2017-01-25 18:03:54 theanets.graph:643 /tmp/tmp1csbZp.tmp: loaded model
I 2017-01-25 18:03:54 theanets.graph:626 /tmp/tmpcz7WE4.tmp: saved model
I 2017-01-25 18:03:54 theanets.graph:643 /tmp/tmpcz7WE4.tmp: loaded model
Got result {'main': 0.22712220527850963}
Completed successfully in 2677.16 seconds. [{'main': 0.22712220527850963}]
