Job launching after 1.00 seconds in submission.
Running python job.
Changed into dir /home/garth/FYP/product-taz/components/org.taz.core/src/main/python/autoencoder/experiments/gcsequence
Importing o.py
Running o.main()
I 2017-02-06 10:34:06 theanets.layers.base:371 layer Input "in": 1 inputs
I 2017-02-06 10:34:06 theanets.layers.base:207 layer LSTM "hid1": (in:out)1 -> 1, sigmoid, 15 parameters
I 2017-02-06 10:34:06 theanets.layers.base:207 layer Feedforward "out": (hid1:out)1 -> 1, linear, 2 parameters
I 2017-02-06 10:34:06 theanets.graph:94 network has 17 total parameters
stateit 0
it 1
I 2017-02-06 10:34:06 downhill.dataset:118 valid: 95 mini-batches from callable
I 2017-02-06 10:34:06 downhill.dataset:118 train: 283 mini-batches from callable
I 2017-02-06 10:34:06 theanets.graph:447 building computation graph
I 2017-02-06 10:34:06 theanets.losses:67 using loss: 1.0 * MeanSquaredError (output out:out)
I 2017-02-06 10:34:06 theanets.regularizers:711 regularizer: 0.812527924776 * GaussianNoise(('in:out',))
I 2017-02-06 10:34:16 downhill.base:389 -- patience = 5
I 2017-02-06 10:34:16 downhill.base:390 -- validate_every = 1
I 2017-02-06 10:34:16 downhill.base:391 -- max_updates = None
I 2017-02-06 10:34:16 downhill.base:392 -- min_improvement = 0.005
I 2017-02-06 10:34:16 downhill.base:393 -- max_gradient_norm = 0
I 2017-02-06 10:34:16 downhill.base:394 -- max_gradient_elem = 0
I 2017-02-06 10:34:16 downhill.base:395 -- learning_rate = 0.0001
I 2017-02-06 10:34:16 downhill.base:396 -- momentum = 0
I 2017-02-06 10:34:16 downhill.base:397 -- nesterov = True
I 2017-02-06 10:34:16 downhill.adaptive:220 -- rms_halflife = 14
I 2017-02-06 10:34:16 downhill.adaptive:221 -- rms_regularizer = 1e-08
I 2017-02-06 10:34:16 downhill.base:118 compiling evaluation function
I 2017-02-06 10:34:25 downhill.base:124 compiling RMSProp function
I 2017-02-06 10:36:55 downhill.base:232 validation 0 loss=4.105510 err=4.105510 *
I 2017-02-06 10:49:39 downhill.base:232 RMSProp 1 loss=3.278356 err=3.278356
I 2017-02-06 10:49:39 theanets.graph:626 /tmp/tmpcSdjTt.tmp: saved model
I 2017-02-06 10:49:39 theanets.graph:643 /tmp/tmpcSdjTt.tmp: loaded model
I 2017-02-06 10:49:39 theanets.graph:626 /tmp/tmpI7BFXY.tmp: saved model
I 2017-02-06 10:49:39 theanets.graph:643 /tmp/tmpI7BFXY.tmp: loaded model
Got result {'main': 4.1055104545474785}
Completed successfully in 945.57 seconds. [{'main': 4.1055104545474785}]
