Job launching after 0.56 seconds in submission.
Running python job.
Changed into dir /home/garth/FYP/product-taz/components/org.taz.core/src/main/python/autoencoder/experiments/gcsequence
Importing o.py
Running o.main()
I 2017-02-06 10:49:49 theanets.layers.base:371 layer Input "in": 1 inputs
I 2017-02-06 10:49:49 theanets.layers.base:207 layer LSTM "hid1": (in:out)1 -> 5, sigmoid, 155 parameters
I 2017-02-06 10:49:49 theanets.layers.base:207 layer LSTM "hid2": (hid1:out)5 -> 5, sigmoid, 235 parameters
I 2017-02-06 10:49:49 theanets.layers.base:207 layer Feedforward "out": (hid2:out)5 -> 1, linear, 6 parameters
I 2017-02-06 10:49:49 theanets.graph:94 network has 396 total parameters
stateit 0
it 3
I 2017-02-06 10:49:49 downhill.dataset:118 valid: 95 mini-batches from callable
I 2017-02-06 10:49:49 downhill.dataset:118 train: 283 mini-batches from callable
I 2017-02-06 10:49:49 theanets.graph:447 building computation graph
I 2017-02-06 10:49:49 theanets.losses:67 using loss: 1.0 * MeanSquaredError (output out:out)
I 2017-02-06 10:49:49 theanets.regularizers:711 regularizer: 0.812527924776 * GaussianNoise(('in:out',))
I 2017-02-06 10:49:52 downhill.base:389 -- patience = 5
I 2017-02-06 10:49:52 downhill.base:390 -- validate_every = 1
I 2017-02-06 10:49:52 downhill.base:391 -- max_updates = None
I 2017-02-06 10:49:52 downhill.base:392 -- min_improvement = 0.005
I 2017-02-06 10:49:52 downhill.base:393 -- max_gradient_norm = 0
I 2017-02-06 10:49:52 downhill.base:394 -- max_gradient_elem = 0
I 2017-02-06 10:49:52 downhill.base:395 -- learning_rate = 0.0001
I 2017-02-06 10:49:52 downhill.base:396 -- momentum = 0
I 2017-02-06 10:49:52 downhill.base:397 -- nesterov = True
I 2017-02-06 10:49:52 downhill.adaptive:220 -- rms_halflife = 14
I 2017-02-06 10:49:52 downhill.adaptive:221 -- rms_regularizer = 1e-08
I 2017-02-06 10:49:52 downhill.base:118 compiling evaluation function
I 2017-02-06 10:50:04 downhill.base:124 compiling RMSProp function
I 2017-02-06 10:54:32 downhill.base:232 validation 0 loss=3.113117 err=3.113117 *
I 2017-02-06 11:29:08 downhill.base:232 RMSProp 1 loss=2.124886 err=2.124886
I 2017-02-06 11:29:08 theanets.graph:626 /tmp/tmp7ThWvo.tmp: saved model
I 2017-02-06 11:29:08 theanets.graph:643 /tmp/tmp7ThWvo.tmp: loaded model
I 2017-02-06 11:31:45 downhill.base:232 validation 1 loss=1.233160 err=1.233160 *
I 2017-02-06 12:06:59 downhill.base:232 RMSProp 2 loss=1.131011 err=1.131011
I 2017-02-06 12:06:59 theanets.graph:626 /tmp/tmprotZGa.tmp: saved model
I 2017-02-06 12:07:00 theanets.graph:643 /tmp/tmprotZGa.tmp: loaded model
I 2017-02-06 12:09:37 downhill.base:232 validation 2 loss=1.043740 err=1.043740 *
I 2017-02-06 12:44:23 downhill.base:232 RMSProp 3 loss=0.779865 err=0.779865
I 2017-02-06 12:44:23 theanets.graph:626 /tmp/tmpem2W3g.tmp: saved model
I 2017-02-06 12:44:23 theanets.graph:643 /tmp/tmpem2W3g.tmp: loaded model
I 2017-02-06 12:44:23 theanets.graph:626 /tmp/tmppL_YD5.tmp: saved model
I 2017-02-06 12:44:23 theanets.graph:643 /tmp/tmppL_YD5.tmp: loaded model
Got result {'main': 1.0437401074401345}
Completed successfully in 6879.16 seconds. [{'main': 1.0437401074401345}]
