Job launching after 0.08 seconds in submission.
Running python job.
Changed into dir /home/taz/fyp/product-taz/components/org.taz.core/src/main/python/autoencoder/experiments/App1_gctime
Importing o.py
Running o.main()
I 2017-02-10 20:57:20 theanets.layers.base:371 layer Input "in": 1 inputs
I 2017-02-10 20:57:20 theanets.layers.base:207 layer LSTM "hid1": (in:out)1 -> 20, sigmoid, 1820 parameters
I 2017-02-10 20:57:20 theanets.layers.base:207 layer LSTM "hid2": (hid1:out)20 -> 20, sigmoid, 3340 parameters
I 2017-02-10 20:57:20 theanets.layers.base:207 layer Feedforward "out": (hid2:out)20 -> 1, linear, 21 parameters
I 2017-02-10 20:57:20 theanets.graph:94 network has 5181 total parameters
stateit 1
it 5
I 2017-02-10 20:57:20 downhill.dataset:118 valid: 95 mini-batches from callable
I 2017-02-10 20:57:20 downhill.dataset:118 train: 283 mini-batches from callable
I 2017-02-10 20:57:20 theanets.graph:447 building computation graph
I 2017-02-10 20:57:20 theanets.losses:67 using loss: 1.0 * MeanSquaredError (output out:out)
I 2017-02-10 20:57:20 theanets.regularizers:711 regularizer: 14.3235368729 * GaussianNoise(('in:out',))
I 2017-02-10 20:57:21 downhill.base:389 -- patience = 5
I 2017-02-10 20:57:21 downhill.base:390 -- validate_every = 1
I 2017-02-10 20:57:21 downhill.base:391 -- max_updates = None
I 2017-02-10 20:57:21 downhill.base:392 -- min_improvement = 0.005
I 2017-02-10 20:57:21 downhill.base:393 -- max_gradient_norm = 0
I 2017-02-10 20:57:21 downhill.base:394 -- max_gradient_elem = 0
I 2017-02-10 20:57:21 downhill.base:395 -- learning_rate = 0.0001
I 2017-02-10 20:57:21 downhill.base:396 -- momentum = 0
I 2017-02-10 20:57:21 downhill.base:397 -- nesterov = True
I 2017-02-10 20:57:21 downhill.adaptive:220 -- rms_halflife = 14
I 2017-02-10 20:57:21 downhill.adaptive:221 -- rms_regularizer = 1e-08
I 2017-02-10 20:57:21 downhill.base:118 compiling evaluation function
I 2017-02-10 20:57:22 downhill.base:124 compiling RMSProp function
I 2017-02-10 20:58:21 downhill.base:232 validation 0 loss=1105.278575 err=1105.278575 *
I 2017-02-10 21:04:16 downhill.base:232 RMSProp 1 loss=947.794517 err=947.794517
I 2017-02-10 21:04:16 theanets.graph:626 /tmp/tmpnlBpTc.tmp: saved model
I 2017-02-10 21:04:16 theanets.graph:643 /tmp/tmpnlBpTc.tmp: loaded model
I 2017-02-10 21:04:55 downhill.base:232 validation 1 loss=704.407765 err=704.407765 *
I 2017-02-10 21:10:45 downhill.base:232 RMSProp 2 loss=550.448127 err=550.448127
I 2017-02-10 21:10:45 theanets.graph:626 /tmp/tmpv4zggv.tmp: saved model
I 2017-02-10 21:10:45 theanets.graph:643 /tmp/tmpv4zggv.tmp: loaded model
I 2017-02-10 21:11:24 downhill.base:232 validation 2 loss=428.965448 err=428.965448 *
I 2017-02-10 21:17:15 downhill.base:232 RMSProp 3 loss=371.458084 err=371.458084
I 2017-02-10 21:17:15 theanets.graph:626 /tmp/tmpZD8mws.tmp: saved model
I 2017-02-10 21:17:15 theanets.graph:643 /tmp/tmpZD8mws.tmp: loaded model
I 2017-02-10 21:17:54 downhill.base:232 validation 3 loss=328.140208 err=328.140208 *
I 2017-02-10 21:23:45 downhill.base:232 RMSProp 4 loss=313.925610 err=313.925610
I 2017-02-10 21:23:45 theanets.graph:626 /tmp/tmpBAimWE.tmp: saved model
I 2017-02-10 21:23:45 theanets.graph:643 /tmp/tmpBAimWE.tmp: loaded model
I 2017-02-10 21:24:25 downhill.base:232 validation 4 loss=301.637600 err=301.637600 *
I 2017-02-10 21:30:12 downhill.base:232 RMSProp 5 loss=298.089741 err=298.089741
I 2017-02-10 21:30:12 theanets.graph:626 /tmp/tmp4ldkZ3.tmp: saved model
I 2017-02-10 21:30:12 theanets.graph:643 /tmp/tmp4ldkZ3.tmp: loaded model
I 2017-02-10 21:30:12 theanets.graph:626 /tmp/tmplRoIXy.tmp: saved model
I 2017-02-10 21:30:12 theanets.graph:643 /tmp/tmplRoIXy.tmp: loaded model
Got result {'main': 301.637600424203}
Completed successfully in 1972.45 seconds. [{'main': 301.637600424203}]
