Job launching after 0.11 seconds in submission.
Running python job.
Changed into dir /home/taz/fyp/product-taz/components/org.taz.core/src/main/python/autoencoder/experiments/App1_gctime
Importing o.py
Running o.main()
I 2017-02-10 22:11:38 theanets.layers.base:371 layer Input "in": 1 inputs
I 2017-02-10 22:11:38 theanets.layers.base:207 layer LSTM "hid1": (in:out)1 -> 20, sigmoid, 1820 parameters
I 2017-02-10 22:11:38 theanets.layers.base:207 layer Feedforward "out": (hid1:out)20 -> 1, linear, 21 parameters
I 2017-02-10 22:11:38 theanets.graph:94 network has 1841 total parameters
stateit 1
it 2
I 2017-02-10 22:11:38 downhill.dataset:118 valid: 95 mini-batches from callable
I 2017-02-10 22:11:38 downhill.dataset:118 train: 283 mini-batches from callable
I 2017-02-10 22:11:38 theanets.graph:447 building computation graph
I 2017-02-10 22:11:38 theanets.losses:67 using loss: 1.0 * MeanSquaredError (output out:out)
I 2017-02-10 22:11:38 theanets.regularizers:711 regularizer: 14.3235368729 * GaussianNoise(('in:out',))
I 2017-02-10 22:11:38 downhill.base:389 -- patience = 5
I 2017-02-10 22:11:38 downhill.base:390 -- validate_every = 1
I 2017-02-10 22:11:38 downhill.base:391 -- max_updates = None
I 2017-02-10 22:11:38 downhill.base:392 -- min_improvement = 0.005
I 2017-02-10 22:11:38 downhill.base:393 -- max_gradient_norm = 0
I 2017-02-10 22:11:38 downhill.base:394 -- max_gradient_elem = 0
I 2017-02-10 22:11:38 downhill.base:395 -- learning_rate = 0.0001
I 2017-02-10 22:11:38 downhill.base:396 -- momentum = 0
I 2017-02-10 22:11:38 downhill.base:397 -- nesterov = True
I 2017-02-10 22:11:38 downhill.adaptive:220 -- rms_halflife = 14
I 2017-02-10 22:11:38 downhill.adaptive:221 -- rms_regularizer = 1e-08
I 2017-02-10 22:11:38 downhill.base:118 compiling evaluation function
I 2017-02-10 22:11:39 downhill.base:124 compiling RMSProp function
I 2017-02-10 22:12:09 downhill.base:232 validation 0 loss=1158.873673 err=1158.873673 *
I 2017-02-10 22:15:09 downhill.base:232 RMSProp 1 loss=1009.567636 err=1009.567636
I 2017-02-10 22:15:09 theanets.graph:626 /tmp/tmp1ckiUX.tmp: saved model
I 2017-02-10 22:15:09 theanets.graph:643 /tmp/tmp1ckiUX.tmp: loaded model
I 2017-02-10 22:15:28 downhill.base:232 validation 1 loss=766.605056 err=766.605056 *
I 2017-02-10 22:18:29 downhill.base:232 RMSProp 2 loss=580.025048 err=580.025048
I 2017-02-10 22:18:29 theanets.graph:626 /tmp/tmpTiDfTa.tmp: saved model
I 2017-02-10 22:18:29 theanets.graph:643 /tmp/tmpTiDfTa.tmp: loaded model
I 2017-02-10 22:18:29 theanets.graph:626 /tmp/tmp4qZoeM.tmp: saved model
I 2017-02-10 22:18:29 theanets.graph:643 /tmp/tmp4qZoeM.tmp: loaded model
Got result {'main': 766.6050564472743}
Completed successfully in 412.44 seconds. [{'main': 766.6050564472743}]
