Job launching after 4.50 seconds in submission.
Running python job.
Changed into dir /home/taz/fyp/product-taz/components/org.taz.core/src/main/python/autoencoder/experiments/App1_gctime
Importing o.py
Running o.main()
I 2017-02-11 06:58:55 theanets.layers.base:371 layer Input "in": 1 inputs
I 2017-02-11 06:58:55 theanets.layers.base:207 layer LSTM "hid1": (in:out)1 -> 20, sigmoid, 1820 parameters
I 2017-02-11 06:58:55 theanets.layers.base:207 layer Feedforward "out": (hid1:out)20 -> 1, linear, 21 parameters
I 2017-02-11 06:58:55 theanets.graph:94 network has 1841 total parameters
stateit 1
it 2
I 2017-02-11 06:58:55 downhill.dataset:118 valid: 95 mini-batches from callable
I 2017-02-11 06:58:55 downhill.dataset:118 train: 283 mini-batches from callable
I 2017-02-11 06:58:55 theanets.graph:447 building computation graph
I 2017-02-11 06:58:55 theanets.losses:67 using loss: 1.0 * MeanSquaredError (output out:out)
I 2017-02-11 06:58:55 theanets.regularizers:711 regularizer: 14.3235368729 * GaussianNoise(('in:out',))
I 2017-02-11 06:59:02 downhill.base:389 -- patience = 5
I 2017-02-11 06:59:02 downhill.base:390 -- validate_every = 1
I 2017-02-11 06:59:02 downhill.base:391 -- max_updates = None
I 2017-02-11 06:59:02 downhill.base:392 -- min_improvement = 0.005
I 2017-02-11 06:59:02 downhill.base:393 -- max_gradient_norm = 0
I 2017-02-11 06:59:02 downhill.base:394 -- max_gradient_elem = 0
I 2017-02-11 06:59:02 downhill.base:395 -- learning_rate = 0.0001
I 2017-02-11 06:59:02 downhill.base:396 -- momentum = 0
I 2017-02-11 06:59:02 downhill.base:397 -- nesterov = True
I 2017-02-11 06:59:02 downhill.adaptive:220 -- rms_halflife = 14
I 2017-02-11 06:59:02 downhill.adaptive:221 -- rms_regularizer = 1e-08
I 2017-02-11 06:59:02 downhill.base:118 compiling evaluation function
I 2017-02-11 06:59:06 downhill.base:124 compiling RMSProp function
I 2017-02-11 07:00:24 downhill.base:232 validation 0 loss=1152.436481 err=1152.436481 *
I 2017-02-11 07:07:12 downhill.base:232 RMSProp 1 loss=1009.079353 err=1009.079353
I 2017-02-11 07:07:14 theanets.graph:626 /tmp/tmpewYQs6.tmp: saved model
I 2017-02-11 07:07:14 theanets.graph:643 /tmp/tmpewYQs6.tmp: loaded model
I 2017-02-11 07:08:14 downhill.base:232 validation 1 loss=752.180497 err=752.180497 *
I 2017-02-11 07:14:59 downhill.base:232 RMSProp 2 loss=578.665902 err=578.665902
I 2017-02-11 07:14:59 theanets.graph:626 /tmp/tmpN1gKOa.tmp: saved model
I 2017-02-11 07:15:00 theanets.graph:643 /tmp/tmpN1gKOa.tmp: loaded model
I 2017-02-11 07:15:00 theanets.graph:626 /tmp/tmpQPr7Gp.tmp: saved model
I 2017-02-11 07:15:00 theanets.graph:643 /tmp/tmpQPr7Gp.tmp: loaded model
Got result {'main': 752.180496633384}
Completed successfully in 976.15 seconds. [{'main': 752.180496633384}]
