Job launching after 0.45 seconds in submission.
Running python job.
Changed into dir /home/taz/fyp/product-taz/components/org.taz.core/src/main/python/autoencoder/experiments/App1_gctime
Importing o.py
Running o.main()
I 2017-02-10 09:18:23 theanets.layers.base:371 layer Input "in": 1 inputs
I 2017-02-10 09:18:23 theanets.layers.base:207 layer LSTM "hid1": (in:out)1 -> 20, sigmoid, 1820 parameters
I 2017-02-10 09:18:23 theanets.layers.base:207 layer Feedforward "out": (hid1:out)20 -> 1, linear, 21 parameters
I 2017-02-10 09:18:23 theanets.graph:94 network has 1841 total parameters
stateit 0
it 20
I 2017-02-10 09:18:23 downhill.dataset:118 valid: 95 mini-batches from callable
I 2017-02-10 09:18:23 downhill.dataset:118 train: 283 mini-batches from callable
I 2017-02-10 09:18:23 theanets.graph:447 building computation graph
I 2017-02-10 09:18:23 theanets.losses:67 using loss: 1.0 * MeanSquaredError (output out:out)
I 2017-02-10 09:18:23 theanets.regularizers:711 regularizer: 14.3235368729 * GaussianNoise(('in:out',))
I 2017-02-10 09:18:24 downhill.base:389 -- patience = 5
I 2017-02-10 09:18:24 downhill.base:390 -- validate_every = 1
I 2017-02-10 09:18:24 downhill.base:391 -- max_updates = None
I 2017-02-10 09:18:24 downhill.base:392 -- min_improvement = 0.005
I 2017-02-10 09:18:24 downhill.base:393 -- max_gradient_norm = 0
I 2017-02-10 09:18:24 downhill.base:394 -- max_gradient_elem = 0
I 2017-02-10 09:18:24 downhill.base:395 -- learning_rate = 0.0001
I 2017-02-10 09:18:24 downhill.base:396 -- momentum = 0
I 2017-02-10 09:18:24 downhill.base:397 -- nesterov = True
I 2017-02-10 09:18:24 downhill.adaptive:220 -- rms_halflife = 14
I 2017-02-10 09:18:24 downhill.adaptive:221 -- rms_regularizer = 1e-08
I 2017-02-10 09:18:24 downhill.base:118 compiling evaluation function
I 2017-02-10 09:18:26 downhill.base:124 compiling RMSProp function
I 2017-02-10 09:19:09 downhill.base:232 validation 0 loss=1166.268237 err=1166.268237 *
I 2017-02-10 09:24:10 downhill.base:232 RMSProp 1 loss=1008.010027 err=1008.010027
I 2017-02-10 09:24:10 theanets.graph:626 /tmp/tmpxhnoRr.tmp: saved model
I 2017-02-10 09:24:10 theanets.graph:643 /tmp/tmpxhnoRr.tmp: loaded model
I 2017-02-10 09:24:40 downhill.base:232 validation 1 loss=762.988337 err=762.988337 *
I 2017-02-10 09:29:51 downhill.base:232 RMSProp 2 loss=572.162214 err=572.162214
I 2017-02-10 09:29:51 theanets.graph:626 /tmp/tmpy3dYuY.tmp: saved model
I 2017-02-10 09:29:51 theanets.graph:643 /tmp/tmpy3dYuY.tmp: loaded model
I 2017-02-10 09:30:20 downhill.base:232 validation 2 loss=434.434950 err=434.434950 *
I 2017-02-10 09:35:17 downhill.base:232 RMSProp 3 loss=349.965766 err=349.965766
I 2017-02-10 09:35:17 theanets.graph:626 /tmp/tmpqH360x.tmp: saved model
I 2017-02-10 09:35:17 theanets.graph:643 /tmp/tmpqH360x.tmp: loaded model
I 2017-02-10 09:35:47 downhill.base:232 validation 3 loss=284.925227 err=284.925227 *
I 2017-02-10 09:40:55 downhill.base:232 RMSProp 4 loss=246.442759 err=246.442759
I 2017-02-10 09:40:56 theanets.graph:626 /tmp/tmpeLm6mQ.tmp: saved model
I 2017-02-10 09:40:56 theanets.graph:643 /tmp/tmpeLm6mQ.tmp: loaded model
I 2017-02-10 09:41:24 downhill.base:232 validation 4 loss=219.601704 err=219.601704 *
I 2017-02-10 09:46:24 downhill.base:232 RMSProp 5 loss=201.041480 err=201.041480
I 2017-02-10 09:46:24 theanets.graph:626 /tmp/tmpij7RJQ.tmp: saved model
I 2017-02-10 09:46:24 theanets.graph:643 /tmp/tmpij7RJQ.tmp: loaded model
I 2017-02-10 09:46:52 downhill.base:232 validation 5 loss=189.059269 err=189.059269 *
I 2017-02-10 09:51:55 downhill.base:232 RMSProp 6 loss=179.353259 err=179.353259
I 2017-02-10 09:51:55 theanets.graph:626 /tmp/tmp0Oh5of.tmp: saved model
I 2017-02-10 09:51:55 theanets.graph:643 /tmp/tmp0Oh5of.tmp: loaded model
I 2017-02-10 09:52:23 downhill.base:232 validation 6 loss=173.688441 err=173.688441 *
I 2017-02-10 09:57:22 downhill.base:232 RMSProp 7 loss=167.537648 err=167.537648
I 2017-02-10 09:57:22 theanets.graph:626 /tmp/tmp3fLvq9.tmp: saved model
I 2017-02-10 09:57:22 theanets.graph:643 /tmp/tmp3fLvq9.tmp: loaded model
I 2017-02-10 09:57:49 downhill.base:232 validation 7 loss=164.596287 err=164.596287 *
I 2017-02-10 10:02:53 downhill.base:232 RMSProp 8 loss=159.509892 err=159.509892
I 2017-02-10 10:02:53 theanets.graph:626 /tmp/tmpUUFfWx.tmp: saved model
I 2017-02-10 10:02:54 theanets.graph:643 /tmp/tmpUUFfWx.tmp: loaded model
I 2017-02-10 10:03:21 downhill.base:232 validation 8 loss=157.685892 err=157.685892 *
I 2017-02-10 10:08:21 downhill.base:232 RMSProp 9 loss=153.816261 err=153.816261
I 2017-02-10 10:08:21 theanets.graph:626 /tmp/tmpQzvzyA.tmp: saved model
I 2017-02-10 10:08:21 theanets.graph:643 /tmp/tmpQzvzyA.tmp: loaded model
I 2017-02-10 10:08:51 downhill.base:232 validation 9 loss=152.516277 err=152.516277 *
I 2017-02-10 10:13:55 downhill.base:232 RMSProp 10 loss=149.332001 err=149.332001
I 2017-02-10 10:13:55 theanets.graph:626 /tmp/tmpweAdf7.tmp: saved model
I 2017-02-10 10:13:55 theanets.graph:643 /tmp/tmpweAdf7.tmp: loaded model
I 2017-02-10 10:14:23 downhill.base:232 validation 10 loss=148.541178 err=148.541178 *
I 2017-02-10 10:19:20 downhill.base:232 RMSProp 11 loss=145.646339 err=145.646339
I 2017-02-10 10:19:21 theanets.graph:626 /tmp/tmp62ejvu.tmp: saved model
I 2017-02-10 10:19:21 theanets.graph:643 /tmp/tmp62ejvu.tmp: loaded model
I 2017-02-10 10:19:50 downhill.base:232 validation 11 loss=145.139282 err=145.139282 *
I 2017-02-10 10:24:48 downhill.base:232 RMSProp 12 loss=142.484680 err=142.484680
I 2017-02-10 10:24:48 theanets.graph:626 /tmp/tmp8PFgI3.tmp: saved model
I 2017-02-10 10:24:48 theanets.graph:643 /tmp/tmp8PFgI3.tmp: loaded model
I 2017-02-10 10:25:15 downhill.base:232 validation 12 loss=142.290384 err=142.290384 *
I 2017-02-10 10:30:18 downhill.base:232 RMSProp 13 loss=139.845318 err=139.845318
I 2017-02-10 10:30:18 theanets.graph:626 /tmp/tmpeWaK88.tmp: saved model
I 2017-02-10 10:30:18 theanets.graph:643 /tmp/tmpeWaK88.tmp: loaded model
I 2017-02-10 10:30:46 downhill.base:232 validation 13 loss=139.636366 err=139.636366 *
I 2017-02-10 10:35:46 downhill.base:232 RMSProp 14 loss=137.497717 err=137.497717
I 2017-02-10 10:35:47 theanets.graph:626 /tmp/tmpm0Sxbu.tmp: saved model
I 2017-02-10 10:35:47 theanets.graph:643 /tmp/tmpm0Sxbu.tmp: loaded model
I 2017-02-10 10:36:14 downhill.base:232 validation 14 loss=137.251844 err=137.251844 *
I 2017-02-10 10:41:13 downhill.base:232 RMSProp 15 loss=135.124376 err=135.124376
I 2017-02-10 10:41:13 theanets.graph:626 /tmp/tmpAXDmWH.tmp: saved model
I 2017-02-10 10:41:13 theanets.graph:643 /tmp/tmpAXDmWH.tmp: loaded model
I 2017-02-10 10:41:42 downhill.base:232 validation 15 loss=135.054110 err=135.054110 *
I 2017-02-10 10:46:41 downhill.base:232 RMSProp 16 loss=133.119958 err=133.119958
I 2017-02-10 10:46:41 theanets.graph:626 /tmp/tmpKEMuKx.tmp: saved model
I 2017-02-10 10:46:41 theanets.graph:643 /tmp/tmpKEMuKx.tmp: loaded model
I 2017-02-10 10:47:09 downhill.base:232 validation 16 loss=133.063926 err=133.063926 *
I 2017-02-10 10:52:09 downhill.base:232 RMSProp 17 loss=131.340703 err=131.340703
I 2017-02-10 10:52:09 theanets.graph:626 /tmp/tmpHlFVlZ.tmp: saved model
I 2017-02-10 10:52:09 theanets.graph:643 /tmp/tmpHlFVlZ.tmp: loaded model
I 2017-02-10 10:52:38 downhill.base:232 validation 17 loss=131.417616 err=131.417616 *
I 2017-02-10 10:57:34 downhill.base:232 RMSProp 18 loss=129.690773 err=129.690773
I 2017-02-10 10:57:34 theanets.graph:626 /tmp/tmpQTkmK4.tmp: saved model
I 2017-02-10 10:57:34 theanets.graph:643 /tmp/tmpQTkmK4.tmp: loaded model
I 2017-02-10 10:58:00 downhill.base:232 validation 18 loss=129.812348 err=129.812348 *
I 2017-02-10 11:03:03 downhill.base:232 RMSProp 19 loss=128.228489 err=128.228489
I 2017-02-10 11:03:03 theanets.graph:626 /tmp/tmp6jSEGB.tmp: saved model
I 2017-02-10 11:03:03 theanets.graph:643 /tmp/tmp6jSEGB.tmp: loaded model
I 2017-02-10 11:03:32 downhill.base:232 validation 19 loss=128.038302 err=128.038302 *
I 2017-02-10 11:08:30 downhill.base:232 RMSProp 20 loss=126.849068 err=126.849068
I 2017-02-10 11:08:30 theanets.graph:626 /tmp/tmpJLzygr.tmp: saved model
I 2017-02-10 11:08:30 theanets.graph:643 /tmp/tmpJLzygr.tmp: loaded model
I 2017-02-10 11:08:30 theanets.graph:626 /tmp/tmpyB4njB.tmp: saved model
I 2017-02-10 11:08:30 theanets.graph:643 /tmp/tmpyB4njB.tmp: loaded model
Got result {'main': 128.03830209913357}
Completed successfully in 6608.55 seconds. [{'main': 128.03830209913357}]
