Job launching after 0.47 seconds in submission.
Running python job.
Changed into dir /home/taz/fyp/product-taz/components/org.taz.core/src/main/python/autoencoder/experiments/App1_gctime
Importing o.py
Running o.main()
I 2017-02-10 08:58:51 theanets.layers.base:371 layer Input "in": 1 inputs
I 2017-02-10 08:58:51 theanets.layers.base:207 layer LSTM "hid1": (in:out)1 -> 1, sigmoid, 15 parameters
I 2017-02-10 08:58:51 theanets.layers.base:207 layer Feedforward "out": (hid1:out)1 -> 1, linear, 2 parameters
I 2017-02-10 08:58:51 theanets.graph:94 network has 17 total parameters
stateit 0
it 1
I 2017-02-10 08:58:51 downhill.dataset:118 valid: 95 mini-batches from callable
I 2017-02-10 08:58:51 downhill.dataset:118 train: 283 mini-batches from callable
I 2017-02-10 08:58:51 theanets.graph:447 building computation graph
I 2017-02-10 08:58:51 theanets.losses:67 using loss: 1.0 * MeanSquaredError (output out:out)
I 2017-02-10 08:58:51 theanets.regularizers:711 regularizer: 14.3235368729 * GaussianNoise(('in:out',))
I 2017-02-10 08:58:56 downhill.base:389 -- patience = 5
I 2017-02-10 08:58:56 downhill.base:390 -- validate_every = 1
I 2017-02-10 08:58:56 downhill.base:391 -- max_updates = None
I 2017-02-10 08:58:56 downhill.base:392 -- min_improvement = 0.005
I 2017-02-10 08:58:56 downhill.base:393 -- max_gradient_norm = 0
I 2017-02-10 08:58:56 downhill.base:394 -- max_gradient_elem = 0
I 2017-02-10 08:58:56 downhill.base:395 -- learning_rate = 0.0001
I 2017-02-10 08:58:56 downhill.base:396 -- momentum = 0
I 2017-02-10 08:58:56 downhill.base:397 -- nesterov = True
I 2017-02-10 08:58:56 downhill.adaptive:220 -- rms_halflife = 14
I 2017-02-10 08:58:56 downhill.adaptive:221 -- rms_regularizer = 1e-08
I 2017-02-10 08:58:56 downhill.base:118 compiling evaluation function
I 2017-02-10 08:58:57 downhill.base:124 compiling RMSProp function
I 2017-02-10 08:59:12 downhill.base:232 validation 0 loss=1115.756784 err=1115.756784 *
